ARM GAS  C:\Users\Dylan\AppData\Local\Temp\ccIlb3QS.s 			page 1


   1              		.syntax unified
   2              		.cpu cortex-m0
   3              		.fpu softvfp
   4              		.eabi_attribute 20, 1
   5              		.eabi_attribute 21, 1
   6              		.eabi_attribute 23, 3
   7              		.eabi_attribute 24, 1
   8              		.eabi_attribute 25, 1
   9              		.eabi_attribute 26, 1
  10              		.eabi_attribute 30, 1
  11              		.eabi_attribute 34, 0
  12              		.eabi_attribute 18, 4
  13              		.thumb
  14              		.syntax unified
  15              		.file	"cyfitter_cfg.c"
  16              		.text
  17              	.Ltext0:
  18              		.cfi_sections	.debug_frame
  19              		.section	.text.CYMEMZERO,"ax",%progbits
  20              		.align	2
  21              		.code	16
  22              		.thumb_func
  23              		.type	CYMEMZERO, %function
  24              	CYMEMZERO:
  25              	.LFB1:
  26              		.file 1 "Generated_Source\\PSoC4\\cyfitter_cfg.c"
   1:Generated_Source\PSoC4/cyfitter_cfg.c **** 
   2:Generated_Source\PSoC4/cyfitter_cfg.c **** /*******************************************************************************
   3:Generated_Source\PSoC4/cyfitter_cfg.c **** * File Name: cyfitter_cfg.c
   4:Generated_Source\PSoC4/cyfitter_cfg.c **** * 
   5:Generated_Source\PSoC4/cyfitter_cfg.c **** * PSoC Creator  4.2
   6:Generated_Source\PSoC4/cyfitter_cfg.c **** *
   7:Generated_Source\PSoC4/cyfitter_cfg.c **** * Description:
   8:Generated_Source\PSoC4/cyfitter_cfg.c **** * This file contains device initialization code.
   9:Generated_Source\PSoC4/cyfitter_cfg.c **** * Except for the user defined sections in CyClockStartupError(), this file should not be modified.
  10:Generated_Source\PSoC4/cyfitter_cfg.c **** * This file is automatically generated by PSoC Creator.
  11:Generated_Source\PSoC4/cyfitter_cfg.c **** *
  12:Generated_Source\PSoC4/cyfitter_cfg.c **** ********************************************************************************
  13:Generated_Source\PSoC4/cyfitter_cfg.c **** * Copyright (c) 2007-2018 Cypress Semiconductor.  All rights reserved.
  14:Generated_Source\PSoC4/cyfitter_cfg.c **** * You may use this file only in accordance with the license, terms, conditions, 
  15:Generated_Source\PSoC4/cyfitter_cfg.c **** * disclaimers, and limitations in the end user license agreement accompanying 
  16:Generated_Source\PSoC4/cyfitter_cfg.c **** * the software package with which this file was provided.
  17:Generated_Source\PSoC4/cyfitter_cfg.c **** ********************************************************************************/
  18:Generated_Source\PSoC4/cyfitter_cfg.c **** 
  19:Generated_Source\PSoC4/cyfitter_cfg.c **** #include <string.h>
  20:Generated_Source\PSoC4/cyfitter_cfg.c **** #include "cytypes.h"
  21:Generated_Source\PSoC4/cyfitter_cfg.c **** #include "cydevice_trm.h"
  22:Generated_Source\PSoC4/cyfitter_cfg.c **** #include "cyfitter.h"
  23:Generated_Source\PSoC4/cyfitter_cfg.c **** #include "CyLib.h"
  24:Generated_Source\PSoC4/cyfitter_cfg.c **** #include "CyLFClk.h"
  25:Generated_Source\PSoC4/cyfitter_cfg.c **** #include "cyfitter_cfg.h"
  26:Generated_Source\PSoC4/cyfitter_cfg.c **** #include "cyapicallbacks.h"
  27:Generated_Source\PSoC4/cyfitter_cfg.c **** 
  28:Generated_Source\PSoC4/cyfitter_cfg.c **** 
  29:Generated_Source\PSoC4/cyfitter_cfg.c **** #if defined(__GNUC__) || defined(__ARMCC_VERSION)
  30:Generated_Source\PSoC4/cyfitter_cfg.c ****     #define CYPACKED 
  31:Generated_Source\PSoC4/cyfitter_cfg.c ****     #define CYPACKED_ATTR __attribute__ ((packed))
ARM GAS  C:\Users\Dylan\AppData\Local\Temp\ccIlb3QS.s 			page 2


  32:Generated_Source\PSoC4/cyfitter_cfg.c ****     #define CYALIGNED __attribute__ ((aligned))
  33:Generated_Source\PSoC4/cyfitter_cfg.c ****     #define CY_CFG_UNUSED __attribute__ ((unused))
  34:Generated_Source\PSoC4/cyfitter_cfg.c ****     #ifndef CY_CFG_SECTION
  35:Generated_Source\PSoC4/cyfitter_cfg.c ****         #define CY_CFG_SECTION __attribute__ ((section(".psocinit")))
  36:Generated_Source\PSoC4/cyfitter_cfg.c ****     #endif
  37:Generated_Source\PSoC4/cyfitter_cfg.c ****     
  38:Generated_Source\PSoC4/cyfitter_cfg.c ****     #if defined(__ARMCC_VERSION)
  39:Generated_Source\PSoC4/cyfitter_cfg.c ****         #define CY_CFG_MEMORY_BARRIER() __memory_changed()
  40:Generated_Source\PSoC4/cyfitter_cfg.c ****     #else
  41:Generated_Source\PSoC4/cyfitter_cfg.c ****         #define CY_CFG_MEMORY_BARRIER() __sync_synchronize()
  42:Generated_Source\PSoC4/cyfitter_cfg.c ****     #endif
  43:Generated_Source\PSoC4/cyfitter_cfg.c ****     
  44:Generated_Source\PSoC4/cyfitter_cfg.c **** #elif defined(__ICCARM__)
  45:Generated_Source\PSoC4/cyfitter_cfg.c ****     #include <intrinsics.h>
  46:Generated_Source\PSoC4/cyfitter_cfg.c **** 
  47:Generated_Source\PSoC4/cyfitter_cfg.c ****     #define CYPACKED __packed
  48:Generated_Source\PSoC4/cyfitter_cfg.c ****     #define CYPACKED_ATTR 
  49:Generated_Source\PSoC4/cyfitter_cfg.c ****     #define CYALIGNED _Pragma("data_alignment=4")
  50:Generated_Source\PSoC4/cyfitter_cfg.c ****     #define CY_CFG_UNUSED _Pragma("diag_suppress=Pe177")
  51:Generated_Source\PSoC4/cyfitter_cfg.c ****     #define CY_CFG_SECTION _Pragma("location=\".psocinit\"")
  52:Generated_Source\PSoC4/cyfitter_cfg.c ****     
  53:Generated_Source\PSoC4/cyfitter_cfg.c ****     #define CY_CFG_MEMORY_BARRIER() __DMB()
  54:Generated_Source\PSoC4/cyfitter_cfg.c ****     
  55:Generated_Source\PSoC4/cyfitter_cfg.c **** #else
  56:Generated_Source\PSoC4/cyfitter_cfg.c ****     #error Unsupported toolchain
  57:Generated_Source\PSoC4/cyfitter_cfg.c **** #endif
  58:Generated_Source\PSoC4/cyfitter_cfg.c **** 
  59:Generated_Source\PSoC4/cyfitter_cfg.c **** #ifndef CYCODE
  60:Generated_Source\PSoC4/cyfitter_cfg.c ****     #define CYCODE
  61:Generated_Source\PSoC4/cyfitter_cfg.c **** #endif
  62:Generated_Source\PSoC4/cyfitter_cfg.c **** #ifndef CYDATA
  63:Generated_Source\PSoC4/cyfitter_cfg.c ****     #define CYDATA
  64:Generated_Source\PSoC4/cyfitter_cfg.c **** #endif
  65:Generated_Source\PSoC4/cyfitter_cfg.c **** #ifndef CYFAR
  66:Generated_Source\PSoC4/cyfitter_cfg.c ****     #define CYFAR
  67:Generated_Source\PSoC4/cyfitter_cfg.c **** #endif
  68:Generated_Source\PSoC4/cyfitter_cfg.c **** #ifndef CYXDATA
  69:Generated_Source\PSoC4/cyfitter_cfg.c ****     #define CYXDATA
  70:Generated_Source\PSoC4/cyfitter_cfg.c **** #endif
  71:Generated_Source\PSoC4/cyfitter_cfg.c **** 
  72:Generated_Source\PSoC4/cyfitter_cfg.c **** 
  73:Generated_Source\PSoC4/cyfitter_cfg.c **** CY_CFG_UNUSED
  74:Generated_Source\PSoC4/cyfitter_cfg.c **** static void CYMEMZERO(void *s, size_t n);
  75:Generated_Source\PSoC4/cyfitter_cfg.c **** CY_CFG_UNUSED
  76:Generated_Source\PSoC4/cyfitter_cfg.c **** static void CYMEMZERO(void *s, size_t n)
  77:Generated_Source\PSoC4/cyfitter_cfg.c **** {
  27              		.loc 1 77 0
  28              		.cfi_startproc
  29              		@ args = 0, pretend = 0, frame = 0
  30              		@ frame_needed = 0, uses_anonymous_args = 0
  31              	.LVL0:
  32 0000 10B5     		push	{r4, lr}
  33              		.cfi_def_cfa_offset 8
  34              		.cfi_offset 4, -8
  35              		.cfi_offset 14, -4
  36 0002 0A00     		movs	r2, r1
  78:Generated_Source\PSoC4/cyfitter_cfg.c **** 	(void)memset(s, 0, n);
ARM GAS  C:\Users\Dylan\AppData\Local\Temp\ccIlb3QS.s 			page 3


  37              		.loc 1 78 0
  38 0004 0021     		movs	r1, #0
  39              	.LVL1:
  40 0006 FFF7FEFF 		bl	memset
  41              	.LVL2:
  79:Generated_Source\PSoC4/cyfitter_cfg.c **** }
  42              		.loc 1 79 0
  43              		@ sp needed
  44 000a 10BD     		pop	{r4, pc}
  45              		.cfi_endproc
  46              	.LFE1:
  47              		.size	CYMEMZERO, .-CYMEMZERO
  48              		.section	.psocinit,"ax",%progbits
  49              		.align	2
  50              		.code	16
  51              		.thumb_func
  52              		.type	ClockSetup, %function
  53              	ClockSetup:
  54              	.LFB4:
  80:Generated_Source\PSoC4/cyfitter_cfg.c **** CY_CFG_UNUSED
  81:Generated_Source\PSoC4/cyfitter_cfg.c **** static void CYCONFIGCPY(void *dest, const void *src, size_t n);
  82:Generated_Source\PSoC4/cyfitter_cfg.c **** CY_CFG_UNUSED
  83:Generated_Source\PSoC4/cyfitter_cfg.c **** static void CYCONFIGCPY(void *dest, const void *src, size_t n)
  84:Generated_Source\PSoC4/cyfitter_cfg.c **** {
  85:Generated_Source\PSoC4/cyfitter_cfg.c **** 	(void)memcpy(dest, src, n);
  86:Generated_Source\PSoC4/cyfitter_cfg.c **** }
  87:Generated_Source\PSoC4/cyfitter_cfg.c **** CY_CFG_UNUSED
  88:Generated_Source\PSoC4/cyfitter_cfg.c **** static void CYCONFIGCPYCODE(void *dest, const void *src, size_t n);
  89:Generated_Source\PSoC4/cyfitter_cfg.c **** CY_CFG_UNUSED
  90:Generated_Source\PSoC4/cyfitter_cfg.c **** static void CYCONFIGCPYCODE(void *dest, const void *src, size_t n)
  91:Generated_Source\PSoC4/cyfitter_cfg.c **** {
  92:Generated_Source\PSoC4/cyfitter_cfg.c **** 	(void)memcpy(dest, src, n);
  93:Generated_Source\PSoC4/cyfitter_cfg.c **** }
  94:Generated_Source\PSoC4/cyfitter_cfg.c **** 
  95:Generated_Source\PSoC4/cyfitter_cfg.c **** 
  96:Generated_Source\PSoC4/cyfitter_cfg.c **** 
  97:Generated_Source\PSoC4/cyfitter_cfg.c **** 
  98:Generated_Source\PSoC4/cyfitter_cfg.c **** /* Clock startup error codes                                                   */
  99:Generated_Source\PSoC4/cyfitter_cfg.c **** #define CYCLOCKSTART_NO_ERROR    0u
 100:Generated_Source\PSoC4/cyfitter_cfg.c **** #define CYCLOCKSTART_XTAL_ERROR  1u
 101:Generated_Source\PSoC4/cyfitter_cfg.c **** #define CYCLOCKSTART_32KHZ_ERROR 2u
 102:Generated_Source\PSoC4/cyfitter_cfg.c **** #define CYCLOCKSTART_PLL_ERROR   3u
 103:Generated_Source\PSoC4/cyfitter_cfg.c **** #define CYCLOCKSTART_FLL_ERROR   4u
 104:Generated_Source\PSoC4/cyfitter_cfg.c **** #define CYCLOCKSTART_WCO_ERROR   5u
 105:Generated_Source\PSoC4/cyfitter_cfg.c **** 
 106:Generated_Source\PSoC4/cyfitter_cfg.c **** 
 107:Generated_Source\PSoC4/cyfitter_cfg.c **** #ifdef CY_NEED_CYCLOCKSTARTUPERROR
 108:Generated_Source\PSoC4/cyfitter_cfg.c **** /*******************************************************************************
 109:Generated_Source\PSoC4/cyfitter_cfg.c **** * Function Name: CyClockStartupError
 110:Generated_Source\PSoC4/cyfitter_cfg.c **** ********************************************************************************
 111:Generated_Source\PSoC4/cyfitter_cfg.c **** * Summary:
 112:Generated_Source\PSoC4/cyfitter_cfg.c **** *  If an error is encountered during clock configuration (crystal startup error,
 113:Generated_Source\PSoC4/cyfitter_cfg.c **** *  PLL lock error, etc.), the system will end up here.  Unless reimplemented by
 114:Generated_Source\PSoC4/cyfitter_cfg.c **** *  the customer, this function will stop in an infinite loop.
 115:Generated_Source\PSoC4/cyfitter_cfg.c **** *
 116:Generated_Source\PSoC4/cyfitter_cfg.c **** * Parameters:
 117:Generated_Source\PSoC4/cyfitter_cfg.c **** *   void
ARM GAS  C:\Users\Dylan\AppData\Local\Temp\ccIlb3QS.s 			page 4


 118:Generated_Source\PSoC4/cyfitter_cfg.c **** *
 119:Generated_Source\PSoC4/cyfitter_cfg.c **** * Return:
 120:Generated_Source\PSoC4/cyfitter_cfg.c **** *   void
 121:Generated_Source\PSoC4/cyfitter_cfg.c **** *
 122:Generated_Source\PSoC4/cyfitter_cfg.c **** *******************************************************************************/
 123:Generated_Source\PSoC4/cyfitter_cfg.c **** CY_CFG_UNUSED
 124:Generated_Source\PSoC4/cyfitter_cfg.c **** static void CyClockStartupError(uint8 errorCode);
 125:Generated_Source\PSoC4/cyfitter_cfg.c **** CY_CFG_UNUSED
 126:Generated_Source\PSoC4/cyfitter_cfg.c **** static void CyClockStartupError(uint8 errorCode)
 127:Generated_Source\PSoC4/cyfitter_cfg.c **** {
 128:Generated_Source\PSoC4/cyfitter_cfg.c ****     /* To remove the compiler warning if errorCode not used.                */
 129:Generated_Source\PSoC4/cyfitter_cfg.c ****     errorCode = errorCode;
 130:Generated_Source\PSoC4/cyfitter_cfg.c **** 
 131:Generated_Source\PSoC4/cyfitter_cfg.c ****     /* If we have a clock startup error (bad MHz crystal, PLL lock, etc.),  */
 132:Generated_Source\PSoC4/cyfitter_cfg.c ****     /* we will end up here to allow the customer to implement something to  */
 133:Generated_Source\PSoC4/cyfitter_cfg.c ****     /* deal with the clock condition.                                       */
 134:Generated_Source\PSoC4/cyfitter_cfg.c **** 
 135:Generated_Source\PSoC4/cyfitter_cfg.c **** #ifdef CY_CFG_CLOCK_STARTUP_ERROR_CALLBACK
 136:Generated_Source\PSoC4/cyfitter_cfg.c ****     CY_CFG_Clock_Startup_ErrorCallback();
 137:Generated_Source\PSoC4/cyfitter_cfg.c **** #else
 138:Generated_Source\PSoC4/cyfitter_cfg.c ****     /*  If not using CY_CFG_CLOCK_STARTUP_ERROR_CALLBACK, place your clock startup code here. */
 139:Generated_Source\PSoC4/cyfitter_cfg.c ****     /* `#START CyClockStartupError` */
 140:Generated_Source\PSoC4/cyfitter_cfg.c **** 
 141:Generated_Source\PSoC4/cyfitter_cfg.c **** 
 142:Generated_Source\PSoC4/cyfitter_cfg.c **** 
 143:Generated_Source\PSoC4/cyfitter_cfg.c ****     /* `#END` */
 144:Generated_Source\PSoC4/cyfitter_cfg.c **** 
 145:Generated_Source\PSoC4/cyfitter_cfg.c ****     while(1) {}
 146:Generated_Source\PSoC4/cyfitter_cfg.c **** #endif /* CY_CFG_CLOCK_STARTUP_ERROR_CALLBACK */
 147:Generated_Source\PSoC4/cyfitter_cfg.c **** }
 148:Generated_Source\PSoC4/cyfitter_cfg.c **** #endif
 149:Generated_Source\PSoC4/cyfitter_cfg.c **** 
 150:Generated_Source\PSoC4/cyfitter_cfg.c **** 
 151:Generated_Source\PSoC4/cyfitter_cfg.c **** 
 152:Generated_Source\PSoC4/cyfitter_cfg.c **** /*******************************************************************************
 153:Generated_Source\PSoC4/cyfitter_cfg.c **** * Function Name: ClockSetup
 154:Generated_Source\PSoC4/cyfitter_cfg.c **** ********************************************************************************
 155:Generated_Source\PSoC4/cyfitter_cfg.c **** *
 156:Generated_Source\PSoC4/cyfitter_cfg.c **** * Summary:
 157:Generated_Source\PSoC4/cyfitter_cfg.c **** *   Performs the initialization of all of the clocks in the device based on the
 158:Generated_Source\PSoC4/cyfitter_cfg.c **** *   settings in the Clock tab of the DWR.  This includes enabling the requested
 159:Generated_Source\PSoC4/cyfitter_cfg.c **** *   clocks and setting the necessary dividers to produce the desired frequency. 
 160:Generated_Source\PSoC4/cyfitter_cfg.c **** *
 161:Generated_Source\PSoC4/cyfitter_cfg.c **** * Parameters:
 162:Generated_Source\PSoC4/cyfitter_cfg.c **** *   void
 163:Generated_Source\PSoC4/cyfitter_cfg.c **** *
 164:Generated_Source\PSoC4/cyfitter_cfg.c **** * Return:
 165:Generated_Source\PSoC4/cyfitter_cfg.c **** *   void
 166:Generated_Source\PSoC4/cyfitter_cfg.c **** *
 167:Generated_Source\PSoC4/cyfitter_cfg.c **** *******************************************************************************/
 168:Generated_Source\PSoC4/cyfitter_cfg.c **** static void ClockSetup(void);
 169:Generated_Source\PSoC4/cyfitter_cfg.c **** CY_CFG_SECTION
 170:Generated_Source\PSoC4/cyfitter_cfg.c **** static void ClockSetup(void)
 171:Generated_Source\PSoC4/cyfitter_cfg.c **** {
  55              		.loc 1 171 0
  56              		.cfi_startproc
  57              		@ args = 0, pretend = 0, frame = 0
ARM GAS  C:\Users\Dylan\AppData\Local\Temp\ccIlb3QS.s 			page 5


  58              		@ frame_needed = 0, uses_anonymous_args = 0
  59 0000 10B5     		push	{r4, lr}
  60              		.cfi_def_cfa_offset 8
  61              		.cfi_offset 4, -8
  62              		.cfi_offset 14, -4
 172:Generated_Source\PSoC4/cyfitter_cfg.c **** 
 173:Generated_Source\PSoC4/cyfitter_cfg.c **** 	/* Set Flash Cycles based on max possible frequency in case a glitch occurs during ClockSetup(). *
 174:Generated_Source\PSoC4/cyfitter_cfg.c **** 	CY_SET_REG32((void CYXDATA *)(CYREG_CPUSS_FLASH_CTL), (0x0012u));
  63              		.loc 1 174 0
  64 0002 1222     		movs	r2, #18
  65 0004 124B     		ldr	r3, .L3
  66 0006 1A60     		str	r2, [r3]
 175:Generated_Source\PSoC4/cyfitter_cfg.c **** 	/* Setup and trim IMO based on desired frequency. */
 176:Generated_Source\PSoC4/cyfitter_cfg.c **** 	CySysClkWriteImoFreq(48u);
  67              		.loc 1 176 0
  68 0008 3020     		movs	r0, #48
  69 000a FFF7FEFF 		bl	CySysClkWriteImoFreq
  70              	.LVL3:
 177:Generated_Source\PSoC4/cyfitter_cfg.c **** 	/* CYDEV_CLK_ILO_CONFIG Starting address: CYDEV_CLK_ILO_CONFIG */
 178:Generated_Source\PSoC4/cyfitter_cfg.c **** 	CY_SET_REG32((void *)(CYREG_CLK_ILO_CONFIG), 0x80000006u);
  71              		.loc 1 178 0
  72 000e 114A     		ldr	r2, .L3+4
  73 0010 114B     		ldr	r3, .L3+8
  74 0012 1A60     		str	r2, [r3]
 179:Generated_Source\PSoC4/cyfitter_cfg.c **** 
 180:Generated_Source\PSoC4/cyfitter_cfg.c **** 
 181:Generated_Source\PSoC4/cyfitter_cfg.c **** 	/* Setup phase aligned clocks */
 182:Generated_Source\PSoC4/cyfitter_cfg.c **** 	CY_SET_REG32((void *)CYREG_PERI_DIV_16_CTL0, 0x00001D00u);
  75              		.loc 1 182 0
  76 0014 E822     		movs	r2, #232
  77 0016 5201     		lsls	r2, r2, #5
  78 0018 104B     		ldr	r3, .L3+12
  79 001a 1A60     		str	r2, [r3]
 183:Generated_Source\PSoC4/cyfitter_cfg.c **** 	CY_SET_REG32((void *)CYREG_PERI_DIV_CMD, 0x8000FF40u);
  80              		.loc 1 183 0
  81 001c 104A     		ldr	r2, .L3+16
  82 001e 114B     		ldr	r3, .L3+20
  83 0020 1A60     		str	r2, [r3]
 184:Generated_Source\PSoC4/cyfitter_cfg.c **** 
 185:Generated_Source\PSoC4/cyfitter_cfg.c **** 	/* CYDEV_CLK_IMO_CONFIG Starting address: CYDEV_CLK_IMO_CONFIG */
 186:Generated_Source\PSoC4/cyfitter_cfg.c **** 	CY_SET_REG32((void *)(CYREG_CLK_IMO_CONFIG), 0x82000000u);
  84              		.loc 1 186 0
  85 0022 8222     		movs	r2, #130
  86 0024 1206     		lsls	r2, r2, #24
  87 0026 104B     		ldr	r3, .L3+24
  88 0028 1A60     		str	r2, [r3]
 187:Generated_Source\PSoC4/cyfitter_cfg.c **** 
 188:Generated_Source\PSoC4/cyfitter_cfg.c **** 	/* CYDEV_CLK_SELECT Starting address: CYDEV_CLK_SELECT */
 189:Generated_Source\PSoC4/cyfitter_cfg.c **** 	CY_SET_REG32((void *)(CYREG_CLK_SELECT), 0x00040000u);
  89              		.loc 1 189 0
  90 002a 8022     		movs	r2, #128
  91 002c D202     		lsls	r2, r2, #11
  92 002e 0F4B     		ldr	r3, .L3+28
  93 0030 1A60     		str	r2, [r3]
 190:Generated_Source\PSoC4/cyfitter_cfg.c **** 
 191:Generated_Source\PSoC4/cyfitter_cfg.c **** 	/* CYDEV_PERI_PCLK_CTL10 Starting address: CYDEV_PERI_PCLK_CTL10 */
 192:Generated_Source\PSoC4/cyfitter_cfg.c **** 	CY_SET_REG32((void *)(CYREG_PERI_PCLK_CTL10), 0x00000040u);
ARM GAS  C:\Users\Dylan\AppData\Local\Temp\ccIlb3QS.s 			page 6


  94              		.loc 1 192 0
  95 0032 4022     		movs	r2, #64
  96 0034 0E4B     		ldr	r3, .L3+32
  97 0036 1A60     		str	r2, [r3]
 193:Generated_Source\PSoC4/cyfitter_cfg.c **** 
 194:Generated_Source\PSoC4/cyfitter_cfg.c **** 	(void)CyIntSetVector(8u, &CySysWdtIsr);
  98              		.loc 1 194 0
  99 0038 0E49     		ldr	r1, .L3+36
 100 003a 0820     		movs	r0, #8
 101 003c FFF7FEFF 		bl	CyIntSetVector
 102              	.LVL4:
 195:Generated_Source\PSoC4/cyfitter_cfg.c **** 	CyIntEnable(8u);
 103              		.loc 1 195 0
 104 0040 0820     		movs	r0, #8
 105 0042 FFF7FEFF 		bl	CyIntEnable
 106              	.LVL5:
 196:Generated_Source\PSoC4/cyfitter_cfg.c **** 	CY_SET_REG32((void *)(CYREG_WDT_CONFIG), 0x00000000u);
 107              		.loc 1 196 0
 108 0046 0022     		movs	r2, #0
 109 0048 0B4B     		ldr	r3, .L3+40
 110 004a 1A60     		str	r2, [r3]
 197:Generated_Source\PSoC4/cyfitter_cfg.c **** }
 111              		.loc 1 197 0
 112              		@ sp needed
 113 004c 10BD     		pop	{r4, pc}
 114              	.L4:
 115 004e C046     		.align	2
 116              	.L3:
 117 0050 30001040 		.word	1074790448
 118 0054 06000080 		.word	-2147483642
 119 0058 04010B40 		.word	1074462980
 120 005c 00030140 		.word	1073808128
 121 0060 40FF0080 		.word	-2147418304
 122 0064 00000140 		.word	1073807360
 123 0068 08010B40 		.word	1074462984
 124 006c 00010B40 		.word	1074462976
 125 0070 28010140 		.word	1073807656
 126 0074 00000000 		.word	CySysWdtIsr
 127 0078 0C020B40 		.word	1074463244
 128              		.cfi_endproc
 129              	.LFE4:
 130              		.size	ClockSetup, .-ClockSetup
 131              		.section	.text.SetAnalogRoutingPumps,"ax",%progbits
 132              		.align	2
 133              		.global	SetAnalogRoutingPumps
 134              		.code	16
 135              		.thumb_func
 136              		.type	SetAnalogRoutingPumps, %function
 137              	SetAnalogRoutingPumps:
 138              	.LFB6:
 198:Generated_Source\PSoC4/cyfitter_cfg.c **** 
 199:Generated_Source\PSoC4/cyfitter_cfg.c **** 
 200:Generated_Source\PSoC4/cyfitter_cfg.c **** /* Analog API Functions */
 201:Generated_Source\PSoC4/cyfitter_cfg.c **** 
 202:Generated_Source\PSoC4/cyfitter_cfg.c **** 
 203:Generated_Source\PSoC4/cyfitter_cfg.c **** /*******************************************************************************
 204:Generated_Source\PSoC4/cyfitter_cfg.c **** * Function Name: AnalogSetDefault
ARM GAS  C:\Users\Dylan\AppData\Local\Temp\ccIlb3QS.s 			page 7


 205:Generated_Source\PSoC4/cyfitter_cfg.c **** ********************************************************************************
 206:Generated_Source\PSoC4/cyfitter_cfg.c **** *
 207:Generated_Source\PSoC4/cyfitter_cfg.c **** * Summary:
 208:Generated_Source\PSoC4/cyfitter_cfg.c **** *  Sets up the analog portions of the chip to default values based on chip
 209:Generated_Source\PSoC4/cyfitter_cfg.c **** *  configuration options from the project.
 210:Generated_Source\PSoC4/cyfitter_cfg.c **** *
 211:Generated_Source\PSoC4/cyfitter_cfg.c **** * Parameters:
 212:Generated_Source\PSoC4/cyfitter_cfg.c **** *  void
 213:Generated_Source\PSoC4/cyfitter_cfg.c **** *
 214:Generated_Source\PSoC4/cyfitter_cfg.c **** * Return:
 215:Generated_Source\PSoC4/cyfitter_cfg.c **** *  void
 216:Generated_Source\PSoC4/cyfitter_cfg.c **** *
 217:Generated_Source\PSoC4/cyfitter_cfg.c **** *******************************************************************************/
 218:Generated_Source\PSoC4/cyfitter_cfg.c **** static void AnalogSetDefault(void);
 219:Generated_Source\PSoC4/cyfitter_cfg.c **** static void AnalogSetDefault(void)
 220:Generated_Source\PSoC4/cyfitter_cfg.c **** {
 221:Generated_Source\PSoC4/cyfitter_cfg.c **** 	CY_SET_XTND_REG32((void CYFAR *)CYREG_CTBM0_DFT_CTRL, 0x00000003u);
 222:Generated_Source\PSoC4/cyfitter_cfg.c **** 	CY_SET_XTND_REG32((void CYFAR *)CYREG_CTBM1_DFT_CTRL, 0x00000003u);
 223:Generated_Source\PSoC4/cyfitter_cfg.c **** 	CY_SET_XTND_REG32((void CYFAR *)CYREG_SAR_CTRL, 0x80000000u);
 224:Generated_Source\PSoC4/cyfitter_cfg.c **** 	CY_SET_XTND_REG32((void CYFAR *)CYREG_SAR_MUX_SWITCH0, 0x00000007u);
 225:Generated_Source\PSoC4/cyfitter_cfg.c **** 	CY_SET_XTND_REG32((void CYFAR *)CYREG_SAR_MUX_SWITCH_HW_CTRL, 0x00000007u);
 226:Generated_Source\PSoC4/cyfitter_cfg.c **** 	CY_SET_XTND_REG32((void CYFAR *)CYREG_PASS_DSAB_DSAB_CTRL, 0x00000000u);
 227:Generated_Source\PSoC4/cyfitter_cfg.c **** 	SetAnalogRoutingPumps(1);
 228:Generated_Source\PSoC4/cyfitter_cfg.c **** }
 229:Generated_Source\PSoC4/cyfitter_cfg.c **** 
 230:Generated_Source\PSoC4/cyfitter_cfg.c **** 
 231:Generated_Source\PSoC4/cyfitter_cfg.c **** /*******************************************************************************
 232:Generated_Source\PSoC4/cyfitter_cfg.c **** * Function Name: SetAnalogRoutingPumps
 233:Generated_Source\PSoC4/cyfitter_cfg.c **** ********************************************************************************
 234:Generated_Source\PSoC4/cyfitter_cfg.c **** *
 235:Generated_Source\PSoC4/cyfitter_cfg.c **** * Summary:
 236:Generated_Source\PSoC4/cyfitter_cfg.c **** * Enables or disables the analog pumps feeding analog routing switches.
 237:Generated_Source\PSoC4/cyfitter_cfg.c **** * Intended to be called at startup, based on the Vdda system configuration;
 238:Generated_Source\PSoC4/cyfitter_cfg.c **** * may be called during operation when the user informs us that the Vdda voltage crossed the pump th
 239:Generated_Source\PSoC4/cyfitter_cfg.c **** *
 240:Generated_Source\PSoC4/cyfitter_cfg.c **** * Parameters:
 241:Generated_Source\PSoC4/cyfitter_cfg.c **** *  enabled - 1 to enable the pumps, 0 to disable the pumps
 242:Generated_Source\PSoC4/cyfitter_cfg.c **** *
 243:Generated_Source\PSoC4/cyfitter_cfg.c **** * Return:
 244:Generated_Source\PSoC4/cyfitter_cfg.c **** *  void
 245:Generated_Source\PSoC4/cyfitter_cfg.c **** *
 246:Generated_Source\PSoC4/cyfitter_cfg.c **** *******************************************************************************/
 247:Generated_Source\PSoC4/cyfitter_cfg.c **** void SetAnalogRoutingPumps(uint8 enabled)
 248:Generated_Source\PSoC4/cyfitter_cfg.c **** {
 139              		.loc 1 248 0
 140              		.cfi_startproc
 141              		@ args = 0, pretend = 0, frame = 0
 142              		@ frame_needed = 0, uses_anonymous_args = 0
 143              		@ link register save eliminated.
 144              	.LVL6:
 249:Generated_Source\PSoC4/cyfitter_cfg.c **** 	uint32 regValue = CY_GET_XTND_REG32((void *)(CYREG_SAR_PUMP_CTRL));
 145              		.loc 1 249 0
 146 0000 064B     		ldr	r3, .L8
 147 0002 1B68     		ldr	r3, [r3]
 148              	.LVL7:
 250:Generated_Source\PSoC4/cyfitter_cfg.c **** 	if (enabled != 0u)
 149              		.loc 1 250 0
ARM GAS  C:\Users\Dylan\AppData\Local\Temp\ccIlb3QS.s 			page 8


 150 0004 0028     		cmp	r0, #0
 151 0006 03D0     		beq	.L6
 251:Generated_Source\PSoC4/cyfitter_cfg.c **** 	{
 252:Generated_Source\PSoC4/cyfitter_cfg.c **** 		regValue |= 0x80000000u;
 152              		.loc 1 252 0
 153 0008 8022     		movs	r2, #128
 154 000a 1206     		lsls	r2, r2, #24
 155 000c 1343     		orrs	r3, r2
 156              	.LVL8:
 157 000e 01E0     		b	.L7
 158              	.L6:
 253:Generated_Source\PSoC4/cyfitter_cfg.c **** 	}
 254:Generated_Source\PSoC4/cyfitter_cfg.c **** 	else
 255:Generated_Source\PSoC4/cyfitter_cfg.c **** 	{
 256:Generated_Source\PSoC4/cyfitter_cfg.c **** 		regValue &= ~0x80000000u;
 159              		.loc 1 256 0
 160 0010 5B00     		lsls	r3, r3, #1
 161              	.LVL9:
 162 0012 5B08     		lsrs	r3, r3, #1
 163              	.LVL10:
 164              	.L7:
 257:Generated_Source\PSoC4/cyfitter_cfg.c **** 	}
 258:Generated_Source\PSoC4/cyfitter_cfg.c **** 	CY_SET_XTND_REG32((void *)(CYREG_SAR_PUMP_CTRL), regValue);
 165              		.loc 1 258 0
 166 0014 014A     		ldr	r2, .L8
 167 0016 1360     		str	r3, [r2]
 259:Generated_Source\PSoC4/cyfitter_cfg.c **** }
 168              		.loc 1 259 0
 169              		@ sp needed
 170 0018 7047     		bx	lr
 171              	.L9:
 172 001a C046     		.align	2
 173              	.L8:
 174 001c 80033A40 		.word	1077543808
 175              		.cfi_endproc
 176              	.LFE6:
 177              		.size	SetAnalogRoutingPumps, .-SetAnalogRoutingPumps
 178              		.section	.text.AnalogSetDefault,"ax",%progbits
 179              		.align	2
 180              		.code	16
 181              		.thumb_func
 182              		.type	AnalogSetDefault, %function
 183              	AnalogSetDefault:
 184              	.LFB5:
 220:Generated_Source\PSoC4/cyfitter_cfg.c **** 	CY_SET_XTND_REG32((void CYFAR *)CYREG_CTBM0_DFT_CTRL, 0x00000003u);
 185              		.loc 1 220 0
 186              		.cfi_startproc
 187              		@ args = 0, pretend = 0, frame = 0
 188              		@ frame_needed = 0, uses_anonymous_args = 0
 189 0000 10B5     		push	{r4, lr}
 190              		.cfi_def_cfa_offset 8
 191              		.cfi_offset 4, -8
 192              		.cfi_offset 14, -4
 221:Generated_Source\PSoC4/cyfitter_cfg.c **** 	CY_SET_XTND_REG32((void CYFAR *)CYREG_CTBM1_DFT_CTRL, 0x00000003u);
 193              		.loc 1 221 0
 194 0002 0323     		movs	r3, #3
 195 0004 094A     		ldr	r2, .L11
ARM GAS  C:\Users\Dylan\AppData\Local\Temp\ccIlb3QS.s 			page 9


 196 0006 1360     		str	r3, [r2]
 222:Generated_Source\PSoC4/cyfitter_cfg.c **** 	CY_SET_XTND_REG32((void CYFAR *)CYREG_SAR_CTRL, 0x80000000u);
 197              		.loc 1 222 0
 198 0008 094A     		ldr	r2, .L11+4
 199 000a 1360     		str	r3, [r2]
 223:Generated_Source\PSoC4/cyfitter_cfg.c **** 	CY_SET_XTND_REG32((void CYFAR *)CYREG_SAR_MUX_SWITCH0, 0x00000007u);
 200              		.loc 1 223 0
 201 000c 8022     		movs	r2, #128
 202 000e 1206     		lsls	r2, r2, #24
 203 0010 084B     		ldr	r3, .L11+8
 204 0012 1A60     		str	r2, [r3]
 224:Generated_Source\PSoC4/cyfitter_cfg.c **** 	CY_SET_XTND_REG32((void CYFAR *)CYREG_SAR_MUX_SWITCH_HW_CTRL, 0x00000007u);
 205              		.loc 1 224 0
 206 0014 0723     		movs	r3, #7
 207 0016 084A     		ldr	r2, .L11+12
 208 0018 1360     		str	r3, [r2]
 225:Generated_Source\PSoC4/cyfitter_cfg.c **** 	CY_SET_XTND_REG32((void CYFAR *)CYREG_PASS_DSAB_DSAB_CTRL, 0x00000000u);
 209              		.loc 1 225 0
 210 001a 084A     		ldr	r2, .L11+16
 211 001c 1360     		str	r3, [r2]
 226:Generated_Source\PSoC4/cyfitter_cfg.c **** 	SetAnalogRoutingPumps(1);
 212              		.loc 1 226 0
 213 001e 0022     		movs	r2, #0
 214 0020 074B     		ldr	r3, .L11+20
 215 0022 1A60     		str	r2, [r3]
 227:Generated_Source\PSoC4/cyfitter_cfg.c **** }
 216              		.loc 1 227 0
 217 0024 0120     		movs	r0, #1
 218 0026 FFF7FEFF 		bl	SetAnalogRoutingPumps
 219              	.LVL11:
 228:Generated_Source\PSoC4/cyfitter_cfg.c **** 
 220              		.loc 1 228 0
 221              		@ sp needed
 222 002a 10BD     		pop	{r4, pc}
 223              	.L12:
 224              		.align	2
 225              	.L11:
 226 002c 30003040 		.word	1076887600
 227 0030 30003140 		.word	1076953136
 228 0034 00003A40 		.word	1077542912
 229 0038 00033A40 		.word	1077543680
 230 003c 40033A40 		.word	1077543744
 231 0040 000E3F40 		.word	1077874176
 232              		.cfi_endproc
 233              	.LFE5:
 234              		.size	AnalogSetDefault, .-AnalogSetDefault
 235              		.section	.psocinit
 236              		.align	2
 237              		.global	cyfitter_cfg
 238              		.code	16
 239              		.thumb_func
 240              		.type	cyfitter_cfg, %function
 241              	cyfitter_cfg:
 242              	.LFB7:
 260:Generated_Source\PSoC4/cyfitter_cfg.c **** 
 261:Generated_Source\PSoC4/cyfitter_cfg.c **** 
 262:Generated_Source\PSoC4/cyfitter_cfg.c **** 
ARM GAS  C:\Users\Dylan\AppData\Local\Temp\ccIlb3QS.s 			page 10


 263:Generated_Source\PSoC4/cyfitter_cfg.c **** 
 264:Generated_Source\PSoC4/cyfitter_cfg.c **** /*******************************************************************************
 265:Generated_Source\PSoC4/cyfitter_cfg.c **** * Function Name: cyfitter_cfg
 266:Generated_Source\PSoC4/cyfitter_cfg.c **** ********************************************************************************
 267:Generated_Source\PSoC4/cyfitter_cfg.c **** * Summary:
 268:Generated_Source\PSoC4/cyfitter_cfg.c **** *  This function is called by the start-up code for the selected device. It
 269:Generated_Source\PSoC4/cyfitter_cfg.c **** *  performs all of the necessary device configuration based on the design
 270:Generated_Source\PSoC4/cyfitter_cfg.c **** *  settings.  This includes settings from the Design Wide Resources (DWR) such
 271:Generated_Source\PSoC4/cyfitter_cfg.c **** *  as Clocks and Pins as well as any component configuration that is necessary.
 272:Generated_Source\PSoC4/cyfitter_cfg.c **** *
 273:Generated_Source\PSoC4/cyfitter_cfg.c **** * Parameters:
 274:Generated_Source\PSoC4/cyfitter_cfg.c **** *   void
 275:Generated_Source\PSoC4/cyfitter_cfg.c **** *
 276:Generated_Source\PSoC4/cyfitter_cfg.c **** * Return:
 277:Generated_Source\PSoC4/cyfitter_cfg.c **** *   void
 278:Generated_Source\PSoC4/cyfitter_cfg.c **** *
 279:Generated_Source\PSoC4/cyfitter_cfg.c **** *******************************************************************************/
 280:Generated_Source\PSoC4/cyfitter_cfg.c **** CY_CFG_SECTION
 281:Generated_Source\PSoC4/cyfitter_cfg.c **** void cyfitter_cfg(void)
 282:Generated_Source\PSoC4/cyfitter_cfg.c **** {
 243              		.loc 1 282 0
 244              		.cfi_startproc
 245              		@ args = 0, pretend = 0, frame = 0
 246              		@ frame_needed = 0, uses_anonymous_args = 0
 247 007c 10B5     		push	{r4, lr}
 248              		.cfi_def_cfa_offset 8
 249              		.cfi_offset 4, -8
 250              		.cfi_offset 14, -4
 283:Generated_Source\PSoC4/cyfitter_cfg.c **** 	/* Disable interrupts by default. Let user enable if/when they want. */
 284:Generated_Source\PSoC4/cyfitter_cfg.c **** 	CyGlobalIntDisable;
 251              		.loc 1 284 0
 252              		.syntax divided
 253              	@ 284 "Generated_Source\PSoC4\cyfitter_cfg.c" 1
 254 007e 72B6     		CPSID   i
 255              	@ 0 "" 2
 256              	.LVL12:
 257              		.thumb
 258              		.syntax unified
 259              	.LBB2:
 285:Generated_Source\PSoC4/cyfitter_cfg.c **** 
 286:Generated_Source\PSoC4/cyfitter_cfg.c **** 	{
 287:Generated_Source\PSoC4/cyfitter_cfg.c **** 
 288:Generated_Source\PSoC4/cyfitter_cfg.c **** 		CYPACKED typedef struct {
 289:Generated_Source\PSoC4/cyfitter_cfg.c **** 			void CYFAR *address;
 290:Generated_Source\PSoC4/cyfitter_cfg.c **** 			uint16 size;
 291:Generated_Source\PSoC4/cyfitter_cfg.c **** 		} CYPACKED_ATTR cfg_memset_t;
 292:Generated_Source\PSoC4/cyfitter_cfg.c **** 
 293:Generated_Source\PSoC4/cyfitter_cfg.c **** 		static const cfg_memset_t CYCODE cfg_memset_list[] = {
 294:Generated_Source\PSoC4/cyfitter_cfg.c **** 			/* address, size */
 295:Generated_Source\PSoC4/cyfitter_cfg.c **** 			{(void CYFAR *)(CYDEV_UDB_P0_U0_BASE), 2048u},
 296:Generated_Source\PSoC4/cyfitter_cfg.c **** 			{(void CYFAR *)(CYDEV_UDB_DSI0_BASE), 2048u},
 297:Generated_Source\PSoC4/cyfitter_cfg.c **** 		};
 298:Generated_Source\PSoC4/cyfitter_cfg.c **** 
 299:Generated_Source\PSoC4/cyfitter_cfg.c **** 		uint8 CYDATA i;
 300:Generated_Source\PSoC4/cyfitter_cfg.c **** 
 301:Generated_Source\PSoC4/cyfitter_cfg.c **** 		/* Zero out critical memory blocks before beginning configuration */
 302:Generated_Source\PSoC4/cyfitter_cfg.c **** 		for (i = 0u; i < (sizeof(cfg_memset_list)/sizeof(cfg_memset_list[0])); i++)
ARM GAS  C:\Users\Dylan\AppData\Local\Temp\ccIlb3QS.s 			page 11


 260              		.loc 1 302 0
 261 0080 0024     		movs	r4, #0
 262 0082 0FE0     		b	.L14
 263              	.LVL13:
 264              	.L15:
 265              	.LBB3:
 303:Generated_Source\PSoC4/cyfitter_cfg.c **** 		{
 304:Generated_Source\PSoC4/cyfitter_cfg.c **** 			const cfg_memset_t CYCODE * CYDATA ms = &cfg_memset_list[i];
 305:Generated_Source\PSoC4/cyfitter_cfg.c **** 			CYMEMZERO(ms->address, (size_t)(uint32)(ms->size));
 266              		.loc 1 305 0 discriminator 3
 267 0084 1A48     		ldr	r0, .L16
 268 0086 6200     		lsls	r2, r4, #1
 269 0088 1319     		adds	r3, r2, r4
 270 008a 5900     		lsls	r1, r3, #1
 271 008c 0B00     		movs	r3, r1
 272 008e 4118     		adds	r1, r0, r1
 273 0090 8988     		ldrh	r1, [r1, #4]
 274 0092 1A5A     		ldrh	r2, [r3, r0]
 275 0094 C318     		adds	r3, r0, r3
 276 0096 5888     		ldrh	r0, [r3, #2]
 277 0098 0004     		lsls	r0, r0, #16
 278 009a 1043     		orrs	r0, r2
 279 009c FFF7FEFF 		bl	CYMEMZERO
 280              	.LVL14:
 281              	.LBE3:
 302:Generated_Source\PSoC4/cyfitter_cfg.c **** 		{
 282              		.loc 1 302 0 discriminator 3
 283 00a0 0134     		adds	r4, r4, #1
 284              	.LVL15:
 285 00a2 E4B2     		uxtb	r4, r4
 286              	.LVL16:
 287              	.L14:
 302:Generated_Source\PSoC4/cyfitter_cfg.c **** 		{
 288              		.loc 1 302 0 is_stmt 0 discriminator 1
 289 00a4 012C     		cmp	r4, #1
 290 00a6 EDD9     		bls	.L15
 306:Generated_Source\PSoC4/cyfitter_cfg.c **** 		}
 307:Generated_Source\PSoC4/cyfitter_cfg.c **** 
 308:Generated_Source\PSoC4/cyfitter_cfg.c **** 		/* HSIOM Starting address: CYDEV_HSIOM_BASE */
 309:Generated_Source\PSoC4/cyfitter_cfg.c **** 		CY_SET_REG32((void *)(CYREG_HSIOM_PORT_SEL3), 0x0000EE00u);
 291              		.loc 1 309 0 is_stmt 1
 292 00a8 EE22     		movs	r2, #238
 293 00aa 1202     		lsls	r2, r2, #8
 294 00ac 114B     		ldr	r3, .L16+4
 295 00ae 1A60     		str	r2, [r3]
 310:Generated_Source\PSoC4/cyfitter_cfg.c **** 
 311:Generated_Source\PSoC4/cyfitter_cfg.c **** 		/* UDB_PA_2 Starting address: CYDEV_UDB_PA2_BASE */
 312:Generated_Source\PSoC4/cyfitter_cfg.c **** 		CY_SET_REG32((void *)(CYDEV_UDB_PA2_BASE), 0x00990000u);
 296              		.loc 1 312 0
 297 00b0 9923     		movs	r3, #153
 298 00b2 1B04     		lsls	r3, r3, #16
 299 00b4 104A     		ldr	r2, .L16+8
 300 00b6 1360     		str	r3, [r2]
 313:Generated_Source\PSoC4/cyfitter_cfg.c **** 
 314:Generated_Source\PSoC4/cyfitter_cfg.c **** 		/* UDB_PA_6 Starting address: CYDEV_UDB_PA6_BASE */
 315:Generated_Source\PSoC4/cyfitter_cfg.c **** 		CY_SET_REG32((void *)(CYDEV_UDB_PA6_BASE), 0x00990000u);
 301              		.loc 1 315 0
ARM GAS  C:\Users\Dylan\AppData\Local\Temp\ccIlb3QS.s 			page 12


 302 00b8 104A     		ldr	r2, .L16+12
 303 00ba 1360     		str	r3, [r2]
 316:Generated_Source\PSoC4/cyfitter_cfg.c **** 
 317:Generated_Source\PSoC4/cyfitter_cfg.c **** 		/* UDB_PA_7 Starting address: CYDEV_UDB_PA7_BASE */
 318:Generated_Source\PSoC4/cyfitter_cfg.c **** 		CY_SET_REG32((void *)(CYDEV_UDB_PA7_BASE), 0x00990000u);
 304              		.loc 1 318 0
 305 00bc 104A     		ldr	r2, .L16+16
 306 00be 1360     		str	r3, [r2]
 319:Generated_Source\PSoC4/cyfitter_cfg.c **** 
 320:Generated_Source\PSoC4/cyfitter_cfg.c **** 		/* Enable digital routing */
 321:Generated_Source\PSoC4/cyfitter_cfg.c **** 		CY_SET_XTND_REG8((void *)CYREG_UDB_UDB_BANK_CTL, (uint8)(CY_GET_XTND_REG8((void *)CYREG_UDB_UDB_B
 307              		.loc 1 321 0
 308 00c0 104A     		ldr	r2, .L16+20
 309 00c2 1178     		ldrb	r1, [r2]
 310 00c4 0623     		movs	r3, #6
 311 00c6 0B43     		orrs	r3, r1
 312 00c8 DBB2     		uxtb	r3, r3
 313 00ca 1370     		strb	r3, [r2]
 314              	.LBE2:
 322:Generated_Source\PSoC4/cyfitter_cfg.c **** 	}
 323:Generated_Source\PSoC4/cyfitter_cfg.c **** 
 324:Generated_Source\PSoC4/cyfitter_cfg.c **** 	/* Perform second pass device configuration. These items must be configured in specific order afte
 325:Generated_Source\PSoC4/cyfitter_cfg.c **** 	/* IOPINS0_11 Starting address: CYDEV_GPIO_PRT11_BASE */
 326:Generated_Source\PSoC4/cyfitter_cfg.c **** 	CY_SET_REG32((void *)(CYREG_GPIO_PRT11_PC), 0x001B6DB6u);
 315              		.loc 1 326 0
 316 00cc 0E4A     		ldr	r2, .L16+24
 317 00ce 0F4B     		ldr	r3, .L16+28
 318 00d0 1A60     		str	r2, [r3]
 327:Generated_Source\PSoC4/cyfitter_cfg.c **** 
 328:Generated_Source\PSoC4/cyfitter_cfg.c **** 	/* IOPINS0_2 Starting address: CYDEV_GPIO_PRT2_BASE */
 329:Generated_Source\PSoC4/cyfitter_cfg.c **** 	CY_SET_REG32((void *)(CYDEV_GPIO_PRT2_BASE), 0x00000007u);
 319              		.loc 1 329 0
 320 00d2 0723     		movs	r3, #7
 321 00d4 0E4A     		ldr	r2, .L16+32
 322 00d6 1360     		str	r3, [r2]
 330:Generated_Source\PSoC4/cyfitter_cfg.c **** 	CY_SET_REG32((void *)(CYREG_GPIO_PRT2_PC2), 0x00000007u);
 323              		.loc 1 330 0
 324 00d8 0E4A     		ldr	r2, .L16+36
 325 00da 1360     		str	r3, [r2]
 331:Generated_Source\PSoC4/cyfitter_cfg.c **** 
 332:Generated_Source\PSoC4/cyfitter_cfg.c **** 	/* IOPINS0_3 Starting address: CYDEV_GPIO_PRT3_BASE */
 333:Generated_Source\PSoC4/cyfitter_cfg.c **** 	CY_SET_REG32((void *)(CYREG_GPIO_PRT3_PC), 0x00000D80u);
 326              		.loc 1 333 0
 327 00dc D822     		movs	r2, #216
 328 00de 1201     		lsls	r2, r2, #4
 329 00e0 0D4B     		ldr	r3, .L16+40
 330 00e2 1A60     		str	r2, [r3]
 334:Generated_Source\PSoC4/cyfitter_cfg.c **** 
 335:Generated_Source\PSoC4/cyfitter_cfg.c **** 
 336:Generated_Source\PSoC4/cyfitter_cfg.c **** 	/* Setup clocks based on selections from Clock DWR */
 337:Generated_Source\PSoC4/cyfitter_cfg.c **** 	ClockSetup();
 331              		.loc 1 337 0
 332 00e4 FFF78CFF 		bl	ClockSetup
 333              	.LVL17:
 338:Generated_Source\PSoC4/cyfitter_cfg.c **** 
 339:Generated_Source\PSoC4/cyfitter_cfg.c **** 	/* Perform basic analog initialization to defaults */
 340:Generated_Source\PSoC4/cyfitter_cfg.c **** 	AnalogSetDefault();
ARM GAS  C:\Users\Dylan\AppData\Local\Temp\ccIlb3QS.s 			page 13


 334              		.loc 1 340 0
 335 00e8 FFF7FEFF 		bl	AnalogSetDefault
 336              	.LVL18:
 341:Generated_Source\PSoC4/cyfitter_cfg.c **** 
 342:Generated_Source\PSoC4/cyfitter_cfg.c **** }
 337              		.loc 1 342 0
 338              		@ sp needed
 339              	.LVL19:
 340 00ec 10BD     		pop	{r4, pc}
 341              	.L17:
 342 00ee C046     		.align	2
 343              	.L16:
 344 00f0 00000000 		.word	.LANCHOR0
 345 00f4 00030240 		.word	1073873664
 346 00f8 20500F40 		.word	1074745376
 347 00fc 60500F40 		.word	1074745440
 348 0100 70500F40 		.word	1074745456
 349 0104 00700F40 		.word	1074753536
 350 0108 B66D1B00 		.word	1797558
 351 010c 080B0440 		.word	1074006792
 352 0110 00020440 		.word	1074004480
 353 0114 18020440 		.word	1074004504
 354 0118 08030440 		.word	1074004744
 355              		.cfi_endproc
 356              	.LFE7:
 357              		.size	cyfitter_cfg, .-cyfitter_cfg
 358              		.section	.rodata
 359              		.align	2
 360              		.set	.LANCHOR0,. + 0
 361              		.type	cfg_memset_list.4954, %object
 362              		.size	cfg_memset_list.4954, 12
 363              	cfg_memset_list.4954:
 364 0000 00300F40 		.word	1074737152
 365 0004 0008     		.short	2048
 366 0006 00400F40 		.4byte	1074741248
 367 000a 0008     		.short	2048
 368              		.text
 369              	.Letext0:
 370              		.file 2 "e:\\program files (x86)\\cypress\\psoc creator\\4.2\\psoc creator\\import\\gnu\\arm\\5.4.
 371              		.file 3 "Generated_Source\\PSoC4\\cytypes.h"
 372              		.file 4 "Generated_Source\\PSoC4\\CyLib.h"
 373              		.section	.debug_info,"",%progbits
 374              	.Ldebug_info0:
 375 0000 DB020000 		.4byte	0x2db
 376 0004 0400     		.2byte	0x4
 377 0006 00000000 		.4byte	.Ldebug_abbrev0
 378 000a 04       		.byte	0x4
 379 000b 01       		.uleb128 0x1
 380 000c 12010000 		.4byte	.LASF34
 381 0010 0C       		.byte	0xc
 382 0011 8E020000 		.4byte	.LASF35
 383 0015 C9010000 		.4byte	.LASF36
 384 0019 00000000 		.4byte	.Ldebug_ranges0+0
 385 001d 00000000 		.4byte	0
 386 0021 00000000 		.4byte	.Ldebug_line0
 387 0025 02       		.uleb128 0x2
 388 0026 04       		.byte	0x4
ARM GAS  C:\Users\Dylan\AppData\Local\Temp\ccIlb3QS.s 			page 14


 389 0027 05       		.byte	0x5
 390 0028 696E7400 		.ascii	"int\000"
 391 002c 03       		.uleb128 0x3
 392 002d 06000000 		.4byte	.LASF12
 393 0031 02       		.byte	0x2
 394 0032 D8       		.byte	0xd8
 395 0033 37000000 		.4byte	0x37
 396 0037 04       		.uleb128 0x4
 397 0038 04       		.byte	0x4
 398 0039 07       		.byte	0x7
 399 003a D9000000 		.4byte	.LASF0
 400 003e 04       		.uleb128 0x4
 401 003f 08       		.byte	0x8
 402 0040 05       		.byte	0x5
 403 0041 B6010000 		.4byte	.LASF1
 404 0045 04       		.uleb128 0x4
 405 0046 08       		.byte	0x8
 406 0047 04       		.byte	0x4
 407 0048 76020000 		.4byte	.LASF2
 408 004c 04       		.uleb128 0x4
 409 004d 01       		.byte	0x1
 410 004e 06       		.byte	0x6
 411 004f 82020000 		.4byte	.LASF3
 412 0053 04       		.uleb128 0x4
 413 0054 01       		.byte	0x1
 414 0055 08       		.byte	0x8
 415 0056 A3000000 		.4byte	.LASF4
 416 005a 04       		.uleb128 0x4
 417 005b 02       		.byte	0x2
 418 005c 05       		.byte	0x5
 419 005d 46020000 		.4byte	.LASF5
 420 0061 04       		.uleb128 0x4
 421 0062 02       		.byte	0x2
 422 0063 07       		.byte	0x7
 423 0064 48000000 		.4byte	.LASF6
 424 0068 04       		.uleb128 0x4
 425 0069 04       		.byte	0x4
 426 006a 05       		.byte	0x5
 427 006b 6D020000 		.4byte	.LASF7
 428 006f 04       		.uleb128 0x4
 429 0070 04       		.byte	0x4
 430 0071 07       		.byte	0x7
 431 0072 6B000000 		.4byte	.LASF8
 432 0076 04       		.uleb128 0x4
 433 0077 08       		.byte	0x8
 434 0078 07       		.byte	0x7
 435 0079 FB000000 		.4byte	.LASF9
 436 007d 04       		.uleb128 0x4
 437 007e 04       		.byte	0x4
 438 007f 07       		.byte	0x7
 439 0080 AD010000 		.4byte	.LASF10
 440 0084 05       		.uleb128 0x5
 441 0085 04       		.byte	0x4
 442 0086 04       		.uleb128 0x4
 443 0087 01       		.byte	0x1
 444 0088 08       		.byte	0x8
 445 0089 C4010000 		.4byte	.LASF11
ARM GAS  C:\Users\Dylan\AppData\Local\Temp\ccIlb3QS.s 			page 15


 446 008d 06       		.uleb128 0x6
 447 008e 7D000000 		.4byte	.LASF13
 448 0092 03       		.byte	0x3
 449 0093 D201     		.2byte	0x1d2
 450 0095 53000000 		.4byte	0x53
 451 0099 06       		.uleb128 0x6
 452 009a CB000000 		.4byte	.LASF14
 453 009e 03       		.byte	0x3
 454 009f D301     		.2byte	0x1d3
 455 00a1 61000000 		.4byte	0x61
 456 00a5 06       		.uleb128 0x6
 457 00a6 D2000000 		.4byte	.LASF15
 458 00aa 03       		.byte	0x3
 459 00ab D401     		.2byte	0x1d4
 460 00ad 6F000000 		.4byte	0x6f
 461 00b1 04       		.uleb128 0x4
 462 00b2 04       		.byte	0x4
 463 00b3 04       		.byte	0x4
 464 00b4 5B000000 		.4byte	.LASF16
 465 00b8 04       		.uleb128 0x4
 466 00b9 08       		.byte	0x8
 467 00ba 04       		.byte	0x4
 468 00bb B8000000 		.4byte	.LASF17
 469 00bf 06       		.uleb128 0x6
 470 00c0 66000000 		.4byte	.LASF18
 471 00c4 03       		.byte	0x3
 472 00c5 7C02     		.2byte	0x27c
 473 00c7 CB000000 		.4byte	0xcb
 474 00cb 07       		.uleb128 0x7
 475 00cc 8D000000 		.4byte	0x8d
 476 00d0 06       		.uleb128 0x6
 477 00d1 00000000 		.4byte	.LASF19
 478 00d5 03       		.byte	0x3
 479 00d6 7E02     		.2byte	0x27e
 480 00d8 DC000000 		.4byte	0xdc
 481 00dc 07       		.uleb128 0x7
 482 00dd A5000000 		.4byte	0xa5
 483 00e1 08       		.uleb128 0x8
 484 00e2 83000000 		.4byte	.LASF20
 485 00e6 01       		.byte	0x1
 486 00e7 4C       		.byte	0x4c
 487 00e8 00000000 		.4byte	.LFB1
 488 00ec 0C000000 		.4byte	.LFE1-.LFB1
 489 00f0 01       		.uleb128 0x1
 490 00f1 9C       		.byte	0x9c
 491 00f2 2E010000 		.4byte	0x12e
 492 00f6 09       		.uleb128 0x9
 493 00f7 7300     		.ascii	"s\000"
 494 00f9 01       		.byte	0x1
 495 00fa 4C       		.byte	0x4c
 496 00fb 84000000 		.4byte	0x84
 497 00ff 00000000 		.4byte	.LLST0
 498 0103 09       		.uleb128 0x9
 499 0104 6E00     		.ascii	"n\000"
 500 0106 01       		.byte	0x1
 501 0107 4C       		.byte	0x4c
 502 0108 2C000000 		.4byte	0x2c
ARM GAS  C:\Users\Dylan\AppData\Local\Temp\ccIlb3QS.s 			page 16


 503 010c 21000000 		.4byte	.LLST1
 504 0110 0A       		.uleb128 0xa
 505 0111 0A000000 		.4byte	.LVL2
 506 0115 B4020000 		.4byte	0x2b4
 507 0119 0B       		.uleb128 0xb
 508 011a 01       		.uleb128 0x1
 509 011b 50       		.byte	0x50
 510 011c 03       		.uleb128 0x3
 511 011d F3       		.byte	0xf3
 512 011e 01       		.uleb128 0x1
 513 011f 50       		.byte	0x50
 514 0120 0B       		.uleb128 0xb
 515 0121 01       		.uleb128 0x1
 516 0122 51       		.byte	0x51
 517 0123 01       		.uleb128 0x1
 518 0124 30       		.byte	0x30
 519 0125 0B       		.uleb128 0xb
 520 0126 01       		.uleb128 0x1
 521 0127 52       		.byte	0x52
 522 0128 03       		.uleb128 0x3
 523 0129 F3       		.byte	0xf3
 524 012a 01       		.uleb128 0x1
 525 012b 51       		.byte	0x51
 526 012c 00       		.byte	0
 527 012d 00       		.byte	0
 528 012e 08       		.uleb128 0x8
 529 012f 3D000000 		.4byte	.LASF21
 530 0133 01       		.byte	0x1
 531 0134 AA       		.byte	0xaa
 532 0135 00000000 		.4byte	.LFB4
 533 0139 7C000000 		.4byte	.LFE4-.LFB4
 534 013d 01       		.uleb128 0x1
 535 013e 9C       		.byte	0x9c
 536 013f 7A010000 		.4byte	0x17a
 537 0143 0C       		.uleb128 0xc
 538 0144 0E000000 		.4byte	.LVL3
 539 0148 BD020000 		.4byte	0x2bd
 540 014c 57010000 		.4byte	0x157
 541 0150 0B       		.uleb128 0xb
 542 0151 01       		.uleb128 0x1
 543 0152 50       		.byte	0x50
 544 0153 02       		.uleb128 0x2
 545 0154 08       		.byte	0x8
 546 0155 30       		.byte	0x30
 547 0156 00       		.byte	0
 548 0157 0C       		.uleb128 0xc
 549 0158 40000000 		.4byte	.LVL4
 550 015c C8020000 		.4byte	0x2c8
 551 0160 6A010000 		.4byte	0x16a
 552 0164 0B       		.uleb128 0xb
 553 0165 01       		.uleb128 0x1
 554 0166 50       		.byte	0x50
 555 0167 01       		.uleb128 0x1
 556 0168 38       		.byte	0x38
 557 0169 00       		.byte	0
 558 016a 0A       		.uleb128 0xa
 559 016b 46000000 		.4byte	.LVL5
ARM GAS  C:\Users\Dylan\AppData\Local\Temp\ccIlb3QS.s 			page 17


 560 016f D3020000 		.4byte	0x2d3
 561 0173 0B       		.uleb128 0xb
 562 0174 01       		.uleb128 0x1
 563 0175 50       		.byte	0x50
 564 0176 01       		.uleb128 0x1
 565 0177 38       		.byte	0x38
 566 0178 00       		.byte	0
 567 0179 00       		.byte	0
 568 017a 0D       		.uleb128 0xd
 569 017b 8D000000 		.4byte	.LASF24
 570 017f 01       		.byte	0x1
 571 0180 F7       		.byte	0xf7
 572 0181 00000000 		.4byte	.LFB6
 573 0185 20000000 		.4byte	.LFE6-.LFB6
 574 0189 01       		.uleb128 0x1
 575 018a 9C       		.byte	0x9c
 576 018b AC010000 		.4byte	0x1ac
 577 018f 0E       		.uleb128 0xe
 578 0190 65020000 		.4byte	.LASF22
 579 0194 01       		.byte	0x1
 580 0195 F7       		.byte	0xf7
 581 0196 8D000000 		.4byte	0x8d
 582 019a 01       		.uleb128 0x1
 583 019b 50       		.byte	0x50
 584 019c 0F       		.uleb128 0xf
 585 019d B4020000 		.4byte	.LASF29
 586 01a1 01       		.byte	0x1
 587 01a2 F9       		.byte	0xf9
 588 01a3 A5000000 		.4byte	0xa5
 589 01a7 4D000000 		.4byte	.LLST2
 590 01ab 00       		.byte	0
 591 01ac 08       		.uleb128 0x8
 592 01ad 0D000000 		.4byte	.LASF23
 593 01b1 01       		.byte	0x1
 594 01b2 DB       		.byte	0xdb
 595 01b3 00000000 		.4byte	.LFB5
 596 01b7 44000000 		.4byte	.LFE5-.LFB5
 597 01bb 01       		.uleb128 0x1
 598 01bc 9C       		.byte	0x9c
 599 01bd D1010000 		.4byte	0x1d1
 600 01c1 0A       		.uleb128 0xa
 601 01c2 2A000000 		.4byte	.LVL11
 602 01c6 7A010000 		.4byte	0x17a
 603 01ca 0B       		.uleb128 0xb
 604 01cb 01       		.uleb128 0x1
 605 01cc 50       		.byte	0x50
 606 01cd 01       		.uleb128 0x1
 607 01ce 31       		.byte	0x31
 608 01cf 00       		.byte	0
 609 01d0 00       		.byte	0
 610 01d1 10       		.uleb128 0x10
 611 01d2 E6000000 		.4byte	.LASF25
 612 01d6 01       		.byte	0x1
 613 01d7 1901     		.2byte	0x119
 614 01d9 7C000000 		.4byte	.LFB7
 615 01dd A0000000 		.4byte	.LFE7-.LFB7
 616 01e1 01       		.uleb128 0x1
ARM GAS  C:\Users\Dylan\AppData\Local\Temp\ccIlb3QS.s 			page 18


 617 01e2 9C       		.byte	0x9c
 618 01e3 B4020000 		.4byte	0x2b4
 619 01e7 11       		.uleb128 0x11
 620 01e8 80000000 		.4byte	.LBB2
 621 01ec 4C000000 		.4byte	.LBE2-.LBB2
 622 01f0 A1020000 		.4byte	0x2a1
 623 01f4 12       		.uleb128 0x12
 624 01f5 06       		.byte	0x6
 625 01f6 01       		.byte	0x1
 626 01f7 2001     		.2byte	0x120
 627 01f9 18020000 		.4byte	0x218
 628 01fd 13       		.uleb128 0x13
 629 01fe F3000000 		.4byte	.LASF26
 630 0202 01       		.byte	0x1
 631 0203 2101     		.2byte	0x121
 632 0205 84000000 		.4byte	0x84
 633 0209 00       		.byte	0
 634 020a 13       		.uleb128 0x13
 635 020b 61000000 		.4byte	.LASF27
 636 020f 01       		.byte	0x1
 637 0210 2201     		.2byte	0x122
 638 0212 99000000 		.4byte	0x99
 639 0216 04       		.byte	0x4
 640 0217 00       		.byte	0
 641 0218 06       		.uleb128 0x6
 642 0219 A0010000 		.4byte	.LASF28
 643 021d 01       		.byte	0x1
 644 021e 2301     		.2byte	0x123
 645 0220 F4010000 		.4byte	0x1f4
 646 0224 14       		.uleb128 0x14
 647 0225 34020000 		.4byte	0x234
 648 0229 34020000 		.4byte	0x234
 649 022d 15       		.uleb128 0x15
 650 022e 7D000000 		.4byte	0x7d
 651 0232 01       		.byte	0x1
 652 0233 00       		.byte	0
 653 0234 16       		.uleb128 0x16
 654 0235 18020000 		.4byte	0x218
 655 0239 17       		.uleb128 0x17
 656 023a 2D000000 		.4byte	.LASF30
 657 023e 01       		.byte	0x1
 658 023f 2501     		.2byte	0x125
 659 0241 4B020000 		.4byte	0x24b
 660 0245 05       		.uleb128 0x5
 661 0246 03       		.byte	0x3
 662 0247 00000000 		.4byte	cfg_memset_list.4954
 663 024b 16       		.uleb128 0x16
 664 024c 24020000 		.4byte	0x224
 665 0250 18       		.uleb128 0x18
 666 0251 6900     		.ascii	"i\000"
 667 0253 01       		.byte	0x1
 668 0254 2B01     		.2byte	0x12b
 669 0256 8D000000 		.4byte	0x8d
 670 025a 6B000000 		.4byte	.LLST3
 671 025e 19       		.uleb128 0x19
 672 025f 84000000 		.4byte	.LBB3
 673 0263 1C000000 		.4byte	.LBE3-.LBB3
ARM GAS  C:\Users\Dylan\AppData\Local\Temp\ccIlb3QS.s 			page 19


 674 0267 18       		.uleb128 0x18
 675 0268 6D7300   		.ascii	"ms\000"
 676 026b 01       		.byte	0x1
 677 026c 3001     		.2byte	0x130
 678 026e 76020000 		.4byte	0x276
 679 0272 95000000 		.4byte	.LLST4
 680 0276 1A       		.uleb128 0x1a
 681 0277 04       		.byte	0x4
 682 0278 34020000 		.4byte	0x234
 683 027c 0A       		.uleb128 0xa
 684 027d A0000000 		.4byte	.LVL14
 685 0281 E1000000 		.4byte	0xe1
 686 0285 0B       		.uleb128 0xb
 687 0286 01       		.uleb128 0x1
 688 0287 51       		.byte	0x51
 689 0288 15       		.uleb128 0x15
 690 0289 74       		.byte	0x74
 691 028a 00       		.sleb128 0
 692 028b 31       		.byte	0x31
 693 028c 24       		.byte	0x24
 694 028d 74       		.byte	0x74
 695 028e 00       		.sleb128 0
 696 028f 22       		.byte	0x22
 697 0290 31       		.byte	0x31
 698 0291 24       		.byte	0x24
 699 0292 03       		.byte	0x3
 700 0293 04000000 		.4byte	.LANCHOR0+4
 701 0297 22       		.byte	0x22
 702 0298 94       		.byte	0x94
 703 0299 02       		.byte	0x2
 704 029a 0A       		.byte	0xa
 705 029b FFFF     		.2byte	0xffff
 706 029d 1A       		.byte	0x1a
 707 029e 00       		.byte	0
 708 029f 00       		.byte	0
 709 02a0 00       		.byte	0
 710 02a1 1B       		.uleb128 0x1b
 711 02a2 E8000000 		.4byte	.LVL17
 712 02a6 2E010000 		.4byte	0x12e
 713 02aa 1B       		.uleb128 0x1b
 714 02ab EC000000 		.4byte	.LVL18
 715 02af AC010000 		.4byte	0x1ac
 716 02b3 00       		.byte	0
 717 02b4 1C       		.uleb128 0x1c
 718 02b5 B1000000 		.4byte	.LASF37
 719 02b9 B1000000 		.4byte	.LASF37
 720 02bd 1D       		.uleb128 0x1d
 721 02be 50020000 		.4byte	.LASF31
 722 02c2 50020000 		.4byte	.LASF31
 723 02c6 04       		.byte	0x4
 724 02c7 6C       		.byte	0x6c
 725 02c8 1D       		.uleb128 0x1d
 726 02c9 1E000000 		.4byte	.LASF32
 727 02cd 1E000000 		.4byte	.LASF32
 728 02d1 04       		.byte	0x4
 729 02d2 BD       		.byte	0xbd
 730 02d3 1D       		.uleb128 0x1d
ARM GAS  C:\Users\Dylan\AppData\Local\Temp\ccIlb3QS.s 			page 20


 731 02d4 BF000000 		.4byte	.LASF33
 732 02d8 BF000000 		.4byte	.LASF33
 733 02dc 04       		.byte	0x4
 734 02dd C3       		.byte	0xc3
 735 02de 00       		.byte	0
 736              		.section	.debug_abbrev,"",%progbits
 737              	.Ldebug_abbrev0:
 738 0000 01       		.uleb128 0x1
 739 0001 11       		.uleb128 0x11
 740 0002 01       		.byte	0x1
 741 0003 25       		.uleb128 0x25
 742 0004 0E       		.uleb128 0xe
 743 0005 13       		.uleb128 0x13
 744 0006 0B       		.uleb128 0xb
 745 0007 03       		.uleb128 0x3
 746 0008 0E       		.uleb128 0xe
 747 0009 1B       		.uleb128 0x1b
 748 000a 0E       		.uleb128 0xe
 749 000b 55       		.uleb128 0x55
 750 000c 17       		.uleb128 0x17
 751 000d 11       		.uleb128 0x11
 752 000e 01       		.uleb128 0x1
 753 000f 10       		.uleb128 0x10
 754 0010 17       		.uleb128 0x17
 755 0011 00       		.byte	0
 756 0012 00       		.byte	0
 757 0013 02       		.uleb128 0x2
 758 0014 24       		.uleb128 0x24
 759 0015 00       		.byte	0
 760 0016 0B       		.uleb128 0xb
 761 0017 0B       		.uleb128 0xb
 762 0018 3E       		.uleb128 0x3e
 763 0019 0B       		.uleb128 0xb
 764 001a 03       		.uleb128 0x3
 765 001b 08       		.uleb128 0x8
 766 001c 00       		.byte	0
 767 001d 00       		.byte	0
 768 001e 03       		.uleb128 0x3
 769 001f 16       		.uleb128 0x16
 770 0020 00       		.byte	0
 771 0021 03       		.uleb128 0x3
 772 0022 0E       		.uleb128 0xe
 773 0023 3A       		.uleb128 0x3a
 774 0024 0B       		.uleb128 0xb
 775 0025 3B       		.uleb128 0x3b
 776 0026 0B       		.uleb128 0xb
 777 0027 49       		.uleb128 0x49
 778 0028 13       		.uleb128 0x13
 779 0029 00       		.byte	0
 780 002a 00       		.byte	0
 781 002b 04       		.uleb128 0x4
 782 002c 24       		.uleb128 0x24
 783 002d 00       		.byte	0
 784 002e 0B       		.uleb128 0xb
 785 002f 0B       		.uleb128 0xb
 786 0030 3E       		.uleb128 0x3e
 787 0031 0B       		.uleb128 0xb
ARM GAS  C:\Users\Dylan\AppData\Local\Temp\ccIlb3QS.s 			page 21


 788 0032 03       		.uleb128 0x3
 789 0033 0E       		.uleb128 0xe
 790 0034 00       		.byte	0
 791 0035 00       		.byte	0
 792 0036 05       		.uleb128 0x5
 793 0037 0F       		.uleb128 0xf
 794 0038 00       		.byte	0
 795 0039 0B       		.uleb128 0xb
 796 003a 0B       		.uleb128 0xb
 797 003b 00       		.byte	0
 798 003c 00       		.byte	0
 799 003d 06       		.uleb128 0x6
 800 003e 16       		.uleb128 0x16
 801 003f 00       		.byte	0
 802 0040 03       		.uleb128 0x3
 803 0041 0E       		.uleb128 0xe
 804 0042 3A       		.uleb128 0x3a
 805 0043 0B       		.uleb128 0xb
 806 0044 3B       		.uleb128 0x3b
 807 0045 05       		.uleb128 0x5
 808 0046 49       		.uleb128 0x49
 809 0047 13       		.uleb128 0x13
 810 0048 00       		.byte	0
 811 0049 00       		.byte	0
 812 004a 07       		.uleb128 0x7
 813 004b 35       		.uleb128 0x35
 814 004c 00       		.byte	0
 815 004d 49       		.uleb128 0x49
 816 004e 13       		.uleb128 0x13
 817 004f 00       		.byte	0
 818 0050 00       		.byte	0
 819 0051 08       		.uleb128 0x8
 820 0052 2E       		.uleb128 0x2e
 821 0053 01       		.byte	0x1
 822 0054 03       		.uleb128 0x3
 823 0055 0E       		.uleb128 0xe
 824 0056 3A       		.uleb128 0x3a
 825 0057 0B       		.uleb128 0xb
 826 0058 3B       		.uleb128 0x3b
 827 0059 0B       		.uleb128 0xb
 828 005a 27       		.uleb128 0x27
 829 005b 19       		.uleb128 0x19
 830 005c 11       		.uleb128 0x11
 831 005d 01       		.uleb128 0x1
 832 005e 12       		.uleb128 0x12
 833 005f 06       		.uleb128 0x6
 834 0060 40       		.uleb128 0x40
 835 0061 18       		.uleb128 0x18
 836 0062 9742     		.uleb128 0x2117
 837 0064 19       		.uleb128 0x19
 838 0065 01       		.uleb128 0x1
 839 0066 13       		.uleb128 0x13
 840 0067 00       		.byte	0
 841 0068 00       		.byte	0
 842 0069 09       		.uleb128 0x9
 843 006a 05       		.uleb128 0x5
 844 006b 00       		.byte	0
ARM GAS  C:\Users\Dylan\AppData\Local\Temp\ccIlb3QS.s 			page 22


 845 006c 03       		.uleb128 0x3
 846 006d 08       		.uleb128 0x8
 847 006e 3A       		.uleb128 0x3a
 848 006f 0B       		.uleb128 0xb
 849 0070 3B       		.uleb128 0x3b
 850 0071 0B       		.uleb128 0xb
 851 0072 49       		.uleb128 0x49
 852 0073 13       		.uleb128 0x13
 853 0074 02       		.uleb128 0x2
 854 0075 17       		.uleb128 0x17
 855 0076 00       		.byte	0
 856 0077 00       		.byte	0
 857 0078 0A       		.uleb128 0xa
 858 0079 898201   		.uleb128 0x4109
 859 007c 01       		.byte	0x1
 860 007d 11       		.uleb128 0x11
 861 007e 01       		.uleb128 0x1
 862 007f 31       		.uleb128 0x31
 863 0080 13       		.uleb128 0x13
 864 0081 00       		.byte	0
 865 0082 00       		.byte	0
 866 0083 0B       		.uleb128 0xb
 867 0084 8A8201   		.uleb128 0x410a
 868 0087 00       		.byte	0
 869 0088 02       		.uleb128 0x2
 870 0089 18       		.uleb128 0x18
 871 008a 9142     		.uleb128 0x2111
 872 008c 18       		.uleb128 0x18
 873 008d 00       		.byte	0
 874 008e 00       		.byte	0
 875 008f 0C       		.uleb128 0xc
 876 0090 898201   		.uleb128 0x4109
 877 0093 01       		.byte	0x1
 878 0094 11       		.uleb128 0x11
 879 0095 01       		.uleb128 0x1
 880 0096 31       		.uleb128 0x31
 881 0097 13       		.uleb128 0x13
 882 0098 01       		.uleb128 0x1
 883 0099 13       		.uleb128 0x13
 884 009a 00       		.byte	0
 885 009b 00       		.byte	0
 886 009c 0D       		.uleb128 0xd
 887 009d 2E       		.uleb128 0x2e
 888 009e 01       		.byte	0x1
 889 009f 3F       		.uleb128 0x3f
 890 00a0 19       		.uleb128 0x19
 891 00a1 03       		.uleb128 0x3
 892 00a2 0E       		.uleb128 0xe
 893 00a3 3A       		.uleb128 0x3a
 894 00a4 0B       		.uleb128 0xb
 895 00a5 3B       		.uleb128 0x3b
 896 00a6 0B       		.uleb128 0xb
 897 00a7 27       		.uleb128 0x27
 898 00a8 19       		.uleb128 0x19
 899 00a9 11       		.uleb128 0x11
 900 00aa 01       		.uleb128 0x1
 901 00ab 12       		.uleb128 0x12
ARM GAS  C:\Users\Dylan\AppData\Local\Temp\ccIlb3QS.s 			page 23


 902 00ac 06       		.uleb128 0x6
 903 00ad 40       		.uleb128 0x40
 904 00ae 18       		.uleb128 0x18
 905 00af 9742     		.uleb128 0x2117
 906 00b1 19       		.uleb128 0x19
 907 00b2 01       		.uleb128 0x1
 908 00b3 13       		.uleb128 0x13
 909 00b4 00       		.byte	0
 910 00b5 00       		.byte	0
 911 00b6 0E       		.uleb128 0xe
 912 00b7 05       		.uleb128 0x5
 913 00b8 00       		.byte	0
 914 00b9 03       		.uleb128 0x3
 915 00ba 0E       		.uleb128 0xe
 916 00bb 3A       		.uleb128 0x3a
 917 00bc 0B       		.uleb128 0xb
 918 00bd 3B       		.uleb128 0x3b
 919 00be 0B       		.uleb128 0xb
 920 00bf 49       		.uleb128 0x49
 921 00c0 13       		.uleb128 0x13
 922 00c1 02       		.uleb128 0x2
 923 00c2 18       		.uleb128 0x18
 924 00c3 00       		.byte	0
 925 00c4 00       		.byte	0
 926 00c5 0F       		.uleb128 0xf
 927 00c6 34       		.uleb128 0x34
 928 00c7 00       		.byte	0
 929 00c8 03       		.uleb128 0x3
 930 00c9 0E       		.uleb128 0xe
 931 00ca 3A       		.uleb128 0x3a
 932 00cb 0B       		.uleb128 0xb
 933 00cc 3B       		.uleb128 0x3b
 934 00cd 0B       		.uleb128 0xb
 935 00ce 49       		.uleb128 0x49
 936 00cf 13       		.uleb128 0x13
 937 00d0 02       		.uleb128 0x2
 938 00d1 17       		.uleb128 0x17
 939 00d2 00       		.byte	0
 940 00d3 00       		.byte	0
 941 00d4 10       		.uleb128 0x10
 942 00d5 2E       		.uleb128 0x2e
 943 00d6 01       		.byte	0x1
 944 00d7 3F       		.uleb128 0x3f
 945 00d8 19       		.uleb128 0x19
 946 00d9 03       		.uleb128 0x3
 947 00da 0E       		.uleb128 0xe
 948 00db 3A       		.uleb128 0x3a
 949 00dc 0B       		.uleb128 0xb
 950 00dd 3B       		.uleb128 0x3b
 951 00de 05       		.uleb128 0x5
 952 00df 27       		.uleb128 0x27
 953 00e0 19       		.uleb128 0x19
 954 00e1 11       		.uleb128 0x11
 955 00e2 01       		.uleb128 0x1
 956 00e3 12       		.uleb128 0x12
 957 00e4 06       		.uleb128 0x6
 958 00e5 40       		.uleb128 0x40
ARM GAS  C:\Users\Dylan\AppData\Local\Temp\ccIlb3QS.s 			page 24


 959 00e6 18       		.uleb128 0x18
 960 00e7 9742     		.uleb128 0x2117
 961 00e9 19       		.uleb128 0x19
 962 00ea 01       		.uleb128 0x1
 963 00eb 13       		.uleb128 0x13
 964 00ec 00       		.byte	0
 965 00ed 00       		.byte	0
 966 00ee 11       		.uleb128 0x11
 967 00ef 0B       		.uleb128 0xb
 968 00f0 01       		.byte	0x1
 969 00f1 11       		.uleb128 0x11
 970 00f2 01       		.uleb128 0x1
 971 00f3 12       		.uleb128 0x12
 972 00f4 06       		.uleb128 0x6
 973 00f5 01       		.uleb128 0x1
 974 00f6 13       		.uleb128 0x13
 975 00f7 00       		.byte	0
 976 00f8 00       		.byte	0
 977 00f9 12       		.uleb128 0x12
 978 00fa 13       		.uleb128 0x13
 979 00fb 01       		.byte	0x1
 980 00fc 0B       		.uleb128 0xb
 981 00fd 0B       		.uleb128 0xb
 982 00fe 3A       		.uleb128 0x3a
 983 00ff 0B       		.uleb128 0xb
 984 0100 3B       		.uleb128 0x3b
 985 0101 05       		.uleb128 0x5
 986 0102 01       		.uleb128 0x1
 987 0103 13       		.uleb128 0x13
 988 0104 00       		.byte	0
 989 0105 00       		.byte	0
 990 0106 13       		.uleb128 0x13
 991 0107 0D       		.uleb128 0xd
 992 0108 00       		.byte	0
 993 0109 03       		.uleb128 0x3
 994 010a 0E       		.uleb128 0xe
 995 010b 3A       		.uleb128 0x3a
 996 010c 0B       		.uleb128 0xb
 997 010d 3B       		.uleb128 0x3b
 998 010e 05       		.uleb128 0x5
 999 010f 49       		.uleb128 0x49
 1000 0110 13       		.uleb128 0x13
 1001 0111 38       		.uleb128 0x38
 1002 0112 0B       		.uleb128 0xb
 1003 0113 00       		.byte	0
 1004 0114 00       		.byte	0
 1005 0115 14       		.uleb128 0x14
 1006 0116 01       		.uleb128 0x1
 1007 0117 01       		.byte	0x1
 1008 0118 49       		.uleb128 0x49
 1009 0119 13       		.uleb128 0x13
 1010 011a 01       		.uleb128 0x1
 1011 011b 13       		.uleb128 0x13
 1012 011c 00       		.byte	0
 1013 011d 00       		.byte	0
 1014 011e 15       		.uleb128 0x15
 1015 011f 21       		.uleb128 0x21
ARM GAS  C:\Users\Dylan\AppData\Local\Temp\ccIlb3QS.s 			page 25


 1016 0120 00       		.byte	0
 1017 0121 49       		.uleb128 0x49
 1018 0122 13       		.uleb128 0x13
 1019 0123 2F       		.uleb128 0x2f
 1020 0124 0B       		.uleb128 0xb
 1021 0125 00       		.byte	0
 1022 0126 00       		.byte	0
 1023 0127 16       		.uleb128 0x16
 1024 0128 26       		.uleb128 0x26
 1025 0129 00       		.byte	0
 1026 012a 49       		.uleb128 0x49
 1027 012b 13       		.uleb128 0x13
 1028 012c 00       		.byte	0
 1029 012d 00       		.byte	0
 1030 012e 17       		.uleb128 0x17
 1031 012f 34       		.uleb128 0x34
 1032 0130 00       		.byte	0
 1033 0131 03       		.uleb128 0x3
 1034 0132 0E       		.uleb128 0xe
 1035 0133 3A       		.uleb128 0x3a
 1036 0134 0B       		.uleb128 0xb
 1037 0135 3B       		.uleb128 0x3b
 1038 0136 05       		.uleb128 0x5
 1039 0137 49       		.uleb128 0x49
 1040 0138 13       		.uleb128 0x13
 1041 0139 02       		.uleb128 0x2
 1042 013a 18       		.uleb128 0x18
 1043 013b 00       		.byte	0
 1044 013c 00       		.byte	0
 1045 013d 18       		.uleb128 0x18
 1046 013e 34       		.uleb128 0x34
 1047 013f 00       		.byte	0
 1048 0140 03       		.uleb128 0x3
 1049 0141 08       		.uleb128 0x8
 1050 0142 3A       		.uleb128 0x3a
 1051 0143 0B       		.uleb128 0xb
 1052 0144 3B       		.uleb128 0x3b
 1053 0145 05       		.uleb128 0x5
 1054 0146 49       		.uleb128 0x49
 1055 0147 13       		.uleb128 0x13
 1056 0148 02       		.uleb128 0x2
 1057 0149 17       		.uleb128 0x17
 1058 014a 00       		.byte	0
 1059 014b 00       		.byte	0
 1060 014c 19       		.uleb128 0x19
 1061 014d 0B       		.uleb128 0xb
 1062 014e 01       		.byte	0x1
 1063 014f 11       		.uleb128 0x11
 1064 0150 01       		.uleb128 0x1
 1065 0151 12       		.uleb128 0x12
 1066 0152 06       		.uleb128 0x6
 1067 0153 00       		.byte	0
 1068 0154 00       		.byte	0
 1069 0155 1A       		.uleb128 0x1a
 1070 0156 0F       		.uleb128 0xf
 1071 0157 00       		.byte	0
 1072 0158 0B       		.uleb128 0xb
ARM GAS  C:\Users\Dylan\AppData\Local\Temp\ccIlb3QS.s 			page 26


 1073 0159 0B       		.uleb128 0xb
 1074 015a 49       		.uleb128 0x49
 1075 015b 13       		.uleb128 0x13
 1076 015c 00       		.byte	0
 1077 015d 00       		.byte	0
 1078 015e 1B       		.uleb128 0x1b
 1079 015f 898201   		.uleb128 0x4109
 1080 0162 00       		.byte	0
 1081 0163 11       		.uleb128 0x11
 1082 0164 01       		.uleb128 0x1
 1083 0165 31       		.uleb128 0x31
 1084 0166 13       		.uleb128 0x13
 1085 0167 00       		.byte	0
 1086 0168 00       		.byte	0
 1087 0169 1C       		.uleb128 0x1c
 1088 016a 2E       		.uleb128 0x2e
 1089 016b 00       		.byte	0
 1090 016c 3F       		.uleb128 0x3f
 1091 016d 19       		.uleb128 0x19
 1092 016e 3C       		.uleb128 0x3c
 1093 016f 19       		.uleb128 0x19
 1094 0170 6E       		.uleb128 0x6e
 1095 0171 0E       		.uleb128 0xe
 1096 0172 03       		.uleb128 0x3
 1097 0173 0E       		.uleb128 0xe
 1098 0174 00       		.byte	0
 1099 0175 00       		.byte	0
 1100 0176 1D       		.uleb128 0x1d
 1101 0177 2E       		.uleb128 0x2e
 1102 0178 00       		.byte	0
 1103 0179 3F       		.uleb128 0x3f
 1104 017a 19       		.uleb128 0x19
 1105 017b 3C       		.uleb128 0x3c
 1106 017c 19       		.uleb128 0x19
 1107 017d 6E       		.uleb128 0x6e
 1108 017e 0E       		.uleb128 0xe
 1109 017f 03       		.uleb128 0x3
 1110 0180 0E       		.uleb128 0xe
 1111 0181 3A       		.uleb128 0x3a
 1112 0182 0B       		.uleb128 0xb
 1113 0183 3B       		.uleb128 0x3b
 1114 0184 0B       		.uleb128 0xb
 1115 0185 00       		.byte	0
 1116 0186 00       		.byte	0
 1117 0187 00       		.byte	0
 1118              		.section	.debug_loc,"",%progbits
 1119              	.Ldebug_loc0:
 1120              	.LLST0:
 1121 0000 00000000 		.4byte	.LVL0
 1122 0004 09000000 		.4byte	.LVL2-1
 1123 0008 0100     		.2byte	0x1
 1124 000a 50       		.byte	0x50
 1125 000b 09000000 		.4byte	.LVL2-1
 1126 000f 0C000000 		.4byte	.LFE1
 1127 0013 0400     		.2byte	0x4
 1128 0015 F3       		.byte	0xf3
 1129 0016 01       		.uleb128 0x1
ARM GAS  C:\Users\Dylan\AppData\Local\Temp\ccIlb3QS.s 			page 27


 1130 0017 50       		.byte	0x50
 1131 0018 9F       		.byte	0x9f
 1132 0019 00000000 		.4byte	0
 1133 001d 00000000 		.4byte	0
 1134              	.LLST1:
 1135 0021 00000000 		.4byte	.LVL0
 1136 0025 06000000 		.4byte	.LVL1
 1137 0029 0100     		.2byte	0x1
 1138 002b 51       		.byte	0x51
 1139 002c 06000000 		.4byte	.LVL1
 1140 0030 09000000 		.4byte	.LVL2-1
 1141 0034 0100     		.2byte	0x1
 1142 0036 52       		.byte	0x52
 1143 0037 09000000 		.4byte	.LVL2-1
 1144 003b 0C000000 		.4byte	.LFE1
 1145 003f 0400     		.2byte	0x4
 1146 0041 F3       		.byte	0xf3
 1147 0042 01       		.uleb128 0x1
 1148 0043 51       		.byte	0x51
 1149 0044 9F       		.byte	0x9f
 1150 0045 00000000 		.4byte	0
 1151 0049 00000000 		.4byte	0
 1152              	.LLST2:
 1153 004d 04000000 		.4byte	.LVL7
 1154 0051 12000000 		.4byte	.LVL9
 1155 0055 0100     		.2byte	0x1
 1156 0057 53       		.byte	0x53
 1157 0058 14000000 		.4byte	.LVL10
 1158 005c 20000000 		.4byte	.LFE6
 1159 0060 0100     		.2byte	0x1
 1160 0062 53       		.byte	0x53
 1161 0063 00000000 		.4byte	0
 1162 0067 00000000 		.4byte	0
 1163              	.LLST3:
 1164 006b 80000000 		.4byte	.LVL12
 1165 006f 84000000 		.4byte	.LVL13
 1166 0073 0200     		.2byte	0x2
 1167 0075 30       		.byte	0x30
 1168 0076 9F       		.byte	0x9f
 1169 0077 84000000 		.4byte	.LVL13
 1170 007b A2000000 		.4byte	.LVL15
 1171 007f 0100     		.2byte	0x1
 1172 0081 54       		.byte	0x54
 1173 0082 A4000000 		.4byte	.LVL16
 1174 0086 EC000000 		.4byte	.LVL19
 1175 008a 0100     		.2byte	0x1
 1176 008c 54       		.byte	0x54
 1177 008d 00000000 		.4byte	0
 1178 0091 00000000 		.4byte	0
 1179              	.LLST4:
 1180 0095 84000000 		.4byte	.LVL13
 1181 0099 A2000000 		.4byte	.LVL15
 1182 009d 0B00     		.2byte	0xb
 1183 009f 74       		.byte	0x74
 1184 00a0 00       		.sleb128 0
 1185 00a1 36       		.byte	0x36
 1186 00a2 1E       		.byte	0x1e
ARM GAS  C:\Users\Dylan\AppData\Local\Temp\ccIlb3QS.s 			page 28


 1187 00a3 03       		.byte	0x3
 1188 00a4 00000000 		.4byte	cfg_memset_list.4954
 1189 00a8 22       		.byte	0x22
 1190 00a9 9F       		.byte	0x9f
 1191 00aa A2000000 		.4byte	.LVL15
 1192 00ae A4000000 		.4byte	.LVL16
 1193 00b2 0B00     		.2byte	0xb
 1194 00b4 74       		.byte	0x74
 1195 00b5 7F       		.sleb128 -1
 1196 00b6 36       		.byte	0x36
 1197 00b7 1E       		.byte	0x1e
 1198 00b8 03       		.byte	0x3
 1199 00b9 00000000 		.4byte	cfg_memset_list.4954
 1200 00bd 22       		.byte	0x22
 1201 00be 9F       		.byte	0x9f
 1202 00bf 00000000 		.4byte	0
 1203 00c3 00000000 		.4byte	0
 1204              		.section	.debug_aranges,"",%progbits
 1205 0000 3C000000 		.4byte	0x3c
 1206 0004 0200     		.2byte	0x2
 1207 0006 00000000 		.4byte	.Ldebug_info0
 1208 000a 04       		.byte	0x4
 1209 000b 00       		.byte	0
 1210 000c 0000     		.2byte	0
 1211 000e 0000     		.2byte	0
 1212 0010 00000000 		.4byte	.LFB1
 1213 0014 0C000000 		.4byte	.LFE1-.LFB1
 1214 0018 00000000 		.4byte	.LFB4
 1215 001c 7C000000 		.4byte	.LFE4-.LFB4
 1216 0020 00000000 		.4byte	.LFB6
 1217 0024 20000000 		.4byte	.LFE6-.LFB6
 1218 0028 00000000 		.4byte	.LFB5
 1219 002c 44000000 		.4byte	.LFE5-.LFB5
 1220 0030 7C000000 		.4byte	.LFB7
 1221 0034 A0000000 		.4byte	.LFE7-.LFB7
 1222 0038 00000000 		.4byte	0
 1223 003c 00000000 		.4byte	0
 1224              		.section	.debug_ranges,"",%progbits
 1225              	.Ldebug_ranges0:
 1226 0000 00000000 		.4byte	.LFB1
 1227 0004 0C000000 		.4byte	.LFE1
 1228 0008 00000000 		.4byte	.LFB4
 1229 000c 7C000000 		.4byte	.LFE4
 1230 0010 00000000 		.4byte	.LFB6
 1231 0014 20000000 		.4byte	.LFE6
 1232 0018 00000000 		.4byte	.LFB5
 1233 001c 44000000 		.4byte	.LFE5
 1234 0020 7C000000 		.4byte	.LFB7
 1235 0024 1C010000 		.4byte	.LFE7
 1236 0028 00000000 		.4byte	0
 1237 002c 00000000 		.4byte	0
 1238              		.section	.debug_line,"",%progbits
 1239              	.Ldebug_line0:
 1240 0000 5E010000 		.section	.debug_str,"MS",%progbits,1
 1240      0200D600 
 1240      00000201 
 1240      FB0E0D00 
ARM GAS  C:\Users\Dylan\AppData\Local\Temp\ccIlb3QS.s 			page 29


 1240      01010101 
 1241              	.LASF19:
 1242 0000 72656733 		.ascii	"reg32\000"
 1242      3200
 1243              	.LASF12:
 1244 0006 73697A65 		.ascii	"size_t\000"
 1244      5F7400
 1245              	.LASF23:
 1246 000d 416E616C 		.ascii	"AnalogSetDefault\000"
 1246      6F675365 
 1246      74446566 
 1246      61756C74 
 1246      00
 1247              	.LASF32:
 1248 001e 4379496E 		.ascii	"CyIntSetVector\000"
 1248      74536574 
 1248      56656374 
 1248      6F7200
 1249              	.LASF30:
 1250 002d 6366675F 		.ascii	"cfg_memset_list\000"
 1250      6D656D73 
 1250      65745F6C 
 1250      69737400 
 1251              	.LASF21:
 1252 003d 436C6F63 		.ascii	"ClockSetup\000"
 1252      6B536574 
 1252      757000
 1253              	.LASF6:
 1254 0048 73686F72 		.ascii	"short unsigned int\000"
 1254      7420756E 
 1254      7369676E 
 1254      65642069 
 1254      6E7400
 1255              	.LASF16:
 1256 005b 666C6F61 		.ascii	"float\000"
 1256      7400
 1257              	.LASF27:
 1258 0061 73697A65 		.ascii	"size\000"
 1258      00
 1259              	.LASF18:
 1260 0066 72656738 		.ascii	"reg8\000"
 1260      00
 1261              	.LASF8:
 1262 006b 6C6F6E67 		.ascii	"long unsigned int\000"
 1262      20756E73 
 1262      69676E65 
 1262      6420696E 
 1262      7400
 1263              	.LASF13:
 1264 007d 75696E74 		.ascii	"uint8\000"
 1264      3800
 1265              	.LASF20:
 1266 0083 43594D45 		.ascii	"CYMEMZERO\000"
 1266      4D5A4552 
 1266      4F00
 1267              	.LASF24:
 1268 008d 53657441 		.ascii	"SetAnalogRoutingPumps\000"
ARM GAS  C:\Users\Dylan\AppData\Local\Temp\ccIlb3QS.s 			page 30


 1268      6E616C6F 
 1268      67526F75 
 1268      74696E67 
 1268      50756D70 
 1269              	.LASF4:
 1270 00a3 756E7369 		.ascii	"unsigned char\000"
 1270      676E6564 
 1270      20636861 
 1270      7200
 1271              	.LASF37:
 1272 00b1 6D656D73 		.ascii	"memset\000"
 1272      657400
 1273              	.LASF17:
 1274 00b8 646F7562 		.ascii	"double\000"
 1274      6C6500
 1275              	.LASF33:
 1276 00bf 4379496E 		.ascii	"CyIntEnable\000"
 1276      74456E61 
 1276      626C6500 
 1277              	.LASF14:
 1278 00cb 75696E74 		.ascii	"uint16\000"
 1278      313600
 1279              	.LASF15:
 1280 00d2 75696E74 		.ascii	"uint32\000"
 1280      333200
 1281              	.LASF0:
 1282 00d9 756E7369 		.ascii	"unsigned int\000"
 1282      676E6564 
 1282      20696E74 
 1282      00
 1283              	.LASF25:
 1284 00e6 63796669 		.ascii	"cyfitter_cfg\000"
 1284      74746572 
 1284      5F636667 
 1284      00
 1285              	.LASF26:
 1286 00f3 61646472 		.ascii	"address\000"
 1286      65737300 
 1287              	.LASF9:
 1288 00fb 6C6F6E67 		.ascii	"long long unsigned int\000"
 1288      206C6F6E 
 1288      6720756E 
 1288      7369676E 
 1288      65642069 
 1289              	.LASF34:
 1290 0112 474E5520 		.ascii	"GNU C11 5.4.1 20160609 (release) [ARM/embedded-5-br"
 1290      43313120 
 1290      352E342E 
 1290      31203230 
 1290      31363036 
 1291 0145 616E6368 		.ascii	"anch revision 237715] -mcpu=cortex-m0 -mthumb -g -O"
 1291      20726576 
 1291      6973696F 
 1291      6E203233 
 1291      37373135 
 1292 0178 67202D66 		.ascii	"g -ffunction-sections -ffat-lto-objects\000"
 1292      66756E63 
ARM GAS  C:\Users\Dylan\AppData\Local\Temp\ccIlb3QS.s 			page 31


 1292      74696F6E 
 1292      2D736563 
 1292      74696F6E 
 1293              	.LASF28:
 1294 01a0 6366675F 		.ascii	"cfg_memset_t\000"
 1294      6D656D73 
 1294      65745F74 
 1294      00
 1295              	.LASF10:
 1296 01ad 73697A65 		.ascii	"sizetype\000"
 1296      74797065 
 1296      00
 1297              	.LASF1:
 1298 01b6 6C6F6E67 		.ascii	"long long int\000"
 1298      206C6F6E 
 1298      6720696E 
 1298      7400
 1299              	.LASF11:
 1300 01c4 63686172 		.ascii	"char\000"
 1300      00
 1301              	.LASF36:
 1302 01c9 473A5C4D 		.ascii	"G:\\My Drive\\Husky Robotics\\Electronics\\Arm_Elec"
 1302      79204472 
 1302      6976655C 
 1302      4875736B 
 1302      7920526F 
 1303 01f8 74726F6E 		.ascii	"tronics\\PSoC Workspaces\\MotorBoard2017-18_PSoC Wo"
 1303      6963735C 
 1303      50536F43 
 1303      20576F72 
 1303      6B737061 
 1304 0229 726B7370 		.ascii	"rkspace\\PioneerLSeries.cydsn\000"
 1304      6163655C 
 1304      50696F6E 
 1304      6565724C 
 1304      53657269 
 1305              	.LASF5:
 1306 0246 73686F72 		.ascii	"short int\000"
 1306      7420696E 
 1306      7400
 1307              	.LASF31:
 1308 0250 43795379 		.ascii	"CySysClkWriteImoFreq\000"
 1308      73436C6B 
 1308      57726974 
 1308      65496D6F 
 1308      46726571 
 1309              	.LASF22:
 1310 0265 656E6162 		.ascii	"enabled\000"
 1310      6C656400 
 1311              	.LASF7:
 1312 026d 6C6F6E67 		.ascii	"long int\000"
 1312      20696E74 
 1312      00
 1313              	.LASF2:
 1314 0276 6C6F6E67 		.ascii	"long double\000"
 1314      20646F75 
 1314      626C6500 
ARM GAS  C:\Users\Dylan\AppData\Local\Temp\ccIlb3QS.s 			page 32


 1315              	.LASF3:
 1316 0282 7369676E 		.ascii	"signed char\000"
 1316      65642063 
 1316      68617200 
 1317              	.LASF35:
 1318 028e 47656E65 		.ascii	"Generated_Source\\PSoC4\\cyfitter_cfg.c\000"
 1318      72617465 
 1318      645F536F 
 1318      75726365 
 1318      5C50536F 
 1319              	.LASF29:
 1320 02b4 72656756 		.ascii	"regValue\000"
 1320      616C7565 
 1320      00
 1321              		.ident	"GCC: (GNU Tools for ARM Embedded Processors) 5.4.1 20160609 (release) [ARM/embedded-5-bran
