ARM GAS  C:\Users\DEFAUL~1.DES\AppData\Local\Temp\ccVTiUGl.s 			page 1


   1              		.syntax unified
   2              		.cpu cortex-m0
   3              		.fpu softvfp
   4              		.eabi_attribute 20, 1
   5              		.eabi_attribute 21, 1
   6              		.eabi_attribute 23, 3
   7              		.eabi_attribute 24, 1
   8              		.eabi_attribute 25, 1
   9              		.eabi_attribute 26, 1
  10              		.eabi_attribute 30, 1
  11              		.eabi_attribute 34, 0
  12              		.eabi_attribute 18, 4
  13              		.thumb
  14              		.syntax unified
  15              		.file	"main.c"
  16              		.text
  17              	.Ltext0:
  18              		.cfi_sections	.debug_frame
  19              		.section	.text.initMotor,"ax",%progbits
  20              		.align	2
  21              		.global	initMotor
  22              		.code	16
  23              		.thumb_func
  24              		.type	initMotor, %function
  25              	initMotor:
  26              	.LFB36:
  27              		.file 1 "main.c"
   1:main.c        **** /* ========================================
   2:main.c        ****  *
   3:main.c        ****  * Copyright YOUR COMPANY, THE YEAR
   4:main.c        ****  * All Rights Reserved
   5:main.c        ****  * UNPUBLISHED, LICENSED SOFTWARE.
   6:main.c        ****  *
   7:main.c        ****  * CONFIDENTIAL AND PROPRIETARY INFORMATION
   8:main.c        ****  * WHICH IS THE PROPERTY OF your company.
   9:main.c        ****  *
  10:main.c        ****  * ========================================
  11:main.c        **** */
  12:main.c        **** #include "top.h"
  13:main.c        **** 
  14:main.c        **** //local function prototypes
  15:main.c        **** void initialize(void);
  16:main.c        **** void initDataStructs(void);
  17:main.c        **** void initTCBs(void);
  18:main.c        **** void initMotor(motor *currMotorPtr, int motorID);
  19:main.c        **** 
  20:main.c        **** //external function prototypes
  21:main.c        **** //void addTask(tcb *newTask);
  22:main.c        **** //void executeTask(tcb *tcbPtr);
  23:main.c        **** void readPot(void* currDataPtr);
  24:main.c        **** void display(void *dataPointer);
  25:main.c        **** 
  26:main.c        **** //void initMotor(motor *currMotorPtr, int motorID);
  27:main.c        **** //void readPot();
  28:main.c        **** 
  29:main.c        **** //declare motor variables from motor.h
  30:main.c        **** motor motor0;
ARM GAS  C:\Users\DEFAUL~1.DES\AppData\Local\Temp\ccVTiUGl.s 			page 2


  31:main.c        **** 
  32:main.c        **** //declare global variables
  33:main.c        **** tcb *firstTCBPtr = 0;
  34:main.c        **** tcb *lastTCBPtr = 0;
  35:main.c        **** 
  36:main.c        **** //data structs
  37:main.c        **** potData myPotData;
  38:main.c        **** displayData myDisplayData;
  39:main.c        **** 
  40:main.c        **** //tcb structs
  41:main.c        **** tcb potTCB;
  42:main.c        **** tcb displayTCB;
  43:main.c        **** 
  44:main.c        **** /*
  45:main.c        **** CY_ISR(isrLim0)
  46:main.c        **** {
  47:main.c        ****     LCD_Position(0,0);
  48:main.c        ****     LCD_PrintString("Pot interrupt");
  49:main.c        ****     addTask(&potTCB);
  50:main.c        **** }
  51:main.c        **** 
  52:main.c        **** CY_ISR(isrLim1)
  53:main.c        **** {
  54:main.c        ****     LCD_Position(0, 0);
  55:main.c        ****     LCD_PrintString("Display interrupt");
  56:main.c        ****     addTask(&displayTCB);   
  57:main.c        **** }
  58:main.c        **** */
  59:main.c        **** int main(void)
  60:main.c        **** {
  61:main.c        ****     CyGlobalIntEnable; /* Enable global interrupts. */
  62:main.c        ****     
  63:main.c        ****     initialize();
  64:main.c        ****     
  65:main.c        ****     int count = 0; //For testing/ call simulation purposes.
  66:main.c        ****     addTask(&displayTCB);
  67:main.c        ****     for(;;)
  68:main.c        ****     {
  69:main.c        ****         tcb *myFirstTCBPtr = firstTCBPtr;
  70:main.c        ****         addTask(&displayTCB);
  71:main.c        ****         myFirstTCBPtr = firstTCBPtr;
  72:main.c        **** //        if(0 == count % 6)
  73:main.c        **** //            addtask((void*) &pottcb);
  74:main.c        **** //        if(0 == count % 17)
  75:main.c        **** //            addtask((void*) &displaytcb);
  76:main.c        ****         //readPot(&motor0);
  77:main.c        ****         //CyDelay(500);
  78:main.c        ****         //LCD_Position(1, 0);
  79:main.c        ****         //LCD_PrintString("Reading: ");
  80:main.c        ****         //readPot(&motor0);
  81:main.c        ****         //LCD_PrintDecUint16(motor0.posRaw);
  82:main.c        ****         //CyDelay(500);
  83:main.c        ****         //addTask(&
  84:main.c        ****         //if(NULL != firstTCBPtr)
  85:main.c        ****           //  executeTask(firstTCBPtr);
  86:main.c        ****         //addTask(&displayTCB);    
  87:main.c        ****         executeTask(firstTCBPtr);
ARM GAS  C:\Users\DEFAUL~1.DES\AppData\Local\Temp\ccVTiUGl.s 			page 3


  88:main.c        ****         myFirstTCBPtr = firstTCBPtr;
  89:main.c        ****         LCD_PrintString("Hi");
  90:main.c        ****     }
  91:main.c        **** }
  92:main.c        **** 
  93:main.c        **** 
  94:main.c        **** 
  95:main.c        **** void initialize()
  96:main.c        **** {
  97:main.c        ****     LCD_Start();
  98:main.c        ****     ADC_Start();
  99:main.c        ****     initMotor(&motor0, 0);
 100:main.c        ****     //LCD_PrintString("Hello World");
 101:main.c        ****     initDataStructs();
 102:main.c        ****     initTCBs();
 103:main.c        ****     addTask(&potTCB);
 104:main.c        **** }
 105:main.c        **** 
 106:main.c        **** void initMotor(motor *currMotorPtr, int motorID)
 107:main.c        **** {
  28              		.loc 1 107 0
  29              		.cfi_startproc
  30              		@ args = 0, pretend = 0, frame = 0
  31              		@ frame_needed = 0, uses_anonymous_args = 0
  32              		@ link register save eliminated.
  33              	.LVL0:
 108:main.c        ****     currMotorPtr->motorID = motorID;
  34              		.loc 1 108 0
  35 0000 0160     		str	r1, [r0]
 109:main.c        ****     //readPot(currMotorPtr);
 110:main.c        **** }
  36              		.loc 1 110 0
  37              		@ sp needed
  38 0002 7047     		bx	lr
  39              		.cfi_endproc
  40              	.LFE36:
  41              		.size	initMotor, .-initMotor
  42              		.section	.text.initDataStructs,"ax",%progbits
  43              		.align	2
  44              		.global	initDataStructs
  45              		.code	16
  46              		.thumb_func
  47              		.type	initDataStructs, %function
  48              	initDataStructs:
  49              	.LFB37:
 111:main.c        **** 
 112:main.c        **** void initDataStructs(void)
 113:main.c        **** {
  50              		.loc 1 113 0
  51              		.cfi_startproc
  52              		@ args = 0, pretend = 0, frame = 0
  53              		@ frame_needed = 0, uses_anonymous_args = 0
  54              		@ link register save eliminated.
  55              	.LVL1:
 114:main.c        ****     int i = 0;
 115:main.c        ****     for(i = 0; i < NUM_MOTORS; i++)
  56              		.loc 1 115 0
ARM GAS  C:\Users\DEFAUL~1.DES\AppData\Local\Temp\ccVTiUGl.s 			page 4


  57 0000 0023     		movs	r3, #0
  58 0002 05E0     		b	.L3
  59              	.LVL2:
  60              	.L4:
 116:main.c        ****     {
 117:main.c        ****         myDisplayData.potRawPtr[i] = &(myPotData.potRaw[i]);
  61              		.loc 1 117 0 discriminator 3
  62 0004 9900     		lsls	r1, r3, #2
  63 0006 044A     		ldr	r2, .L5
  64 0008 8A18     		adds	r2, r1, r2
  65 000a 0448     		ldr	r0, .L5+4
  66 000c 0A50     		str	r2, [r1, r0]
 115:main.c        ****     {
  67              		.loc 1 115 0 discriminator 3
  68 000e 0133     		adds	r3, r3, #1
  69              	.LVL3:
  70              	.L3:
 115:main.c        ****     {
  71              		.loc 1 115 0 is_stmt 0 discriminator 1
  72 0010 022B     		cmp	r3, #2
  73 0012 F7DD     		ble	.L4
 118:main.c        ****     }
 119:main.c        **** }
  74              		.loc 1 119 0 is_stmt 1
  75              		@ sp needed
  76 0014 7047     		bx	lr
  77              	.L6:
  78 0016 C046     		.align	2
  79              	.L5:
  80 0018 00000000 		.word	myPotData
  81 001c 00000000 		.word	myDisplayData
  82              		.cfi_endproc
  83              	.LFE37:
  84              		.size	initDataStructs, .-initDataStructs
  85              		.section	.text.initTCBs,"ax",%progbits
  86              		.align	2
  87              		.global	initTCBs
  88              		.code	16
  89              		.thumb_func
  90              		.type	initTCBs, %function
  91              	initTCBs:
  92              	.LFB38:
 120:main.c        **** 
 121:main.c        **** void initTCBs(void)
 122:main.c        **** {
  93              		.loc 1 122 0
  94              		.cfi_startproc
  95              		@ args = 0, pretend = 0, frame = 0
  96              		@ frame_needed = 0, uses_anonymous_args = 0
  97 0000 10B5     		push	{r4, lr}
  98              		.cfi_def_cfa_offset 8
  99              		.cfi_offset 4, -8
 100              		.cfi_offset 14, -4
 123:main.c        ****     LCD_PrintString("TCB Init");
 101              		.loc 1 123 0
 102 0002 0748     		ldr	r0, .L8
 103 0004 FFF7FEFF 		bl	LCD_PrintString
ARM GAS  C:\Users\DEFAUL~1.DES\AppData\Local\Temp\ccVTiUGl.s 			page 5


 104              	.LVL4:
 124:main.c        ****     potTCB.currTask = readPot;
 105              		.loc 1 124 0
 106 0008 064B     		ldr	r3, .L8+4
 107 000a 074A     		ldr	r2, .L8+8
 108 000c 1A60     		str	r2, [r3]
 125:main.c        ****     potTCB.dataPtr  = &myPotData;
 109              		.loc 1 125 0
 110 000e 074A     		ldr	r2, .L8+12
 111 0010 5A60     		str	r2, [r3, #4]
 126:main.c        ****     displayTCB.currTask = display;
 112              		.loc 1 126 0
 113 0012 074B     		ldr	r3, .L8+16
 114 0014 074A     		ldr	r2, .L8+20
 115 0016 1A60     		str	r2, [r3]
 127:main.c        ****     displayTCB.dataPtr = &myDisplayData;
 116              		.loc 1 127 0
 117 0018 074A     		ldr	r2, .L8+24
 118 001a 5A60     		str	r2, [r3, #4]
 128:main.c        **** }...
 119              		.loc 1 128 0
 120              		@ sp needed
 121 001c 10BD     		pop	{r4, pc}
 122              	.L9:
 123 001e C046     		.align	2
 124              	.L8:
 125 0020 00000000 		.word	.LC2
 126 0024 00000000 		.word	potTCB
 127 0028 00000000 		.word	readPot
 128 002c 00000000 		.word	myPotData
 129 0030 00000000 		.word	displayTCB
 130 0034 00000000 		.word	display
 131 0038 00000000 		.word	myDisplayData
 132              		.cfi_endproc
 133              	.LFE38:
 134              		.size	initTCBs, .-initTCBs
 135              		.section	.text.initialize,"ax",%progbits
 136              		.align	2
 137              		.global	initialize
 138              		.code	16
 139              		.thumb_func
 140              		.type	initialize, %function
 141              	initialize:
 142              	.LFB35:
  96:main.c        **** {
 143              		.loc 1 96 0
 144              		.cfi_startproc
 145              		@ args = 0, pretend = 0, frame = 0
 146              		@ frame_needed = 0, uses_anonymous_args = 0
 147 0000 10B5     		push	{r4, lr}
 148              		.cfi_def_cfa_offset 8
 149              		.cfi_offset 4, -8
 150              		.cfi_offset 14, -4
  97:main.c        ****     LCD_Start();
 151              		.loc 1 97 0
 152 0002 FFF7FEFF 		bl	LCD_Start
 153              	.LVL5:
ARM GAS  C:\Users\DEFAUL~1.DES\AppData\Local\Temp\ccVTiUGl.s 			page 6


  98:main.c        ****     ADC_Start();
 154              		.loc 1 98 0
 155 0006 FFF7FEFF 		bl	ADC_Start
 156              	.LVL6:
  99:main.c        ****     initMotor(&motor0, 0);
 157              		.loc 1 99 0
 158 000a 0021     		movs	r1, #0
 159 000c 0548     		ldr	r0, .L11
 160 000e FFF7FEFF 		bl	initMotor
 161              	.LVL7:
 101:main.c        ****     initDataStructs();
 162              		.loc 1 101 0
 163 0012 FFF7FEFF 		bl	initDataStructs
 164              	.LVL8:
 102:main.c        ****     initTCBs();
 165              		.loc 1 102 0
 166 0016 FFF7FEFF 		bl	initTCBs
 167              	.LVL9:
 103:main.c        ****     addTask(&potTCB);
 168              		.loc 1 103 0
 169 001a 0348     		ldr	r0, .L11+4
 170 001c FFF7FEFF 		bl	addTask
 171              	.LVL10:
 104:main.c        **** }
 172              		.loc 1 104 0
 173              		@ sp needed
 174 0020 10BD     		pop	{r4, pc}
 175              	.L12:
 176 0022 C046     		.align	2
 177              	.L11:
 178 0024 00000000 		.word	motor0
 179 0028 00000000 		.word	potTCB
 180              		.cfi_endproc
 181              	.LFE35:
 182              		.size	initialize, .-initialize
 183              		.section	.text.main,"ax",%progbits
 184              		.align	2
 185              		.global	main
 186              		.code	16
 187              		.thumb_func
 188              		.type	main, %function
 189              	main:
 190              	.LFB34:
  60:main.c        **** {
 191              		.loc 1 60 0
 192              		.cfi_startproc
 193              		@ args = 0, pretend = 0, frame = 0
 194              		@ frame_needed = 0, uses_anonymous_args = 0
 195 0000 10B5     		push	{r4, lr}
 196              		.cfi_def_cfa_offset 8
 197              		.cfi_offset 4, -8
 198              		.cfi_offset 14, -4
  61:main.c        ****     CyGlobalIntEnable; /* Enable global interrupts. */
 199              		.loc 1 61 0
 200              		.syntax divided
 201              	@ 61 "main.c" 1
 202 0002 62B6     		CPSIE   i
ARM GAS  C:\Users\DEFAUL~1.DES\AppData\Local\Temp\ccVTiUGl.s 			page 7


 203              	@ 0 "" 2
  63:main.c        ****     initialize();
 204              		.loc 1 63 0
 205              		.thumb
 206              		.syntax unified
 207 0004 FFF7FEFF 		bl	initialize
 208              	.LVL11:
  66:main.c        ****     addTask(&displayTCB);
 209              		.loc 1 66 0
 210 0008 0648     		ldr	r0, .L15
 211 000a FFF7FEFF 		bl	addTask
 212              	.LVL12:
 213              	.L14:
 214              	.LBB2:
  70:main.c        ****         addTask(&displayTCB);
 215              		.loc 1 70 0 discriminator 1
 216 000e 0548     		ldr	r0, .L15
 217 0010 FFF7FEFF 		bl	addTask
 218              	.LVL13:
  87:main.c        ****         executeTask(firstTCBPtr);
 219              		.loc 1 87 0 discriminator 1
 220 0014 044B     		ldr	r3, .L15+4
 221 0016 1868     		ldr	r0, [r3]
 222 0018 FFF7FEFF 		bl	executeTask
 223              	.LVL14:
  89:main.c        ****         LCD_PrintString("Hi");
 224              		.loc 1 89 0 discriminator 1
 225 001c 0348     		ldr	r0, .L15+8
 226 001e FFF7FEFF 		bl	LCD_PrintString
 227              	.LVL15:
 228 0022 F4E7     		b	.L14
 229              	.L16:
 230              		.align	2
 231              	.L15:
 232 0024 00000000 		.word	displayTCB
 233 0028 00000000 		.word	.LANCHOR0
 234 002c 0C000000 		.word	.LC14
 235              	.LBE2:
 236              		.cfi_endproc
 237              	.LFE34:
 238              		.size	main, .-main
 239              		.comm	displayTCB,12,4
 240              		.comm	potTCB,12,4
 241              		.comm	myDisplayData,12,4
 242              		.comm	myPotData,12,4
 243              		.global	lastTCBPtr
 244              		.global	firstTCBPtr
 245              		.comm	motor0,24,4
 246              		.section	.rodata.str1.4,"aMS",%progbits,1
 247              		.align	2
 248              	.LC2:
 249 0000 54434220 		.ascii	"TCB Init\000"
 249      496E6974 
 249      00
 250 0009 000000   		.space	3
 251              	.LC14:
 252 000c 486900   		.ascii	"Hi\000"
ARM GAS  C:\Users\DEFAUL~1.DES\AppData\Local\Temp\ccVTiUGl.s 			page 8


 253              		.bss
 254              		.align	2
 255              		.set	.LANCHOR0,. + 0
 256              		.type	firstTCBPtr, %object
 257              		.size	firstTCBPtr, 4
 258              	firstTCBPtr:
 259 0000 00000000 		.space	4
 260              		.type	lastTCBPtr, %object
 261              		.size	lastTCBPtr, 4
 262              	lastTCBPtr:
 263 0004 00000000 		.space	4
 264              		.text
 265              	.Letext0:
 266              		.file 2 "motor.h"
 267              		.file 3 "tcb.h"
 268              		.file 4 "structs.h"
 269              		.file 5 "Generated_Source\\PSoC4/LCD.h"
 270              		.file 6 "Generated_Source\\PSoC4/ADC.h"
 271              		.file 7 "top.h"
 272              		.section	.debug_info,"",%progbits
 273              	.Ldebug_info0:
 274 0000 DA030000 		.4byte	0x3da
 275 0004 0400     		.2byte	0x4
 276 0006 00000000 		.4byte	.Ldebug_abbrev0
 277 000a 04       		.byte	0x4
 278 000b 01       		.uleb128 0x1
 279 000c 9D010000 		.4byte	.LASF47
 280 0010 0C       		.byte	0xc
 281 0011 55020000 		.4byte	.LASF48
 282 0015 A6020000 		.4byte	.LASF49
 283 0019 00000000 		.4byte	.Ldebug_ranges0+0
 284 001d 00000000 		.4byte	0
 285 0021 00000000 		.4byte	.Ldebug_line0
 286 0025 02       		.uleb128 0x2
 287 0026 01       		.byte	0x1
 288 0027 06       		.byte	0x6
 289 0028 87010000 		.4byte	.LASF0
 290 002c 02       		.uleb128 0x2
 291 002d 01       		.byte	0x1
 292 002e 08       		.byte	0x8
 293 002f C7000000 		.4byte	.LASF1
 294 0033 02       		.uleb128 0x2
 295 0034 02       		.byte	0x2
 296 0035 05       		.byte	0x5
 297 0036 70020000 		.4byte	.LASF2
 298 003a 02       		.uleb128 0x2
 299 003b 02       		.byte	0x2
 300 003c 07       		.byte	0x7
 301 003d AC000000 		.4byte	.LASF3
 302 0041 02       		.uleb128 0x2
 303 0042 04       		.byte	0x4
 304 0043 05       		.byte	0x5
 305 0044 7A020000 		.4byte	.LASF4
 306 0048 02       		.uleb128 0x2
 307 0049 04       		.byte	0x4
 308 004a 07       		.byte	0x7
 309 004b 9A000000 		.4byte	.LASF5
ARM GAS  C:\Users\DEFAUL~1.DES\AppData\Local\Temp\ccVTiUGl.s 			page 9


 310 004f 02       		.uleb128 0x2
 311 0050 08       		.byte	0x8
 312 0051 05       		.byte	0x5
 313 0052 00000000 		.4byte	.LASF6
 314 0056 02       		.uleb128 0x2
 315 0057 08       		.byte	0x8
 316 0058 07       		.byte	0x7
 317 0059 43010000 		.4byte	.LASF7
 318 005d 03       		.uleb128 0x3
 319 005e 04       		.byte	0x4
 320 005f 05       		.byte	0x5
 321 0060 696E7400 		.ascii	"int\000"
 322 0064 02       		.uleb128 0x2
 323 0065 04       		.byte	0x4
 324 0066 07       		.byte	0x7
 325 0067 2F010000 		.4byte	.LASF8
 326 006b 02       		.uleb128 0x2
 327 006c 04       		.byte	0x4
 328 006d 04       		.byte	0x4
 329 006e 5C000000 		.4byte	.LASF9
 330 0072 02       		.uleb128 0x2
 331 0073 08       		.byte	0x8
 332 0074 04       		.byte	0x4
 333 0075 D5000000 		.4byte	.LASF10
 334 0079 02       		.uleb128 0x2
 335 007a 01       		.byte	0x1
 336 007b 08       		.byte	0x8
 337 007c 5C020000 		.4byte	.LASF11
 338 0080 04       		.uleb128 0x4
 339 0081 04       		.byte	0x4
 340 0082 86000000 		.4byte	0x86
 341 0086 05       		.uleb128 0x5
 342 0087 02       		.uleb128 0x2
 343 0088 08       		.byte	0x8
 344 0089 04       		.byte	0x4
 345 008a 8E020000 		.4byte	.LASF12
 346 008e 02       		.uleb128 0x2
 347 008f 04       		.byte	0x4
 348 0090 07       		.byte	0x7
 349 0091 46020000 		.4byte	.LASF13
 350 0095 06       		.uleb128 0x6
 351 0096 04       		.byte	0x4
 352 0097 07       		.uleb128 0x7
 353 0098 18       		.byte	0x18
 354 0099 02       		.byte	0x2
 355 009a 0F       		.byte	0xf
 356 009b E8000000 		.4byte	0xe8
 357 009f 08       		.uleb128 0x8
 358 00a0 54000000 		.4byte	.LASF14
 359 00a4 02       		.byte	0x2
 360 00a5 10       		.byte	0x10
 361 00a6 5D000000 		.4byte	0x5d
 362 00aa 00       		.byte	0
 363 00ab 08       		.uleb128 0x8
 364 00ac 3C010000 		.4byte	.LASF15
 365 00b0 02       		.byte	0x2
 366 00b1 11       		.byte	0x11
ARM GAS  C:\Users\DEFAUL~1.DES\AppData\Local\Temp\ccVTiUGl.s 			page 10


 367 00b2 5D000000 		.4byte	0x5d
 368 00b6 04       		.byte	0x4
 369 00b7 08       		.uleb128 0x8
 370 00b8 2A000000 		.4byte	.LASF16
 371 00bc 02       		.byte	0x2
 372 00bd 12       		.byte	0x12
 373 00be 6B000000 		.4byte	0x6b
 374 00c2 08       		.byte	0x8
 375 00c3 08       		.uleb128 0x8
 376 00c4 E8000000 		.4byte	.LASF17
 377 00c8 02       		.byte	0x2
 378 00c9 13       		.byte	0x13
 379 00ca 80000000 		.4byte	0x80
 380 00ce 0C       		.byte	0xc
 381 00cf 08       		.uleb128 0x8
 382 00d0 0E000000 		.4byte	.LASF18
 383 00d4 02       		.byte	0x2
 384 00d5 14       		.byte	0x14
 385 00d6 80000000 		.4byte	0x80
 386 00da 10       		.byte	0x10
 387 00db 08       		.uleb128 0x8
 388 00dc 5A010000 		.4byte	.LASF19
 389 00e0 02       		.byte	0x2
 390 00e1 15       		.byte	0x15
 391 00e2 80000000 		.4byte	0x80
 392 00e6 14       		.byte	0x14
 393 00e7 00       		.byte	0
 394 00e8 09       		.uleb128 0x9
 395 00e9 4F020000 		.4byte	.LASF23
 396 00ed 02       		.byte	0x2
 397 00ee 18       		.byte	0x18
 398 00ef 97000000 		.4byte	0x97
 399 00f3 0A       		.uleb128 0xa
 400 00f4 38000000 		.4byte	.LASF50
 401 00f8 0C       		.byte	0xc
 402 00f9 03       		.byte	0x3
 403 00fa 0B       		.byte	0xb
 404 00fb 24010000 		.4byte	0x124
 405 00ff 08       		.uleb128 0x8
 406 0100 15030000 		.4byte	.LASF20
 407 0104 03       		.byte	0x3
 408 0105 0D       		.byte	0xd
 409 0106 2F010000 		.4byte	0x12f
 410 010a 00       		.byte	0
 411 010b 08       		.uleb128 0x8
 412 010c 92000000 		.4byte	.LASF21
 413 0110 03       		.byte	0x3
 414 0111 0E       		.byte	0xe
 415 0112 95000000 		.4byte	0x95
 416 0116 04       		.byte	0x4
 417 0117 08       		.uleb128 0x8
 418 0118 2B020000 		.4byte	.LASF22
 419 011c 03       		.byte	0x3
 420 011d 0F       		.byte	0xf
 421 011e 35010000 		.4byte	0x135
 422 0122 08       		.byte	0x8
 423 0123 00       		.byte	0
ARM GAS  C:\Users\DEFAUL~1.DES\AppData\Local\Temp\ccVTiUGl.s 			page 11


 424 0124 0B       		.uleb128 0xb
 425 0125 2F010000 		.4byte	0x12f
 426 0129 0C       		.uleb128 0xc
 427 012a 95000000 		.4byte	0x95
 428 012e 00       		.byte	0
 429 012f 04       		.uleb128 0x4
 430 0130 04       		.byte	0x4
 431 0131 24010000 		.4byte	0x124
 432 0135 04       		.uleb128 0x4
 433 0136 04       		.byte	0x4
 434 0137 F3000000 		.4byte	0xf3
 435 013b 0D       		.uleb128 0xd
 436 013c 74636200 		.ascii	"tcb\000"
 437 0140 03       		.byte	0x3
 438 0141 10       		.byte	0x10
 439 0142 F3000000 		.4byte	0xf3
 440 0146 07       		.uleb128 0x7
 441 0147 0C       		.byte	0xc
 442 0148 04       		.byte	0x4
 443 0149 0E       		.byte	0xe
 444 014a 5B010000 		.4byte	0x15b
 445 014e 08       		.uleb128 0x8
 446 014f 69020000 		.4byte	.LASF24
 447 0153 04       		.byte	0x4
 448 0154 10       		.byte	0x10
 449 0155 5B010000 		.4byte	0x15b
 450 0159 00       		.byte	0
 451 015a 00       		.byte	0
 452 015b 0E       		.uleb128 0xe
 453 015c 5D000000 		.4byte	0x5d
 454 0160 6B010000 		.4byte	0x16b
 455 0164 0F       		.uleb128 0xf
 456 0165 8E000000 		.4byte	0x8e
 457 0169 02       		.byte	0x2
 458 016a 00       		.byte	0
 459 016b 09       		.uleb128 0x9
 460 016c BF000000 		.4byte	.LASF25
 461 0170 04       		.byte	0x4
 462 0171 11       		.byte	0x11
 463 0172 46010000 		.4byte	0x146
 464 0176 07       		.uleb128 0x7
 465 0177 0C       		.byte	0xc
 466 0178 04       		.byte	0x4
 467 0179 14       		.byte	0x14
 468 017a 8B010000 		.4byte	0x18b
 469 017e 08       		.uleb128 0x8
 470 017f 20000000 		.4byte	.LASF26
 471 0183 04       		.byte	0x4
 472 0184 16       		.byte	0x16
 473 0185 8B010000 		.4byte	0x18b
 474 0189 00       		.byte	0
 475 018a 00       		.byte	0
 476 018b 0E       		.uleb128 0xe
 477 018c 9B010000 		.4byte	0x19b
 478 0190 9B010000 		.4byte	0x19b
 479 0194 0F       		.uleb128 0xf
 480 0195 8E000000 		.4byte	0x8e
ARM GAS  C:\Users\DEFAUL~1.DES\AppData\Local\Temp\ccVTiUGl.s 			page 12


 481 0199 02       		.byte	0x2
 482 019a 00       		.byte	0
 483 019b 04       		.uleb128 0x4
 484 019c 04       		.byte	0x4
 485 019d 5D000000 		.4byte	0x5d
 486 01a1 09       		.uleb128 0x9
 487 01a2 9A020000 		.4byte	.LASF27
 488 01a6 04       		.byte	0x4
 489 01a7 17       		.byte	0x17
 490 01a8 76010000 		.4byte	0x176
 491 01ac 10       		.uleb128 0x10
 492 01ad 93010000 		.4byte	.LASF29
 493 01b1 01       		.byte	0x1
 494 01b2 6A       		.byte	0x6a
 495 01b3 00000000 		.4byte	.LFB36
 496 01b7 04000000 		.4byte	.LFE36-.LFB36
 497 01bb 01       		.uleb128 0x1
 498 01bc 9C       		.byte	0x9c
 499 01bd DC010000 		.4byte	0x1dc
 500 01c1 11       		.uleb128 0x11
 501 01c2 85000000 		.4byte	.LASF28
 502 01c6 01       		.byte	0x1
 503 01c7 6A       		.byte	0x6a
 504 01c8 DC010000 		.4byte	0x1dc
 505 01cc 01       		.uleb128 0x1
 506 01cd 50       		.byte	0x50
 507 01ce 11       		.uleb128 0x11
 508 01cf 54000000 		.4byte	.LASF14
 509 01d3 01       		.byte	0x1
 510 01d4 6A       		.byte	0x6a
 511 01d5 5D000000 		.4byte	0x5d
 512 01d9 01       		.uleb128 0x1
 513 01da 51       		.byte	0x51
 514 01db 00       		.byte	0
 515 01dc 04       		.uleb128 0x4
 516 01dd 04       		.byte	0x4
 517 01de E8000000 		.4byte	0xe8
 518 01e2 10       		.uleb128 0x10
 519 01e3 36020000 		.4byte	.LASF30
 520 01e7 01       		.byte	0x1
 521 01e8 70       		.byte	0x70
 522 01e9 00000000 		.4byte	.LFB37
 523 01ed 20000000 		.4byte	.LFE37-.LFB37
 524 01f1 01       		.uleb128 0x1
 525 01f2 9C       		.byte	0x9c
 526 01f3 05020000 		.4byte	0x205
 527 01f7 12       		.uleb128 0x12
 528 01f8 6900     		.ascii	"i\000"
 529 01fa 01       		.byte	0x1
 530 01fb 72       		.byte	0x72
 531 01fc 5D000000 		.4byte	0x5d
 532 0200 00000000 		.4byte	.LLST0
 533 0204 00       		.byte	0
 534 0205 10       		.uleb128 0x10
 535 0206 6B010000 		.4byte	.LASF31
 536 020a 01       		.byte	0x1
 537 020b 79       		.byte	0x79
ARM GAS  C:\Users\DEFAUL~1.DES\AppData\Local\Temp\ccVTiUGl.s 			page 13


 538 020c 00000000 		.4byte	.LFB38
 539 0210 3C000000 		.4byte	.LFE38-.LFB38
 540 0214 01       		.uleb128 0x1
 541 0215 9C       		.byte	0x9c
 542 0216 2E020000 		.4byte	0x22e
 543 021a 13       		.uleb128 0x13
 544 021b 08000000 		.4byte	.LVL4
 545 021f A6030000 		.4byte	0x3a6
 546 0223 14       		.uleb128 0x14
 547 0224 01       		.uleb128 0x1
 548 0225 50       		.byte	0x50
 549 0226 05       		.uleb128 0x5
 550 0227 03       		.byte	0x3
 551 0228 00000000 		.4byte	.LC2
 552 022c 00       		.byte	0
 553 022d 00       		.byte	0
 554 022e 10       		.uleb128 0x10
 555 022f 42000000 		.4byte	.LASF32
 556 0233 01       		.byte	0x1
 557 0234 5F       		.byte	0x5f
 558 0235 00000000 		.4byte	.LFB35
 559 0239 2C000000 		.4byte	.LFE35-.LFB35
 560 023d 01       		.uleb128 0x1
 561 023e 9C       		.byte	0x9c
 562 023f 97020000 		.4byte	0x297
 563 0243 15       		.uleb128 0x15
 564 0244 06000000 		.4byte	.LVL5
 565 0248 B1030000 		.4byte	0x3b1
 566 024c 15       		.uleb128 0x15
 567 024d 0A000000 		.4byte	.LVL6
 568 0251 BC030000 		.4byte	0x3bc
 569 0255 16       		.uleb128 0x16
 570 0256 12000000 		.4byte	.LVL7
 571 025a AC010000 		.4byte	0x1ac
 572 025e 71020000 		.4byte	0x271
 573 0262 14       		.uleb128 0x14
 574 0263 01       		.uleb128 0x1
 575 0264 50       		.byte	0x50
 576 0265 05       		.uleb128 0x5
 577 0266 03       		.byte	0x3
 578 0267 00000000 		.4byte	motor0
 579 026b 14       		.uleb128 0x14
 580 026c 01       		.uleb128 0x1
 581 026d 51       		.byte	0x51
 582 026e 01       		.uleb128 0x1
 583 026f 30       		.byte	0x30
 584 0270 00       		.byte	0
 585 0271 15       		.uleb128 0x15
 586 0272 16000000 		.4byte	.LVL8
 587 0276 E2010000 		.4byte	0x1e2
 588 027a 15       		.uleb128 0x15
 589 027b 1A000000 		.4byte	.LVL9
 590 027f 05020000 		.4byte	0x205
 591 0283 13       		.uleb128 0x13
 592 0284 20000000 		.4byte	.LVL10
 593 0288 C7030000 		.4byte	0x3c7
 594 028c 14       		.uleb128 0x14
ARM GAS  C:\Users\DEFAUL~1.DES\AppData\Local\Temp\ccVTiUGl.s 			page 14


 595 028d 01       		.uleb128 0x1
 596 028e 50       		.byte	0x50
 597 028f 05       		.uleb128 0x5
 598 0290 03       		.byte	0x3
 599 0291 00000000 		.4byte	potTCB
 600 0295 00       		.byte	0
 601 0296 00       		.byte	0
 602 0297 17       		.uleb128 0x17
 603 0298 02010000 		.4byte	.LASF51
 604 029c 01       		.byte	0x1
 605 029d 3B       		.byte	0x3b
 606 029e 5D000000 		.4byte	0x5d
 607 02a2 00000000 		.4byte	.LFB34
 608 02a6 30000000 		.4byte	.LFE34-.LFB34
 609 02aa 01       		.uleb128 0x1
 610 02ab 9C       		.byte	0x9c
 611 02ac 29030000 		.4byte	0x329
 612 02b0 18       		.uleb128 0x18
 613 02b1 32000000 		.4byte	.LASF33
 614 02b5 01       		.byte	0x1
 615 02b6 41       		.byte	0x41
 616 02b7 5D000000 		.4byte	0x5d
 617 02bb 00       		.byte	0
 618 02bc 19       		.uleb128 0x19
 619 02bd 0E000000 		.4byte	.LBB2
 620 02c1 22000000 		.4byte	.LBE2-.LBB2
 621 02c5 0C030000 		.4byte	0x30c
 622 02c9 1A       		.uleb128 0x1a
 623 02ca 6C000000 		.4byte	.LASF34
 624 02ce 01       		.byte	0x1
 625 02cf 45       		.byte	0x45
 626 02d0 29030000 		.4byte	0x329
 627 02d4 1F000000 		.4byte	.LLST1
 628 02d8 16       		.uleb128 0x16
 629 02d9 14000000 		.4byte	.LVL13
 630 02dd C7030000 		.4byte	0x3c7
 631 02e1 EF020000 		.4byte	0x2ef
 632 02e5 14       		.uleb128 0x14
 633 02e6 01       		.uleb128 0x1
 634 02e7 50       		.byte	0x50
 635 02e8 05       		.uleb128 0x5
 636 02e9 03       		.byte	0x3
 637 02ea 00000000 		.4byte	displayTCB
 638 02ee 00       		.byte	0
 639 02ef 15       		.uleb128 0x15
 640 02f0 1C000000 		.4byte	.LVL14
 641 02f4 D2030000 		.4byte	0x3d2
 642 02f8 13       		.uleb128 0x13
 643 02f9 22000000 		.4byte	.LVL15
 644 02fd A6030000 		.4byte	0x3a6
 645 0301 14       		.uleb128 0x14
 646 0302 01       		.uleb128 0x1
 647 0303 50       		.byte	0x50
 648 0304 05       		.uleb128 0x5
 649 0305 03       		.byte	0x3
 650 0306 0C000000 		.4byte	.LC14
 651 030a 00       		.byte	0
ARM GAS  C:\Users\DEFAUL~1.DES\AppData\Local\Temp\ccVTiUGl.s 			page 15


 652 030b 00       		.byte	0
 653 030c 15       		.uleb128 0x15
 654 030d 08000000 		.4byte	.LVL11
 655 0311 2E020000 		.4byte	0x22e
 656 0315 13       		.uleb128 0x13
 657 0316 0E000000 		.4byte	.LVL12
 658 031a C7030000 		.4byte	0x3c7
 659 031e 14       		.uleb128 0x14
 660 031f 01       		.uleb128 0x1
 661 0320 50       		.byte	0x50
 662 0321 05       		.uleb128 0x5
 663 0322 03       		.byte	0x3
 664 0323 00000000 		.4byte	displayTCB
 665 0327 00       		.byte	0
 666 0328 00       		.byte	0
 667 0329 04       		.uleb128 0x4
 668 032a 04       		.byte	0x4
 669 032b 3B010000 		.4byte	0x13b
 670 032f 1B       		.uleb128 0x1b
 671 0330 4D000000 		.4byte	.LASF35
 672 0334 01       		.byte	0x1
 673 0335 1E       		.byte	0x1e
 674 0336 E8000000 		.4byte	0xe8
 675 033a 05       		.uleb128 0x5
 676 033b 03       		.byte	0x3
 677 033c 00000000 		.4byte	motor0
 678 0340 1B       		.uleb128 0x1b
 679 0341 74010000 		.4byte	.LASF36
 680 0345 01       		.byte	0x1
 681 0346 21       		.byte	0x21
 682 0347 29030000 		.4byte	0x329
 683 034b 05       		.uleb128 0x5
 684 034c 03       		.byte	0x3
 685 034d 00000000 		.4byte	firstTCBPtr
 686 0351 1B       		.uleb128 0x1b
 687 0352 7A000000 		.4byte	.LASF37
 688 0356 01       		.byte	0x1
 689 0357 22       		.byte	0x22
 690 0358 29030000 		.4byte	0x329
 691 035c 05       		.uleb128 0x5
 692 035d 03       		.byte	0x3
 693 035e 00000000 		.4byte	lastTCBPtr
 694 0362 1B       		.uleb128 0x1b
 695 0363 F8000000 		.4byte	.LASF38
 696 0367 01       		.byte	0x1
 697 0368 25       		.byte	0x25
 698 0369 6B010000 		.4byte	0x16b
 699 036d 05       		.uleb128 0x5
 700 036e 03       		.byte	0x3
 701 036f 00000000 		.4byte	myPotData
 702 0373 1B       		.uleb128 0x1b
 703 0374 21010000 		.4byte	.LASF39
 704 0378 01       		.byte	0x1
 705 0379 26       		.byte	0x26
 706 037a A1010000 		.4byte	0x1a1
 707 037e 05       		.uleb128 0x5
 708 037f 03       		.byte	0x3
ARM GAS  C:\Users\DEFAUL~1.DES\AppData\Local\Temp\ccVTiUGl.s 			page 16


 709 0380 00000000 		.4byte	myDisplayData
 710 0384 1B       		.uleb128 0x1b
 711 0385 80010000 		.4byte	.LASF40
 712 0389 01       		.byte	0x1
 713 038a 29       		.byte	0x29
 714 038b 3B010000 		.4byte	0x13b
 715 038f 05       		.uleb128 0x5
 716 0390 03       		.byte	0x3
 717 0391 00000000 		.4byte	potTCB
 718 0395 1B       		.uleb128 0x1b
 719 0396 83020000 		.4byte	.LASF41
 720 039a 01       		.byte	0x1
 721 039b 2A       		.byte	0x2a
 722 039c 3B010000 		.4byte	0x13b
 723 03a0 05       		.uleb128 0x5
 724 03a1 03       		.byte	0x3
 725 03a2 00000000 		.4byte	displayTCB
 726 03a6 1C       		.uleb128 0x1c
 727 03a7 07010000 		.4byte	.LASF42
 728 03ab 07010000 		.4byte	.LASF42
 729 03af 05       		.byte	0x5
 730 03b0 3C       		.byte	0x3c
 731 03b1 1C       		.uleb128 0x1c
 732 03b2 62000000 		.4byte	.LASF43
 733 03b6 62000000 		.4byte	.LASF43
 734 03ba 05       		.byte	0x5
 735 03bb 38       		.byte	0x38
 736 03bc 1C       		.uleb128 0x1c
 737 03bd 17010000 		.4byte	.LASF44
 738 03c1 17010000 		.4byte	.LASF44
 739 03c5 06       		.byte	0x6
 740 03c6 99       		.byte	0x99
 741 03c7 1C       		.uleb128 0x1c
 742 03c8 61020000 		.4byte	.LASF45
 743 03cc 61020000 		.4byte	.LASF45
 744 03d0 07       		.byte	0x7
 745 03d1 18       		.byte	0x18
 746 03d2 1C       		.uleb128 0x1c
 747 03d3 DC000000 		.4byte	.LASF46
 748 03d7 DC000000 		.4byte	.LASF46
 749 03db 07       		.byte	0x7
 750 03dc 19       		.byte	0x19
 751 03dd 00       		.byte	0
 752              		.section	.debug_abbrev,"",%progbits
 753              	.Ldebug_abbrev0:
 754 0000 01       		.uleb128 0x1
 755 0001 11       		.uleb128 0x11
 756 0002 01       		.byte	0x1
 757 0003 25       		.uleb128 0x25
 758 0004 0E       		.uleb128 0xe
 759 0005 13       		.uleb128 0x13
 760 0006 0B       		.uleb128 0xb
 761 0007 03       		.uleb128 0x3
 762 0008 0E       		.uleb128 0xe
 763 0009 1B       		.uleb128 0x1b
 764 000a 0E       		.uleb128 0xe
 765 000b 55       		.uleb128 0x55
ARM GAS  C:\Users\DEFAUL~1.DES\AppData\Local\Temp\ccVTiUGl.s 			page 17


 766 000c 17       		.uleb128 0x17
 767 000d 11       		.uleb128 0x11
 768 000e 01       		.uleb128 0x1
 769 000f 10       		.uleb128 0x10
 770 0010 17       		.uleb128 0x17
 771 0011 00       		.byte	0
 772 0012 00       		.byte	0
 773 0013 02       		.uleb128 0x2
 774 0014 24       		.uleb128 0x24
 775 0015 00       		.byte	0
 776 0016 0B       		.uleb128 0xb
 777 0017 0B       		.uleb128 0xb
 778 0018 3E       		.uleb128 0x3e
 779 0019 0B       		.uleb128 0xb
 780 001a 03       		.uleb128 0x3
 781 001b 0E       		.uleb128 0xe
 782 001c 00       		.byte	0
 783 001d 00       		.byte	0
 784 001e 03       		.uleb128 0x3
 785 001f 24       		.uleb128 0x24
 786 0020 00       		.byte	0
 787 0021 0B       		.uleb128 0xb
 788 0022 0B       		.uleb128 0xb
 789 0023 3E       		.uleb128 0x3e
 790 0024 0B       		.uleb128 0xb
 791 0025 03       		.uleb128 0x3
 792 0026 08       		.uleb128 0x8
 793 0027 00       		.byte	0
 794 0028 00       		.byte	0
 795 0029 04       		.uleb128 0x4
 796 002a 0F       		.uleb128 0xf
 797 002b 00       		.byte	0
 798 002c 0B       		.uleb128 0xb
 799 002d 0B       		.uleb128 0xb
 800 002e 49       		.uleb128 0x49
 801 002f 13       		.uleb128 0x13
 802 0030 00       		.byte	0
 803 0031 00       		.byte	0
 804 0032 05       		.uleb128 0x5
 805 0033 15       		.uleb128 0x15
 806 0034 00       		.byte	0
 807 0035 27       		.uleb128 0x27
 808 0036 19       		.uleb128 0x19
 809 0037 00       		.byte	0
 810 0038 00       		.byte	0
 811 0039 06       		.uleb128 0x6
 812 003a 0F       		.uleb128 0xf
 813 003b 00       		.byte	0
 814 003c 0B       		.uleb128 0xb
 815 003d 0B       		.uleb128 0xb
 816 003e 00       		.byte	0
 817 003f 00       		.byte	0
 818 0040 07       		.uleb128 0x7
 819 0041 13       		.uleb128 0x13
 820 0042 01       		.byte	0x1
 821 0043 0B       		.uleb128 0xb
 822 0044 0B       		.uleb128 0xb
ARM GAS  C:\Users\DEFAUL~1.DES\AppData\Local\Temp\ccVTiUGl.s 			page 18


 823 0045 3A       		.uleb128 0x3a
 824 0046 0B       		.uleb128 0xb
 825 0047 3B       		.uleb128 0x3b
 826 0048 0B       		.uleb128 0xb
 827 0049 01       		.uleb128 0x1
 828 004a 13       		.uleb128 0x13
 829 004b 00       		.byte	0
 830 004c 00       		.byte	0
 831 004d 08       		.uleb128 0x8
 832 004e 0D       		.uleb128 0xd
 833 004f 00       		.byte	0
 834 0050 03       		.uleb128 0x3
 835 0051 0E       		.uleb128 0xe
 836 0052 3A       		.uleb128 0x3a
 837 0053 0B       		.uleb128 0xb
 838 0054 3B       		.uleb128 0x3b
 839 0055 0B       		.uleb128 0xb
 840 0056 49       		.uleb128 0x49
 841 0057 13       		.uleb128 0x13
 842 0058 38       		.uleb128 0x38
 843 0059 0B       		.uleb128 0xb
 844 005a 00       		.byte	0
 845 005b 00       		.byte	0
 846 005c 09       		.uleb128 0x9
 847 005d 16       		.uleb128 0x16
 848 005e 00       		.byte	0
 849 005f 03       		.uleb128 0x3
 850 0060 0E       		.uleb128 0xe
 851 0061 3A       		.uleb128 0x3a
 852 0062 0B       		.uleb128 0xb
 853 0063 3B       		.uleb128 0x3b
 854 0064 0B       		.uleb128 0xb
 855 0065 49       		.uleb128 0x49
 856 0066 13       		.uleb128 0x13
 857 0067 00       		.byte	0
 858 0068 00       		.byte	0
 859 0069 0A       		.uleb128 0xa
 860 006a 13       		.uleb128 0x13
 861 006b 01       		.byte	0x1
 862 006c 03       		.uleb128 0x3
 863 006d 0E       		.uleb128 0xe
 864 006e 0B       		.uleb128 0xb
 865 006f 0B       		.uleb128 0xb
 866 0070 3A       		.uleb128 0x3a
 867 0071 0B       		.uleb128 0xb
 868 0072 3B       		.uleb128 0x3b
 869 0073 0B       		.uleb128 0xb
 870 0074 01       		.uleb128 0x1
 871 0075 13       		.uleb128 0x13
 872 0076 00       		.byte	0
 873 0077 00       		.byte	0
 874 0078 0B       		.uleb128 0xb
 875 0079 15       		.uleb128 0x15
 876 007a 01       		.byte	0x1
 877 007b 27       		.uleb128 0x27
 878 007c 19       		.uleb128 0x19
 879 007d 01       		.uleb128 0x1
ARM GAS  C:\Users\DEFAUL~1.DES\AppData\Local\Temp\ccVTiUGl.s 			page 19


 880 007e 13       		.uleb128 0x13
 881 007f 00       		.byte	0
 882 0080 00       		.byte	0
 883 0081 0C       		.uleb128 0xc
 884 0082 05       		.uleb128 0x5
 885 0083 00       		.byte	0
 886 0084 49       		.uleb128 0x49
 887 0085 13       		.uleb128 0x13
 888 0086 00       		.byte	0
 889 0087 00       		.byte	0
 890 0088 0D       		.uleb128 0xd
 891 0089 16       		.uleb128 0x16
 892 008a 00       		.byte	0
 893 008b 03       		.uleb128 0x3
 894 008c 08       		.uleb128 0x8
 895 008d 3A       		.uleb128 0x3a
 896 008e 0B       		.uleb128 0xb
 897 008f 3B       		.uleb128 0x3b
 898 0090 0B       		.uleb128 0xb
 899 0091 49       		.uleb128 0x49
 900 0092 13       		.uleb128 0x13
 901 0093 00       		.byte	0
 902 0094 00       		.byte	0
 903 0095 0E       		.uleb128 0xe
 904 0096 01       		.uleb128 0x1
 905 0097 01       		.byte	0x1
 906 0098 49       		.uleb128 0x49
 907 0099 13       		.uleb128 0x13
 908 009a 01       		.uleb128 0x1
 909 009b 13       		.uleb128 0x13
 910 009c 00       		.byte	0
 911 009d 00       		.byte	0
 912 009e 0F       		.uleb128 0xf
 913 009f 21       		.uleb128 0x21
 914 00a0 00       		.byte	0
 915 00a1 49       		.uleb128 0x49
 916 00a2 13       		.uleb128 0x13
 917 00a3 2F       		.uleb128 0x2f
 918 00a4 0B       		.uleb128 0xb
 919 00a5 00       		.byte	0
 920 00a6 00       		.byte	0
 921 00a7 10       		.uleb128 0x10
 922 00a8 2E       		.uleb128 0x2e
 923 00a9 01       		.byte	0x1
 924 00aa 3F       		.uleb128 0x3f
 925 00ab 19       		.uleb128 0x19
 926 00ac 03       		.uleb128 0x3
 927 00ad 0E       		.uleb128 0xe
 928 00ae 3A       		.uleb128 0x3a
 929 00af 0B       		.uleb128 0xb
 930 00b0 3B       		.uleb128 0x3b
 931 00b1 0B       		.uleb128 0xb
 932 00b2 27       		.uleb128 0x27
 933 00b3 19       		.uleb128 0x19
 934 00b4 11       		.uleb128 0x11
 935 00b5 01       		.uleb128 0x1
 936 00b6 12       		.uleb128 0x12
ARM GAS  C:\Users\DEFAUL~1.DES\AppData\Local\Temp\ccVTiUGl.s 			page 20


 937 00b7 06       		.uleb128 0x6
 938 00b8 40       		.uleb128 0x40
 939 00b9 18       		.uleb128 0x18
 940 00ba 9742     		.uleb128 0x2117
 941 00bc 19       		.uleb128 0x19
 942 00bd 01       		.uleb128 0x1
 943 00be 13       		.uleb128 0x13
 944 00bf 00       		.byte	0
 945 00c0 00       		.byte	0
 946 00c1 11       		.uleb128 0x11
 947 00c2 05       		.uleb128 0x5
 948 00c3 00       		.byte	0
 949 00c4 03       		.uleb128 0x3
 950 00c5 0E       		.uleb128 0xe
 951 00c6 3A       		.uleb128 0x3a
 952 00c7 0B       		.uleb128 0xb
 953 00c8 3B       		.uleb128 0x3b
 954 00c9 0B       		.uleb128 0xb
 955 00ca 49       		.uleb128 0x49
 956 00cb 13       		.uleb128 0x13
 957 00cc 02       		.uleb128 0x2
 958 00cd 18       		.uleb128 0x18
 959 00ce 00       		.byte	0
 960 00cf 00       		.byte	0
 961 00d0 12       		.uleb128 0x12
 962 00d1 34       		.uleb128 0x34
 963 00d2 00       		.byte	0
 964 00d3 03       		.uleb128 0x3
 965 00d4 08       		.uleb128 0x8
 966 00d5 3A       		.uleb128 0x3a
 967 00d6 0B       		.uleb128 0xb
 968 00d7 3B       		.uleb128 0x3b
 969 00d8 0B       		.uleb128 0xb
 970 00d9 49       		.uleb128 0x49
 971 00da 13       		.uleb128 0x13
 972 00db 02       		.uleb128 0x2
 973 00dc 17       		.uleb128 0x17
 974 00dd 00       		.byte	0
 975 00de 00       		.byte	0
 976 00df 13       		.uleb128 0x13
 977 00e0 898201   		.uleb128 0x4109
 978 00e3 01       		.byte	0x1
 979 00e4 11       		.uleb128 0x11
 980 00e5 01       		.uleb128 0x1
 981 00e6 31       		.uleb128 0x31
 982 00e7 13       		.uleb128 0x13
 983 00e8 00       		.byte	0
 984 00e9 00       		.byte	0
 985 00ea 14       		.uleb128 0x14
 986 00eb 8A8201   		.uleb128 0x410a
 987 00ee 00       		.byte	0
 988 00ef 02       		.uleb128 0x2
 989 00f0 18       		.uleb128 0x18
 990 00f1 9142     		.uleb128 0x2111
 991 00f3 18       		.uleb128 0x18
 992 00f4 00       		.byte	0
 993 00f5 00       		.byte	0
ARM GAS  C:\Users\DEFAUL~1.DES\AppData\Local\Temp\ccVTiUGl.s 			page 21


 994 00f6 15       		.uleb128 0x15
 995 00f7 898201   		.uleb128 0x4109
 996 00fa 00       		.byte	0
 997 00fb 11       		.uleb128 0x11
 998 00fc 01       		.uleb128 0x1
 999 00fd 31       		.uleb128 0x31
 1000 00fe 13       		.uleb128 0x13
 1001 00ff 00       		.byte	0
 1002 0100 00       		.byte	0
 1003 0101 16       		.uleb128 0x16
 1004 0102 898201   		.uleb128 0x4109
 1005 0105 01       		.byte	0x1
 1006 0106 11       		.uleb128 0x11
 1007 0107 01       		.uleb128 0x1
 1008 0108 31       		.uleb128 0x31
 1009 0109 13       		.uleb128 0x13
 1010 010a 01       		.uleb128 0x1
 1011 010b 13       		.uleb128 0x13
 1012 010c 00       		.byte	0
 1013 010d 00       		.byte	0
 1014 010e 17       		.uleb128 0x17
 1015 010f 2E       		.uleb128 0x2e
 1016 0110 01       		.byte	0x1
 1017 0111 3F       		.uleb128 0x3f
 1018 0112 19       		.uleb128 0x19
 1019 0113 03       		.uleb128 0x3
 1020 0114 0E       		.uleb128 0xe
 1021 0115 3A       		.uleb128 0x3a
 1022 0116 0B       		.uleb128 0xb
 1023 0117 3B       		.uleb128 0x3b
 1024 0118 0B       		.uleb128 0xb
 1025 0119 27       		.uleb128 0x27
 1026 011a 19       		.uleb128 0x19
 1027 011b 49       		.uleb128 0x49
 1028 011c 13       		.uleb128 0x13
 1029 011d 8701     		.uleb128 0x87
 1030 011f 19       		.uleb128 0x19
 1031 0120 11       		.uleb128 0x11
 1032 0121 01       		.uleb128 0x1
 1033 0122 12       		.uleb128 0x12
 1034 0123 06       		.uleb128 0x6
 1035 0124 40       		.uleb128 0x40
 1036 0125 18       		.uleb128 0x18
 1037 0126 9742     		.uleb128 0x2117
 1038 0128 19       		.uleb128 0x19
 1039 0129 01       		.uleb128 0x1
 1040 012a 13       		.uleb128 0x13
 1041 012b 00       		.byte	0
 1042 012c 00       		.byte	0
 1043 012d 18       		.uleb128 0x18
 1044 012e 34       		.uleb128 0x34
 1045 012f 00       		.byte	0
 1046 0130 03       		.uleb128 0x3
 1047 0131 0E       		.uleb128 0xe
 1048 0132 3A       		.uleb128 0x3a
 1049 0133 0B       		.uleb128 0xb
 1050 0134 3B       		.uleb128 0x3b
ARM GAS  C:\Users\DEFAUL~1.DES\AppData\Local\Temp\ccVTiUGl.s 			page 22


 1051 0135 0B       		.uleb128 0xb
 1052 0136 49       		.uleb128 0x49
 1053 0137 13       		.uleb128 0x13
 1054 0138 1C       		.uleb128 0x1c
 1055 0139 0B       		.uleb128 0xb
 1056 013a 00       		.byte	0
 1057 013b 00       		.byte	0
 1058 013c 19       		.uleb128 0x19
 1059 013d 0B       		.uleb128 0xb
 1060 013e 01       		.byte	0x1
 1061 013f 11       		.uleb128 0x11
 1062 0140 01       		.uleb128 0x1
 1063 0141 12       		.uleb128 0x12
 1064 0142 06       		.uleb128 0x6
 1065 0143 01       		.uleb128 0x1
 1066 0144 13       		.uleb128 0x13
 1067 0145 00       		.byte	0
 1068 0146 00       		.byte	0
 1069 0147 1A       		.uleb128 0x1a
 1070 0148 34       		.uleb128 0x34
 1071 0149 00       		.byte	0
 1072 014a 03       		.uleb128 0x3
 1073 014b 0E       		.uleb128 0xe
 1074 014c 3A       		.uleb128 0x3a
 1075 014d 0B       		.uleb128 0xb
 1076 014e 3B       		.uleb128 0x3b
 1077 014f 0B       		.uleb128 0xb
 1078 0150 49       		.uleb128 0x49
 1079 0151 13       		.uleb128 0x13
 1080 0152 02       		.uleb128 0x2
 1081 0153 17       		.uleb128 0x17
 1082 0154 00       		.byte	0
 1083 0155 00       		.byte	0
 1084 0156 1B       		.uleb128 0x1b
 1085 0157 34       		.uleb128 0x34
 1086 0158 00       		.byte	0
 1087 0159 03       		.uleb128 0x3
 1088 015a 0E       		.uleb128 0xe
 1089 015b 3A       		.uleb128 0x3a
 1090 015c 0B       		.uleb128 0xb
 1091 015d 3B       		.uleb128 0x3b
 1092 015e 0B       		.uleb128 0xb
 1093 015f 49       		.uleb128 0x49
 1094 0160 13       		.uleb128 0x13
 1095 0161 3F       		.uleb128 0x3f
 1096 0162 19       		.uleb128 0x19
 1097 0163 02       		.uleb128 0x2
 1098 0164 18       		.uleb128 0x18
 1099 0165 00       		.byte	0
 1100 0166 00       		.byte	0
 1101 0167 1C       		.uleb128 0x1c
 1102 0168 2E       		.uleb128 0x2e
 1103 0169 00       		.byte	0
 1104 016a 3F       		.uleb128 0x3f
 1105 016b 19       		.uleb128 0x19
 1106 016c 3C       		.uleb128 0x3c
 1107 016d 19       		.uleb128 0x19
ARM GAS  C:\Users\DEFAUL~1.DES\AppData\Local\Temp\ccVTiUGl.s 			page 23


 1108 016e 6E       		.uleb128 0x6e
 1109 016f 0E       		.uleb128 0xe
 1110 0170 03       		.uleb128 0x3
 1111 0171 0E       		.uleb128 0xe
 1112 0172 3A       		.uleb128 0x3a
 1113 0173 0B       		.uleb128 0xb
 1114 0174 3B       		.uleb128 0x3b
 1115 0175 0B       		.uleb128 0xb
 1116 0176 00       		.byte	0
 1117 0177 00       		.byte	0
 1118 0178 00       		.byte	0
 1119              		.section	.debug_loc,"",%progbits
 1120              	.Ldebug_loc0:
 1121              	.LLST0:
 1122 0000 00000000 		.4byte	.LVL1
 1123 0004 04000000 		.4byte	.LVL2
 1124 0008 0200     		.2byte	0x2
 1125 000a 30       		.byte	0x30
 1126 000b 9F       		.byte	0x9f
 1127 000c 04000000 		.4byte	.LVL2
 1128 0010 20000000 		.4byte	.LFE37
 1129 0014 0100     		.2byte	0x1
 1130 0016 53       		.byte	0x53
 1131 0017 00000000 		.4byte	0
 1132 001b 00000000 		.4byte	0
 1133              	.LLST1:
 1134 001f 0E000000 		.4byte	.LVL12
 1135 0023 13000000 		.4byte	.LVL13-1
 1136 0027 0500     		.2byte	0x5
 1137 0029 03       		.byte	0x3
 1138 002a 00000000 		.4byte	firstTCBPtr
 1139 002e 14000000 		.4byte	.LVL13
 1140 0032 1B000000 		.4byte	.LVL14-1
 1141 0036 0500     		.2byte	0x5
 1142 0038 03       		.byte	0x3
 1143 0039 00000000 		.4byte	firstTCBPtr
 1144 003d 1C000000 		.4byte	.LVL14
 1145 0041 21000000 		.4byte	.LVL15-1
 1146 0045 0500     		.2byte	0x5
 1147 0047 03       		.byte	0x3
 1148 0048 00000000 		.4byte	firstTCBPtr
 1149 004c 00000000 		.4byte	0
 1150 0050 00000000 		.4byte	0
 1151              		.section	.debug_aranges,"",%progbits
 1152 0000 3C000000 		.4byte	0x3c
 1153 0004 0200     		.2byte	0x2
 1154 0006 00000000 		.4byte	.Ldebug_info0
 1155 000a 04       		.byte	0x4
 1156 000b 00       		.byte	0
 1157 000c 0000     		.2byte	0
 1158 000e 0000     		.2byte	0
 1159 0010 00000000 		.4byte	.LFB36
 1160 0014 04000000 		.4byte	.LFE36-.LFB36
 1161 0018 00000000 		.4byte	.LFB37
 1162 001c 20000000 		.4byte	.LFE37-.LFB37
 1163 0020 00000000 		.4byte	.LFB38
 1164 0024 3C000000 		.4byte	.LFE38-.LFB38
ARM GAS  C:\Users\DEFAUL~1.DES\AppData\Local\Temp\ccVTiUGl.s 			page 24


 1165 0028 00000000 		.4byte	.LFB35
 1166 002c 2C000000 		.4byte	.LFE35-.LFB35
 1167 0030 00000000 		.4byte	.LFB34
 1168 0034 30000000 		.4byte	.LFE34-.LFB34
 1169 0038 00000000 		.4byte	0
 1170 003c 00000000 		.4byte	0
 1171              		.section	.debug_ranges,"",%progbits
 1172              	.Ldebug_ranges0:
 1173 0000 00000000 		.4byte	.LFB36
 1174 0004 04000000 		.4byte	.LFE36
 1175 0008 00000000 		.4byte	.LFB37
 1176 000c 20000000 		.4byte	.LFE37
 1177 0010 00000000 		.4byte	.LFB38
 1178 0014 3C000000 		.4byte	.LFE38
 1179 0018 00000000 		.4byte	.LFB35
 1180 001c 2C000000 		.4byte	.LFE35
 1181 0020 00000000 		.4byte	.LFB34
 1182 0024 30000000 		.4byte	.LFE34
 1183 0028 00000000 		.4byte	0
 1184 002c 00000000 		.4byte	0
 1185              		.section	.debug_line,"",%progbits
 1186              	.Ldebug_line0:
 1187 0000 FB000000 		.section	.debug_str,"MS",%progbits,1
 1187      02007000 
 1187      00000201 
 1187      FB0E0D00 
 1187      01010101 
 1188              	.LASF6:
 1189 0000 6C6F6E67 		.ascii	"long long int\000"
 1189      206C6F6E 
 1189      6720696E 
 1189      7400
 1190              	.LASF18:
 1191 000e 72656164 		.ascii	"readEncodFunctPtr\000"
 1191      456E636F 
 1191      6446756E 
 1191      63745074 
 1191      7200
 1192              	.LASF26:
 1193 0020 706F7452 		.ascii	"potRawPtr\000"
 1193      61775074 
 1193      7200
 1194              	.LASF16:
 1195 002a 63757272 		.ascii	"currPos\000"
 1195      506F7300 
 1196              	.LASF33:
 1197 0032 636F756E 		.ascii	"count\000"
 1197      7400
 1198              	.LASF50:
 1199 0038 74636253 		.ascii	"tcbStruct\000"
 1199      74727563 
 1199      7400
 1200              	.LASF32:
 1201 0042 696E6974 		.ascii	"initialize\000"
 1201      69616C69 
 1201      7A6500
 1202              	.LASF35:
ARM GAS  C:\Users\DEFAUL~1.DES\AppData\Local\Temp\ccVTiUGl.s 			page 25


 1203 004d 6D6F746F 		.ascii	"motor0\000"
 1203      723000
 1204              	.LASF14:
 1205 0054 6D6F746F 		.ascii	"motorID\000"
 1205      72494400 
 1206              	.LASF9:
 1207 005c 666C6F61 		.ascii	"float\000"
 1207      7400
 1208              	.LASF43:
 1209 0062 4C43445F 		.ascii	"LCD_Start\000"
 1209      53746172 
 1209      7400
 1210              	.LASF34:
 1211 006c 6D794669 		.ascii	"myFirstTCBPtr\000"
 1211      72737454 
 1211      43425074 
 1211      7200
 1212              	.LASF37:
 1213 007a 6C617374 		.ascii	"lastTCBPtr\000"
 1213      54434250 
 1213      747200
 1214              	.LASF28:
 1215 0085 63757272 		.ascii	"currMotorPtr\000"
 1215      4D6F746F 
 1215      72507472 
 1215      00
 1216              	.LASF21:
 1217 0092 64617461 		.ascii	"dataPtr\000"
 1217      50747200 
 1218              	.LASF5:
 1219 009a 6C6F6E67 		.ascii	"long unsigned int\000"
 1219      20756E73 
 1219      69676E65 
 1219      6420696E 
 1219      7400
 1220              	.LASF3:
 1221 00ac 73686F72 		.ascii	"short unsigned int\000"
 1221      7420756E 
 1221      7369676E 
 1221      65642069 
 1221      6E7400
 1222              	.LASF25:
 1223 00bf 706F7444 		.ascii	"potData\000"
 1223      61746100 
 1224              	.LASF1:
 1225 00c7 756E7369 		.ascii	"unsigned char\000"
 1225      676E6564 
 1225      20636861 
 1225      7200
 1226              	.LASF10:
 1227 00d5 646F7562 		.ascii	"double\000"
 1227      6C6500
 1228              	.LASF46:
 1229 00dc 65786563 		.ascii	"executeTask\000"
 1229      75746554 
 1229      61736B00 
 1230              	.LASF17:
ARM GAS  C:\Users\DEFAUL~1.DES\AppData\Local\Temp\ccVTiUGl.s 			page 26


 1231 00e8 72656164 		.ascii	"readPotFunctPtr\000"
 1231      506F7446 
 1231      756E6374 
 1231      50747200 
 1232              	.LASF38:
 1233 00f8 6D79506F 		.ascii	"myPotData\000"
 1233      74446174 
 1233      6100
 1234              	.LASF51:
 1235 0102 6D61696E 		.ascii	"main\000"
 1235      00
 1236              	.LASF42:
 1237 0107 4C43445F 		.ascii	"LCD_PrintString\000"
 1237      5072696E 
 1237      74537472 
 1237      696E6700 
 1238              	.LASF44:
 1239 0117 4144435F 		.ascii	"ADC_Start\000"
 1239      53746172 
 1239      7400
 1240              	.LASF39:
 1241 0121 6D794469 		.ascii	"myDisplayData\000"
 1241      73706C61 
 1241      79446174 
 1241      6100
 1242              	.LASF8:
 1243 012f 756E7369 		.ascii	"unsigned int\000"
 1243      676E6564 
 1243      20696E74 
 1243      00
 1244              	.LASF15:
 1245 013c 706F7352 		.ascii	"posRaw\000"
 1245      617700
 1246              	.LASF7:
 1247 0143 6C6F6E67 		.ascii	"long long unsigned int\000"
 1247      206C6F6E 
 1247      6720756E 
 1247      7369676E 
 1247      65642069 
 1248              	.LASF19:
 1249 015a 77726974 		.ascii	"writePWMFunctPtr\000"
 1249      6550574D 
 1249      46756E63 
 1249      74507472 
 1249      00
 1250              	.LASF31:
 1251 016b 696E6974 		.ascii	"initTCBs\000"
 1251      54434273 
 1251      00
 1252              	.LASF36:
 1253 0174 66697273 		.ascii	"firstTCBPtr\000"
 1253      74544342 
 1253      50747200 
 1254              	.LASF40:
 1255 0180 706F7454 		.ascii	"potTCB\000"
 1255      434200
 1256              	.LASF0:
ARM GAS  C:\Users\DEFAUL~1.DES\AppData\Local\Temp\ccVTiUGl.s 			page 27


 1257 0187 7369676E 		.ascii	"signed char\000"
 1257      65642063 
 1257      68617200 
 1258              	.LASF29:
 1259 0193 696E6974 		.ascii	"initMotor\000"
 1259      4D6F746F 
 1259      7200
 1260              	.LASF47:
 1261 019d 474E5520 		.ascii	"GNU C11 5.4.1 20160609 (release) [ARM/embedded-5-br"
 1261      43313120 
 1261      352E342E 
 1261      31203230 
 1261      31363036 
 1262 01d0 616E6368 		.ascii	"anch revision 237715] -mcpu=cortex-m0 -mthumb -g -O"
 1262      20726576 
 1262      6973696F 
 1262      6E203233 
 1262      37373135 
 1263 0203 67202D66 		.ascii	"g -ffunction-sections -ffat-lto-objects\000"
 1263      66756E63 
 1263      74696F6E 
 1263      2D736563 
 1263      74696F6E 
 1264              	.LASF22:
 1265 022b 6E657874 		.ascii	"nextTCBPtr\000"
 1265      54434250 
 1265      747200
 1266              	.LASF30:
 1267 0236 696E6974 		.ascii	"initDataStructs\000"
 1267      44617461 
 1267      53747275 
 1267      63747300 
 1268              	.LASF13:
 1269 0246 73697A65 		.ascii	"sizetype\000"
 1269      74797065 
 1269      00
 1270              	.LASF23:
 1271 024f 6D6F746F 		.ascii	"motor\000"
 1271      7200
 1272              	.LASF48:
 1273 0255 6D61696E 		.ascii	"main.c\000"
 1273      2E6300
 1274              	.LASF11:
 1275 025c 63686172 		.ascii	"char\000"
 1275      00
 1276              	.LASF45:
 1277 0261 61646454 		.ascii	"addTask\000"
 1277      61736B00 
 1278              	.LASF24:
 1279 0269 706F7452 		.ascii	"potRaw\000"
 1279      617700
 1280              	.LASF2:
 1281 0270 73686F72 		.ascii	"short int\000"
 1281      7420696E 
 1281      7400
 1282              	.LASF4:
 1283 027a 6C6F6E67 		.ascii	"long int\000"
ARM GAS  C:\Users\DEFAUL~1.DES\AppData\Local\Temp\ccVTiUGl.s 			page 28


 1283      20696E74 
 1283      00
 1284              	.LASF41:
 1285 0283 64697370 		.ascii	"displayTCB\000"
 1285      6C617954 
 1285      434200
 1286              	.LASF12:
 1287 028e 6C6F6E67 		.ascii	"long double\000"
 1287      20646F75 
 1287      626C6500 
 1288              	.LASF27:
 1289 029a 64697370 		.ascii	"displayData\000"
 1289      6C617944 
 1289      61746100 
 1290              	.LASF49:
 1291 02a6 433A5C55 		.ascii	"C:\\Users\\Default User.DESKTOP-J8EE37M\\Documents\\"
 1291      73657273 
 1291      5C446566 
 1291      61756C74 
 1291      20557365 
 1292 02d6 50536F43 		.ascii	"PSoC Creator\\HuskyRobotics\\PioneerLSeries\\Pionee"
 1292      20437265 
 1292      61746F72 
 1292      5C487573 
 1292      6B79526F 
 1293 0306 724C5365 		.ascii	"rLSeries.cydsn\000"
 1293      72696573 
 1293      2E637964 
 1293      736E00
 1294              	.LASF20:
 1295 0315 63757272 		.ascii	"currTask\000"
 1295      5461736B 
 1295      00
 1296              		.ident	"GCC: (GNU Tools for ARM Embedded Processors) 5.4.1 20160609 (release) [ARM/embedded-5-bran
