ARM GAS  C:\Users\DEFAUL~1.DES\AppData\Local\Temp\ccrunRDc.s 			page 1


   1              		.syntax unified
   2              		.cpu cortex-m0
   3              		.fpu softvfp
   4              		.eabi_attribute 20, 1
   5              		.eabi_attribute 21, 1
   6              		.eabi_attribute 23, 3
   7              		.eabi_attribute 24, 1
   8              		.eabi_attribute 25, 1
   9              		.eabi_attribute 26, 1
  10              		.eabi_attribute 30, 1
  11              		.eabi_attribute 34, 0
  12              		.eabi_attribute 18, 4
  13              		.thumb
  14              		.syntax unified
  15              		.file	"pots.c"
  16              		.text
  17              	.Ltext0:
  18              		.cfi_sections	.debug_frame
  19              		.section	.text.readPot,"ax",%progbits
  20              		.align	2
  21              		.global	readPot
  22              		.code	16
  23              		.thumb_func
  24              		.type	readPot, %function
  25              	readPot:
  26              	.LFB34:
  27              		.file 1 "pots.c"
   1:pots.c        **** /* ========================================
   2:pots.c        ****  * pots.c
   3:pots.c        ****  * Dylan Tomberlin
   4:pots.c        ****  * Husky Robotics Team, 2017-2018
   5:pots.c        ****  * This file contains functions pertaining to the potentiometers
   6:pots.c        ****  * ========================================
   7:pots.c        **** */
   8:pots.c        **** #include "top.h"
   9:pots.c        **** 
  10:pots.c        **** #define VOLT_OVER_POT 5  //Total voltage applied over potentiometer poles
  11:pots.c        **** #define POT_OFFSET 0     //Tuning factor
  12:pots.c        **** #define NORMALIZE  32768 //=2^15, Normalize the raw input data to a scale of 0 to 1
  13:pots.c        **** 
  14:pots.c        **** //void readPot(motor *currMotorPtr){
  15:pots.c        **** //    int raw = ADC_GetResult16(currMotorPtr->motorID);
  16:pots.c        **** //    currMotorPtr->posRaw = raw;
  17:pots.c        **** //    //currMotorPtr->currPos = ((float) (raw - POT_OFFSET)) / NORMALIZE;
  18:pots.c        **** //}
  19:pots.c        **** 
  20:pots.c        **** void readPot(void *currDataPtr){
  28              		.loc 1 20 0
  29              		.cfi_startproc
  30              		@ args = 0, pretend = 0, frame = 0
  31              		@ frame_needed = 0, uses_anonymous_args = 0
  32              	.LVL0:
  33 0000 70B5     		push	{r4, r5, r6, lr}
  34              		.cfi_def_cfa_offset 16
  35              		.cfi_offset 4, -16
  36              		.cfi_offset 5, -12
  37              		.cfi_offset 6, -8
ARM GAS  C:\Users\DEFAUL~1.DES\AppData\Local\Temp\ccrunRDc.s 			page 2


  38              		.cfi_offset 14, -4
  39 0002 0500     		movs	r5, r0
  40              	.LVL1:
  21:pots.c        ****     //Cast generic Data struct pointer to potData struct pointer
  22:pots.c        ****     potData *potDataPtr = (potData*) currDataPtr;
  23:pots.c        ****     
  24:pots.c        ****     int i = 0;
  25:pots.c        ****     for(i = 0; i < NUM_MOTORS; i++)
  41              		.loc 1 25 0
  42 0004 0024     		movs	r4, #0
  43 0006 05E0     		b	.L2
  44              	.LVL2:
  45              	.L3:
  26:pots.c        ****     {
  27:pots.c        ****         potDataPtr->potRaw[i] = ADC_GetResult16(i);   
  46              		.loc 1 27 0 discriminator 3
  47 0008 2000     		movs	r0, r4
  48 000a FFF7FEFF 		bl	ADC_GetResult16
  49              	.LVL3:
  50 000e A300     		lsls	r3, r4, #2
  51 0010 5851     		str	r0, [r3, r5]
  25:pots.c        ****     {
  52              		.loc 1 25 0 discriminator 3
  53 0012 0134     		adds	r4, r4, #1
  54              	.LVL4:
  55              	.L2:
  25:pots.c        ****     {
  56              		.loc 1 25 0 is_stmt 0 discriminator 1
  57 0014 022C     		cmp	r4, #2
  58 0016 F7DD     		ble	.L3
  28:pots.c        ****     }
  29:pots.c        **** }...
  59              		.loc 1 29 0 is_stmt 1
  60              		@ sp needed
  61              	.LVL5:
  62              	.LVL6:
  63 0018 70BD     		pop	{r4, r5, r6, pc}
  64              		.cfi_endproc
  65              	.LFE34:
  66              		.size	readPot, .-readPot
  67 001a C046     		.text
  68              	.Letext0:
  69              		.file 2 "structs.h"
  70              		.file 3 "Generated_Source\\PSoC4/ADC.h"
  71              		.section	.debug_info,"",%progbits
  72              	.Ldebug_info0:
  73 0000 1F010000 		.4byte	0x11f
  74 0004 0400     		.2byte	0x4
  75 0006 00000000 		.4byte	.Ldebug_abbrev0
  76 000a 04       		.byte	0x4
  77 000b 01       		.uleb128 0x1
  78 000c 0E000000 		.4byte	.LASF15
  79 0010 0C       		.byte	0xc
  80 0011 EB000000 		.4byte	.LASF16
  81 0015 3D010000 		.4byte	.LASF17
  82 0019 00000000 		.4byte	.Ldebug_ranges0+0
  83 001d 00000000 		.4byte	0
ARM GAS  C:\Users\DEFAUL~1.DES\AppData\Local\Temp\ccrunRDc.s 			page 3


  84 0021 00000000 		.4byte	.Ldebug_line0
  85 0025 02       		.uleb128 0x2
  86 0026 01       		.byte	0x1
  87 0027 06       		.byte	0x6
  88 0028 BF010000 		.4byte	.LASF0
  89 002c 02       		.uleb128 0x2
  90 002d 01       		.byte	0x1
  91 002e 08       		.byte	0x8
  92 002f DD000000 		.4byte	.LASF1
  93 0033 02       		.uleb128 0x2
  94 0034 02       		.byte	0x2
  95 0035 05       		.byte	0x5
  96 0036 DA010000 		.4byte	.LASF2
  97 003a 02       		.uleb128 0x2
  98 003b 02       		.byte	0x2
  99 003c 07       		.byte	0x7
 100 003d AC010000 		.4byte	.LASF3
 101 0041 02       		.uleb128 0x2
 102 0042 04       		.byte	0x4
 103 0043 05       		.byte	0x5
 104 0044 09010000 		.4byte	.LASF4
 105 0048 02       		.uleb128 0x2
 106 0049 04       		.byte	0x4
 107 004a 07       		.byte	0x7
 108 004b A9000000 		.4byte	.LASF5
 109 004f 02       		.uleb128 0x2
 110 0050 08       		.byte	0x8
 111 0051 05       		.byte	0x5
 112 0052 00000000 		.4byte	.LASF6
 113 0056 02       		.uleb128 0x2
 114 0057 08       		.byte	0x8
 115 0058 07       		.byte	0x7
 116 0059 BB000000 		.4byte	.LASF7
 117 005d 03       		.uleb128 0x3
 118 005e 04       		.byte	0x4
 119 005f 05       		.byte	0x5
 120 0060 696E7400 		.ascii	"int\000"
 121 0064 02       		.uleb128 0x2
 122 0065 04       		.byte	0x4
 123 0066 07       		.byte	0x7
 124 0067 9C000000 		.4byte	.LASF8
 125 006b 02       		.uleb128 0x2
 126 006c 04       		.byte	0x4
 127 006d 04       		.byte	0x4
 128 006e D2000000 		.4byte	.LASF9
 129 0072 02       		.uleb128 0x2
 130 0073 08       		.byte	0x8
 131 0074 04       		.byte	0x4
 132 0075 22010000 		.4byte	.LASF10
 133 0079 02       		.uleb128 0x2
 134 007a 01       		.byte	0x1
 135 007b 08       		.byte	0x8
 136 007c D8000000 		.4byte	.LASF11
 137 0080 02       		.uleb128 0x2
 138 0081 08       		.byte	0x8
 139 0082 04       		.byte	0x4
 140 0083 29010000 		.4byte	.LASF12
ARM GAS  C:\Users\DEFAUL~1.DES\AppData\Local\Temp\ccrunRDc.s 			page 4


 141 0087 02       		.uleb128 0x2
 142 0088 04       		.byte	0x4
 143 0089 07       		.byte	0x7
 144 008a E4010000 		.4byte	.LASF13
 145 008e 04       		.uleb128 0x4
 146 008f 04       		.byte	0x4
 147 0090 05       		.uleb128 0x5
 148 0091 0C       		.byte	0xc
 149 0092 02       		.byte	0x2
 150 0093 0E       		.byte	0xe
 151 0094 A5000000 		.4byte	0xa5
 152 0098 06       		.uleb128 0x6
 153 0099 D3010000 		.4byte	.LASF18
 154 009d 02       		.byte	0x2
 155 009e 10       		.byte	0x10
 156 009f A5000000 		.4byte	0xa5
 157 00a3 00       		.byte	0
 158 00a4 00       		.byte	0
 159 00a5 07       		.uleb128 0x7
 160 00a6 5D000000 		.4byte	0x5d
 161 00aa B5000000 		.4byte	0xb5
 162 00ae 08       		.uleb128 0x8
 163 00af 87000000 		.4byte	0x87
 164 00b3 02       		.byte	0x2
 165 00b4 00       		.byte	0
 166 00b5 09       		.uleb128 0x9
 167 00b6 CB010000 		.4byte	.LASF19
 168 00ba 02       		.byte	0x2
 169 00bb 11       		.byte	0x11
 170 00bc 90000000 		.4byte	0x90
 171 00c0 0A       		.uleb128 0xa
 172 00c1 35010000 		.4byte	.LASF20
 173 00c5 01       		.byte	0x1
 174 00c6 14       		.byte	0x14
 175 00c7 00000000 		.4byte	.LFB34
 176 00cb 1A000000 		.4byte	.LFE34-.LFB34
 177 00cf 01       		.uleb128 0x1
 178 00d0 9C       		.byte	0x9c
 179 00d1 11010000 		.4byte	0x111
 180 00d5 0B       		.uleb128 0xb
 181 00d6 FD000000 		.4byte	.LASF21
 182 00da 01       		.byte	0x1
 183 00db 14       		.byte	0x14
 184 00dc 8E000000 		.4byte	0x8e
 185 00e0 00000000 		.4byte	.LLST0
 186 00e4 0C       		.uleb128 0xc
 187 00e5 F2000000 		.4byte	.LASF14
 188 00e9 01       		.byte	0x1
 189 00ea 16       		.byte	0x16
 190 00eb 11010000 		.4byte	0x111
 191 00ef 2C000000 		.4byte	.LLST1
 192 00f3 0D       		.uleb128 0xd
 193 00f4 6900     		.ascii	"i\000"
 194 00f6 01       		.byte	0x1
 195 00f7 18       		.byte	0x18
 196 00f8 5D000000 		.4byte	0x5d
 197 00fc 58000000 		.4byte	.LLST2
ARM GAS  C:\Users\DEFAUL~1.DES\AppData\Local\Temp\ccrunRDc.s 			page 5


 198 0100 0E       		.uleb128 0xe
 199 0101 0E000000 		.4byte	.LVL3
 200 0105 17010000 		.4byte	0x117
 201 0109 0F       		.uleb128 0xf
 202 010a 01       		.uleb128 0x1
 203 010b 50       		.byte	0x50
 204 010c 02       		.uleb128 0x2
 205 010d 74       		.byte	0x74
 206 010e 00       		.sleb128 0
 207 010f 00       		.byte	0
 208 0110 00       		.byte	0
 209 0111 10       		.uleb128 0x10
 210 0112 04       		.byte	0x4
 211 0113 B5000000 		.4byte	0xb5
 212 0117 11       		.uleb128 0x11
 213 0118 12010000 		.4byte	.LASF22
 214 011c 12010000 		.4byte	.LASF22
 215 0120 03       		.byte	0x3
 216 0121 A0       		.byte	0xa0
 217 0122 00       		.byte	0
 218              		.section	.debug_abbrev,"",%progbits
 219              	.Ldebug_abbrev0:
 220 0000 01       		.uleb128 0x1
 221 0001 11       		.uleb128 0x11
 222 0002 01       		.byte	0x1
 223 0003 25       		.uleb128 0x25
 224 0004 0E       		.uleb128 0xe
 225 0005 13       		.uleb128 0x13
 226 0006 0B       		.uleb128 0xb
 227 0007 03       		.uleb128 0x3
 228 0008 0E       		.uleb128 0xe
 229 0009 1B       		.uleb128 0x1b
 230 000a 0E       		.uleb128 0xe
 231 000b 55       		.uleb128 0x55
 232 000c 17       		.uleb128 0x17
 233 000d 11       		.uleb128 0x11
 234 000e 01       		.uleb128 0x1
 235 000f 10       		.uleb128 0x10
 236 0010 17       		.uleb128 0x17
 237 0011 00       		.byte	0
 238 0012 00       		.byte	0
 239 0013 02       		.uleb128 0x2
 240 0014 24       		.uleb128 0x24
 241 0015 00       		.byte	0
 242 0016 0B       		.uleb128 0xb
 243 0017 0B       		.uleb128 0xb
 244 0018 3E       		.uleb128 0x3e
 245 0019 0B       		.uleb128 0xb
 246 001a 03       		.uleb128 0x3
 247 001b 0E       		.uleb128 0xe
 248 001c 00       		.byte	0
 249 001d 00       		.byte	0
 250 001e 03       		.uleb128 0x3
 251 001f 24       		.uleb128 0x24
 252 0020 00       		.byte	0
 253 0021 0B       		.uleb128 0xb
 254 0022 0B       		.uleb128 0xb
ARM GAS  C:\Users\DEFAUL~1.DES\AppData\Local\Temp\ccrunRDc.s 			page 6


 255 0023 3E       		.uleb128 0x3e
 256 0024 0B       		.uleb128 0xb
 257 0025 03       		.uleb128 0x3
 258 0026 08       		.uleb128 0x8
 259 0027 00       		.byte	0
 260 0028 00       		.byte	0
 261 0029 04       		.uleb128 0x4
 262 002a 0F       		.uleb128 0xf
 263 002b 00       		.byte	0
 264 002c 0B       		.uleb128 0xb
 265 002d 0B       		.uleb128 0xb
 266 002e 00       		.byte	0
 267 002f 00       		.byte	0
 268 0030 05       		.uleb128 0x5
 269 0031 13       		.uleb128 0x13
 270 0032 01       		.byte	0x1
 271 0033 0B       		.uleb128 0xb
 272 0034 0B       		.uleb128 0xb
 273 0035 3A       		.uleb128 0x3a
 274 0036 0B       		.uleb128 0xb
 275 0037 3B       		.uleb128 0x3b
 276 0038 0B       		.uleb128 0xb
 277 0039 01       		.uleb128 0x1
 278 003a 13       		.uleb128 0x13
 279 003b 00       		.byte	0
 280 003c 00       		.byte	0
 281 003d 06       		.uleb128 0x6
 282 003e 0D       		.uleb128 0xd
 283 003f 00       		.byte	0
 284 0040 03       		.uleb128 0x3
 285 0041 0E       		.uleb128 0xe
 286 0042 3A       		.uleb128 0x3a
 287 0043 0B       		.uleb128 0xb
 288 0044 3B       		.uleb128 0x3b
 289 0045 0B       		.uleb128 0xb
 290 0046 49       		.uleb128 0x49
 291 0047 13       		.uleb128 0x13
 292 0048 38       		.uleb128 0x38
 293 0049 0B       		.uleb128 0xb
 294 004a 00       		.byte	0
 295 004b 00       		.byte	0
 296 004c 07       		.uleb128 0x7
 297 004d 01       		.uleb128 0x1
 298 004e 01       		.byte	0x1
 299 004f 49       		.uleb128 0x49
 300 0050 13       		.uleb128 0x13
 301 0051 01       		.uleb128 0x1
 302 0052 13       		.uleb128 0x13
 303 0053 00       		.byte	0
 304 0054 00       		.byte	0
 305 0055 08       		.uleb128 0x8
 306 0056 21       		.uleb128 0x21
 307 0057 00       		.byte	0
 308 0058 49       		.uleb128 0x49
 309 0059 13       		.uleb128 0x13
 310 005a 2F       		.uleb128 0x2f
 311 005b 0B       		.uleb128 0xb
ARM GAS  C:\Users\DEFAUL~1.DES\AppData\Local\Temp\ccrunRDc.s 			page 7


 312 005c 00       		.byte	0
 313 005d 00       		.byte	0
 314 005e 09       		.uleb128 0x9
 315 005f 16       		.uleb128 0x16
 316 0060 00       		.byte	0
 317 0061 03       		.uleb128 0x3
 318 0062 0E       		.uleb128 0xe
 319 0063 3A       		.uleb128 0x3a
 320 0064 0B       		.uleb128 0xb
 321 0065 3B       		.uleb128 0x3b
 322 0066 0B       		.uleb128 0xb
 323 0067 49       		.uleb128 0x49
 324 0068 13       		.uleb128 0x13
 325 0069 00       		.byte	0
 326 006a 00       		.byte	0
 327 006b 0A       		.uleb128 0xa
 328 006c 2E       		.uleb128 0x2e
 329 006d 01       		.byte	0x1
 330 006e 3F       		.uleb128 0x3f
 331 006f 19       		.uleb128 0x19
 332 0070 03       		.uleb128 0x3
 333 0071 0E       		.uleb128 0xe
 334 0072 3A       		.uleb128 0x3a
 335 0073 0B       		.uleb128 0xb
 336 0074 3B       		.uleb128 0x3b
 337 0075 0B       		.uleb128 0xb
 338 0076 27       		.uleb128 0x27
 339 0077 19       		.uleb128 0x19
 340 0078 11       		.uleb128 0x11
 341 0079 01       		.uleb128 0x1
 342 007a 12       		.uleb128 0x12
 343 007b 06       		.uleb128 0x6
 344 007c 40       		.uleb128 0x40
 345 007d 18       		.uleb128 0x18
 346 007e 9742     		.uleb128 0x2117
 347 0080 19       		.uleb128 0x19
 348 0081 01       		.uleb128 0x1
 349 0082 13       		.uleb128 0x13
 350 0083 00       		.byte	0
 351 0084 00       		.byte	0
 352 0085 0B       		.uleb128 0xb
 353 0086 05       		.uleb128 0x5
 354 0087 00       		.byte	0
 355 0088 03       		.uleb128 0x3
 356 0089 0E       		.uleb128 0xe
 357 008a 3A       		.uleb128 0x3a
 358 008b 0B       		.uleb128 0xb
 359 008c 3B       		.uleb128 0x3b
 360 008d 0B       		.uleb128 0xb
 361 008e 49       		.uleb128 0x49
 362 008f 13       		.uleb128 0x13
 363 0090 02       		.uleb128 0x2
 364 0091 17       		.uleb128 0x17
 365 0092 00       		.byte	0
 366 0093 00       		.byte	0
 367 0094 0C       		.uleb128 0xc
 368 0095 34       		.uleb128 0x34
ARM GAS  C:\Users\DEFAUL~1.DES\AppData\Local\Temp\ccrunRDc.s 			page 8


 369 0096 00       		.byte	0
 370 0097 03       		.uleb128 0x3
 371 0098 0E       		.uleb128 0xe
 372 0099 3A       		.uleb128 0x3a
 373 009a 0B       		.uleb128 0xb
 374 009b 3B       		.uleb128 0x3b
 375 009c 0B       		.uleb128 0xb
 376 009d 49       		.uleb128 0x49
 377 009e 13       		.uleb128 0x13
 378 009f 02       		.uleb128 0x2
 379 00a0 17       		.uleb128 0x17
 380 00a1 00       		.byte	0
 381 00a2 00       		.byte	0
 382 00a3 0D       		.uleb128 0xd
 383 00a4 34       		.uleb128 0x34
 384 00a5 00       		.byte	0
 385 00a6 03       		.uleb128 0x3
 386 00a7 08       		.uleb128 0x8
 387 00a8 3A       		.uleb128 0x3a
 388 00a9 0B       		.uleb128 0xb
 389 00aa 3B       		.uleb128 0x3b
 390 00ab 0B       		.uleb128 0xb
 391 00ac 49       		.uleb128 0x49
 392 00ad 13       		.uleb128 0x13
 393 00ae 02       		.uleb128 0x2
 394 00af 17       		.uleb128 0x17
 395 00b0 00       		.byte	0
 396 00b1 00       		.byte	0
 397 00b2 0E       		.uleb128 0xe
 398 00b3 898201   		.uleb128 0x4109
 399 00b6 01       		.byte	0x1
 400 00b7 11       		.uleb128 0x11
 401 00b8 01       		.uleb128 0x1
 402 00b9 31       		.uleb128 0x31
 403 00ba 13       		.uleb128 0x13
 404 00bb 00       		.byte	0
 405 00bc 00       		.byte	0
 406 00bd 0F       		.uleb128 0xf
 407 00be 8A8201   		.uleb128 0x410a
 408 00c1 00       		.byte	0
 409 00c2 02       		.uleb128 0x2
 410 00c3 18       		.uleb128 0x18
 411 00c4 9142     		.uleb128 0x2111
 412 00c6 18       		.uleb128 0x18
 413 00c7 00       		.byte	0
 414 00c8 00       		.byte	0
 415 00c9 10       		.uleb128 0x10
 416 00ca 0F       		.uleb128 0xf
 417 00cb 00       		.byte	0
 418 00cc 0B       		.uleb128 0xb
 419 00cd 0B       		.uleb128 0xb
 420 00ce 49       		.uleb128 0x49
 421 00cf 13       		.uleb128 0x13
 422 00d0 00       		.byte	0
 423 00d1 00       		.byte	0
 424 00d2 11       		.uleb128 0x11
 425 00d3 2E       		.uleb128 0x2e
ARM GAS  C:\Users\DEFAUL~1.DES\AppData\Local\Temp\ccrunRDc.s 			page 9


 426 00d4 00       		.byte	0
 427 00d5 3F       		.uleb128 0x3f
 428 00d6 19       		.uleb128 0x19
 429 00d7 3C       		.uleb128 0x3c
 430 00d8 19       		.uleb128 0x19
 431 00d9 6E       		.uleb128 0x6e
 432 00da 0E       		.uleb128 0xe
 433 00db 03       		.uleb128 0x3
 434 00dc 0E       		.uleb128 0xe
 435 00dd 3A       		.uleb128 0x3a
 436 00de 0B       		.uleb128 0xb
 437 00df 3B       		.uleb128 0x3b
 438 00e0 0B       		.uleb128 0xb
 439 00e1 00       		.byte	0
 440 00e2 00       		.byte	0
 441 00e3 00       		.byte	0
 442              		.section	.debug_loc,"",%progbits
 443              	.Ldebug_loc0:
 444              	.LLST0:
 445 0000 00000000 		.4byte	.LVL0
 446 0004 08000000 		.4byte	.LVL2
 447 0008 0100     		.2byte	0x1
 448 000a 50       		.byte	0x50
 449 000b 08000000 		.4byte	.LVL2
 450 000f 18000000 		.4byte	.LVL6
 451 0013 0100     		.2byte	0x1
 452 0015 55       		.byte	0x55
 453 0016 18000000 		.4byte	.LVL6
 454 001a 1A000000 		.4byte	.LFE34
 455 001e 0400     		.2byte	0x4
 456 0020 F3       		.byte	0xf3
 457 0021 01       		.uleb128 0x1
 458 0022 50       		.byte	0x50
 459 0023 9F       		.byte	0x9f
 460 0024 00000000 		.4byte	0
 461 0028 00000000 		.4byte	0
 462              	.LLST1:
 463 002c 04000000 		.4byte	.LVL1
 464 0030 08000000 		.4byte	.LVL2
 465 0034 0100     		.2byte	0x1
 466 0036 50       		.byte	0x50
 467 0037 08000000 		.4byte	.LVL2
 468 003b 18000000 		.4byte	.LVL6
 469 003f 0100     		.2byte	0x1
 470 0041 55       		.byte	0x55
 471 0042 18000000 		.4byte	.LVL6
 472 0046 1A000000 		.4byte	.LFE34
 473 004a 0400     		.2byte	0x4
 474 004c F3       		.byte	0xf3
 475 004d 01       		.uleb128 0x1
 476 004e 50       		.byte	0x50
 477 004f 9F       		.byte	0x9f
 478 0050 00000000 		.4byte	0
 479 0054 00000000 		.4byte	0
 480              	.LLST2:
 481 0058 04000000 		.4byte	.LVL1
 482 005c 08000000 		.4byte	.LVL2
ARM GAS  C:\Users\DEFAUL~1.DES\AppData\Local\Temp\ccrunRDc.s 			page 10


 483 0060 0200     		.2byte	0x2
 484 0062 30       		.byte	0x30
 485 0063 9F       		.byte	0x9f
 486 0064 08000000 		.4byte	.LVL2
 487 0068 18000000 		.4byte	.LVL5
 488 006c 0100     		.2byte	0x1
 489 006e 54       		.byte	0x54
 490 006f 00000000 		.4byte	0
 491 0073 00000000 		.4byte	0
 492              		.section	.debug_aranges,"",%progbits
 493 0000 1C000000 		.4byte	0x1c
 494 0004 0200     		.2byte	0x2
 495 0006 00000000 		.4byte	.Ldebug_info0
 496 000a 04       		.byte	0x4
 497 000b 00       		.byte	0
 498 000c 0000     		.2byte	0
 499 000e 0000     		.2byte	0
 500 0010 00000000 		.4byte	.LFB34
 501 0014 1A000000 		.4byte	.LFE34-.LFB34
 502 0018 00000000 		.4byte	0
 503 001c 00000000 		.4byte	0
 504              		.section	.debug_ranges,"",%progbits
 505              	.Ldebug_ranges0:
 506 0000 00000000 		.4byte	.LFB34
 507 0004 1A000000 		.4byte	.LFE34
 508 0008 00000000 		.4byte	0
 509 000c 00000000 		.4byte	0
 510              		.section	.debug_line,"",%progbits
 511              	.Ldebug_line0:
 512 0000 72000000 		.section	.debug_str,"MS",%progbits,1
 512      02004A00 
 512      00000201 
 512      FB0E0D00 
 512      01010101 
 513              	.LASF6:
 514 0000 6C6F6E67 		.ascii	"long long int\000"
 514      206C6F6E 
 514      6720696E 
 514      7400
 515              	.LASF15:
 516 000e 474E5520 		.ascii	"GNU C11 5.4.1 20160609 (release) [ARM/embedded-5-br"
 516      43313120 
 516      352E342E 
 516      31203230 
 516      31363036 
 517 0041 616E6368 		.ascii	"anch revision 237715] -mcpu=cortex-m0 -mthumb -g -O"
 517      20726576 
 517      6973696F 
 517      6E203233 
 517      37373135 
 518 0074 67202D66 		.ascii	"g -ffunction-sections -ffat-lto-objects\000"
 518      66756E63 
 518      74696F6E 
 518      2D736563 
 518      74696F6E 
 519              	.LASF8:
 520 009c 756E7369 		.ascii	"unsigned int\000"
ARM GAS  C:\Users\DEFAUL~1.DES\AppData\Local\Temp\ccrunRDc.s 			page 11


 520      676E6564 
 520      20696E74 
 520      00
 521              	.LASF5:
 522 00a9 6C6F6E67 		.ascii	"long unsigned int\000"
 522      20756E73 
 522      69676E65 
 522      6420696E 
 522      7400
 523              	.LASF7:
 524 00bb 6C6F6E67 		.ascii	"long long unsigned int\000"
 524      206C6F6E 
 524      6720756E 
 524      7369676E 
 524      65642069 
 525              	.LASF9:
 526 00d2 666C6F61 		.ascii	"float\000"
 526      7400
 527              	.LASF11:
 528 00d8 63686172 		.ascii	"char\000"
 528      00
 529              	.LASF1:
 530 00dd 756E7369 		.ascii	"unsigned char\000"
 530      676E6564 
 530      20636861 
 530      7200
 531              	.LASF16:
 532 00eb 706F7473 		.ascii	"pots.c\000"
 532      2E6300
 533              	.LASF14:
 534 00f2 706F7444 		.ascii	"potDataPtr\000"
 534      61746150 
 534      747200
 535              	.LASF21:
 536 00fd 63757272 		.ascii	"currDataPtr\000"
 536      44617461 
 536      50747200 
 537              	.LASF4:
 538 0109 6C6F6E67 		.ascii	"long int\000"
 538      20696E74 
 538      00
 539              	.LASF22:
 540 0112 4144435F 		.ascii	"ADC_GetResult16\000"
 540      47657452 
 540      6573756C 
 540      74313600 
 541              	.LASF10:
 542 0122 646F7562 		.ascii	"double\000"
 542      6C6500
 543              	.LASF12:
 544 0129 6C6F6E67 		.ascii	"long double\000"
 544      20646F75 
 544      626C6500 
 545              	.LASF20:
 546 0135 72656164 		.ascii	"readPot\000"
 546      506F7400 
 547              	.LASF17:
ARM GAS  C:\Users\DEFAUL~1.DES\AppData\Local\Temp\ccrunRDc.s 			page 12


 548 013d 433A5C55 		.ascii	"C:\\Users\\Default User.DESKTOP-J8EE37M\\Documents\\"
 548      73657273 
 548      5C446566 
 548      61756C74 
 548      20557365 
 549 016d 50536F43 		.ascii	"PSoC Creator\\HuskyRobotics\\PioneerLSeries\\Pionee"
 549      20437265 
 549      61746F72 
 549      5C487573 
 549      6B79526F 
 550 019d 724C5365 		.ascii	"rLSeries.cydsn\000"
 550      72696573 
 550      2E637964 
 550      736E00
 551              	.LASF3:
 552 01ac 73686F72 		.ascii	"short unsigned int\000"
 552      7420756E 
 552      7369676E 
 552      65642069 
 552      6E7400
 553              	.LASF0:
 554 01bf 7369676E 		.ascii	"signed char\000"
 554      65642063 
 554      68617200 
 555              	.LASF19:
 556 01cb 706F7444 		.ascii	"potData\000"
 556      61746100 
 557              	.LASF18:
 558 01d3 706F7452 		.ascii	"potRaw\000"
 558      617700
 559              	.LASF2:
 560 01da 73686F72 		.ascii	"short int\000"
 560      7420696E 
 560      7400
 561              	.LASF13:
 562 01e4 73697A65 		.ascii	"sizetype\000"
 562      74797065 
 562      00
 563              		.ident	"GCC: (GNU Tools for ARM Embedded Processors) 5.4.1 20160609 (release) [ARM/embedded-5-bran
