--------------- Clean Started: 04/28/2018 12:03:09 Project: PioneerLSeries, Configuration: ARM GCC 5.4-2016-q2-update Debug ---------------
Deleting file ".\CortexM0\ARM_GCC_541\Debug\main.o"
Deleting file ".\CortexM0\ARM_GCC_541\Debug\pots.o"
Deleting file ".\CortexM0\ARM_GCC_541\Debug\scheduler.o"
Deleting file ".\CortexM0\ARM_GCC_541\Debug\display.o"
Deleting file ".\CortexM0\ARM_GCC_541\Debug\cyfitter_cfg.o"
Deleting file ".\CortexM0\ARM_GCC_541\Debug\cymetadata.o"
Deleting file ".\CortexM0\ARM_GCC_541\Debug\Cm0Start.o"
Deleting file ".\CortexM0\ARM_GCC_541\Debug\CyFlash.o"
Deleting file ".\CortexM0\ARM_GCC_541\Debug\CyLib.o"
Deleting file ".\CortexM0\ARM_GCC_541\Debug\cyPm.o"
Deleting file ".\CortexM0\ARM_GCC_541\Debug\cyutils.o"
Deleting file ".\CortexM0\ARM_GCC_541\Debug\CyBootAsmGnu.o"
Deleting file ".\CortexM0\ARM_GCC_541\Debug\CyDMA.o"
Deleting file ".\CortexM0\ARM_GCC_541\Debug\CyLFClk.o"
Deleting file ".\CortexM0\ARM_GCC_541\Debug\ADC.o"
Deleting file ".\CortexM0\ARM_GCC_541\Debug\ADC_PM.o"
Deleting file ".\CortexM0\ARM_GCC_541\Debug\ADC_INT.o"
Deleting file ".\CortexM0\ARM_GCC_541\Debug\LCD.o"
Deleting file ".\CortexM0\ARM_GCC_541\Debug\LCD_PM.o"
Deleting file ".\CortexM0\ARM_GCC_541\Debug\Pot2Pin.o"
Deleting file ".\CortexM0\ARM_GCC_541\Debug\Pot2Pin_PM.o"
Deleting file ".\CortexM0\ARM_GCC_541\Debug\Pot1Pin.o"
Deleting file ".\CortexM0\ARM_GCC_541\Debug\Pot1Pin_PM.o"
Deleting file ".\CortexM0\ARM_GCC_541\Debug\Pot0Pin.o"
Deleting file ".\CortexM0\ARM_GCC_541\Debug\Pot0Pin_PM.o"
Deleting file ".\CortexM0\ARM_GCC_541\Debug\ADC_IRQ.o"
Deleting file ".\CortexM0\ARM_GCC_541\Debug\ADC_intClock.o"
Deleting file ".\CortexM0\ARM_GCC_541\Debug\LCD_LCDPort.o"
Deleting file ".\CortexM0\ARM_GCC_541\Debug\LCD_LCDPort_PM.o"
Deleting file ".\CortexM0\ARM_GCC_541\Debug\cy_em_eeprom.o"
Deleting file ".\CortexM0\ARM_GCC_541\Debug\PioneerLSeries.hex"
Deleting file ".\CortexM0\ARM_GCC_541\Debug\PioneerLSeries.elf"
Deleting file ".\CortexM0\ARM_GCC_541\Debug\PioneerLSeries.map"
Deleting file ".\PioneerLSeries.cycdx"
Deleting file ".\PioneerLSeries.svd"
Deleting file ".\PioneerLSeries.rpt"
Deleting file ".\PioneerLSeries_timing.html"
Deleting file ".\CortexM0\ARM_GCC_541\Debug\.deps\SOURCE_C__ARM_GCC_GENERIC.P"
Deleting file ".\CortexM0\ARM_GCC_541\Debug\.deps\SOURCE_ASM__ARM_GCC_GENERIC.P"
--------------- Clean Succeeded: 04/28/2018 12:03:09 ---------------
