--------------- Rebuild Started: 04/28/2018 14:18:03 Project: PioneerLSeries, Configuration: ARM GCC 5.4-2016-q2-update Debug ---------------
Deleting file ".\CortexM0\ARM_GCC_541\Debug\main.o"
Deleting file ".\CortexM0\ARM_GCC_541\Debug\pots.o"
Deleting file ".\CortexM0\ARM_GCC_541\Debug\scheduler.o"
Deleting file ".\CortexM0\ARM_GCC_541\Debug\display.o"
Deleting file ".\CortexM0\ARM_GCC_541\Debug\cyfitter_cfg.o"
Deleting file ".\CortexM0\ARM_GCC_541\Debug\cymetadata.o"
Deleting file ".\CortexM0\ARM_GCC_541\Debug\PWM0.o"
Deleting file ".\CortexM0\ARM_GCC_541\Debug\PWM0_PM.o"
Deleting file ".\CortexM0\ARM_GCC_541\Debug\PWM1.o"
Deleting file ".\CortexM0\ARM_GCC_541\Debug\PWM1_PM.o"
Deleting file ".\CortexM0\ARM_GCC_541\Debug\PWM2.o"
Deleting file ".\CortexM0\ARM_GCC_541\Debug\PWM2_PM.o"
Deleting file ".\CortexM0\ARM_GCC_541\Debug\Clock_1.o"
Deleting file ".\CortexM0\ARM_GCC_541\Debug\Cm0Start.o"
Deleting file ".\CortexM0\ARM_GCC_541\Debug\CyFlash.o"
Deleting file ".\CortexM0\ARM_GCC_541\Debug\CyLib.o"
Deleting file ".\CortexM0\ARM_GCC_541\Debug\cyPm.o"
Deleting file ".\CortexM0\ARM_GCC_541\Debug\cyutils.o"
Deleting file ".\CortexM0\ARM_GCC_541\Debug\CyBootAsmGnu.o"
Deleting file ".\CortexM0\ARM_GCC_541\Debug\CyDMA.o"
Deleting file ".\CortexM0\ARM_GCC_541\Debug\CyLFClk.o"
Deleting file ".\CortexM0\ARM_GCC_541\Debug\ADC.o"
Deleting file ".\CortexM0\ARM_GCC_541\Debug\ADC_PM.o"
Deleting file ".\CortexM0\ARM_GCC_541\Debug\ADC_INT.o"
Deleting file ".\CortexM0\ARM_GCC_541\Debug\LCD.o"
Deleting file ".\CortexM0\ARM_GCC_541\Debug\LCD_PM.o"
Deleting file ".\CortexM0\ARM_GCC_541\Debug\Pot2Pin.o"
Deleting file ".\CortexM0\ARM_GCC_541\Debug\Pot2Pin_PM.o"
Deleting file ".\CortexM0\ARM_GCC_541\Debug\Pot1Pin.o"
Deleting file ".\CortexM0\ARM_GCC_541\Debug\Pot1Pin_PM.o"
Deleting file ".\CortexM0\ARM_GCC_541\Debug\Pot0Pin.o"
Deleting file ".\CortexM0\ARM_GCC_541\Debug\Pot0Pin_PM.o"
Deleting file ".\CortexM0\ARM_GCC_541\Debug\ADC_IRQ.o"
Deleting file ".\CortexM0\ARM_GCC_541\Debug\ADC_intClock.o"
Deleting file ".\CortexM0\ARM_GCC_541\Debug\LCD_LCDPort.o"
Deleting file ".\CortexM0\ARM_GCC_541\Debug\LCD_LCDPort_PM.o"
Deleting file ".\CortexM0\ARM_GCC_541\Debug\cy_em_eeprom.o"
Deleting file ".\CortexM0\ARM_GCC_541\Debug\LimitPin3.o"
Deleting file ".\CortexM0\ARM_GCC_541\Debug\LimitPin3_PM.o"
Deleting file ".\CortexM0\ARM_GCC_541\Debug\LimitPin2.o"
Deleting file ".\CortexM0\ARM_GCC_541\Debug\LimitPin2_PM.o"
Deleting file ".\CortexM0\ARM_GCC_541\Debug\LimitPin1.o"
Deleting file ".\CortexM0\ARM_GCC_541\Debug\LimitPin1_PM.o"
Deleting file ".\CortexM0\ARM_GCC_541\Debug\QuadDec_1.o"
Deleting file ".\CortexM0\ARM_GCC_541\Debug\QuadDec_1_PM.o"
Deleting file ".\CortexM0\ARM_GCC_541\Debug\QuadDec_2.o"
Deleting file ".\CortexM0\ARM_GCC_541\Debug\QuadDec_2_PM.o"
Deleting file ".\CortexM0\ARM_GCC_541\Debug\QuadDec_3.o"
Deleting file ".\CortexM0\ARM_GCC_541\Debug\QuadDec_3_PM.o"
Deleting file ".\CortexM0\ARM_GCC_541\Debug\T1.o"
Deleting file ".\CortexM0\ARM_GCC_541\Debug\T1_PM.o"
Deleting file ".\CortexM0\ARM_GCC_541\Debug\R1.o"
Deleting file ".\CortexM0\ARM_GCC_541\Debug\R1_PM.o"
Deleting file ".\CortexM0\ARM_GCC_541\Debug\T2.o"
Deleting file ".\CortexM0\ARM_GCC_541\Debug\T2_PM.o"
Deleting file ".\CortexM0\ARM_GCC_541\Debug\R2.o"
Deleting file ".\CortexM0\ARM_GCC_541\Debug\R2_PM.o"
Deleting file ".\CortexM0\ARM_GCC_541\Debug\T3.o"
Deleting file ".\CortexM0\ARM_GCC_541\Debug\T3_PM.o"
Deleting file ".\CortexM0\ARM_GCC_541\Debug\R3.o"
Deleting file ".\CortexM0\ARM_GCC_541\Debug\R3_PM.o"
Deleting file ".\CortexM0\ARM_GCC_541\Debug\QuadClock.o"
Deleting file ".\CortexM0\ARM_GCC_541\Debug\PioneerLSeries.hex"
Deleting file ".\CortexM0\ARM_GCC_541\Debug\PioneerLSeries.elf"
Deleting file ".\CortexM0\ARM_GCC_541\Debug\PioneerLSeries.map"
Deleting file ".\PioneerLSeries.rpt"
Deleting file ".\PioneerLSeries_timing.html"
Deleting file ".\CortexM0\ARM_GCC_541\Debug\.deps\SOURCE_C__ARM_GCC_GENERIC.P"
Deleting file ".\CortexM0\ARM_GCC_541\Debug\.deps\SOURCE_ASM__ARM_GCC_GENERIC.P"
cydsfit.exe -.appdatapath "C:\Users\Default User.DESKTOP-J8EE37M\AppData\Local\Cypress Semiconductor\PSoC Creator\4.2" -.fdsnotice -.fdswarpdepfile=warp_dependencies.txt -.fdselabdepfile=elab_dependencies.txt -.fdsbldfile=generated_files.txt -.fdsreffile=referenced_files.txt -p "C:\Users\Default User.DESKTOP-J8EE37M\Documents\PSoC Creator\HuskyRobotics\PioneerLSeries\PioneerLSeries.cydsn\PioneerLSeries.cyprj" -d CY8C4248BZI-L489 -s "C:\Users\Default User.DESKTOP-J8EE37M\Documents\PSoC Creator\HuskyRobotics\PioneerLSeries\PioneerLSeries.cydsn\Generated_Source\PSoC4" -- -yv2 -q10 -ygs -o2 -v3 -.fftcfgtype=LE
Elaborating Design...
ADD: sdb.M0025: error: No input on Instance "isrLim1", terminal "int_signal".
 * C:\Users\Default User.DESKTOP-J8EE37M\Documents\PSoC Creator\HuskyRobotics\PioneerLSeries\PioneerLSeries.cydsn\TopDesign\TopDesign.cysch (Signal: Net_219)
 * C:\Users\Default User.DESKTOP-J8EE37M\Documents\PSoC Creator\HuskyRobotics\PioneerLSeries\PioneerLSeries.cydsn\TopDesign\TopDesign.cysch (Shape_52.1)
ADD: sdb.M0050: error: Terminal "int_signal" requires connection when it is visible.
 * C:\Users\Default User.DESKTOP-J8EE37M\Documents\PSoC Creator\HuskyRobotics\PioneerLSeries\PioneerLSeries.cydsn\TopDesign\TopDesign.cysch (Signal: Net_219)
 * C:\Users\Default User.DESKTOP-J8EE37M\Documents\PSoC Creator\HuskyRobotics\PioneerLSeries\PioneerLSeries.cydsn\TopDesign\TopDesign.cysch (Shape_52.1)
ADD: sdb.M0025: error: No input on Instance "isrLim2", terminal "int_signal".
 * C:\Users\Default User.DESKTOP-J8EE37M\Documents\PSoC Creator\HuskyRobotics\PioneerLSeries\PioneerLSeries.cydsn\TopDesign\TopDesign.cysch (Signal: Net_220)
 * C:\Users\Default User.DESKTOP-J8EE37M\Documents\PSoC Creator\HuskyRobotics\PioneerLSeries\PioneerLSeries.cydsn\TopDesign\TopDesign.cysch (Shape_53.1)
ADD: sdb.M0050: error: Terminal "int_signal" requires connection when it is visible.
 * C:\Users\Default User.DESKTOP-J8EE37M\Documents\PSoC Creator\HuskyRobotics\PioneerLSeries\PioneerLSeries.cydsn\TopDesign\TopDesign.cysch (Signal: Net_220)
 * C:\Users\Default User.DESKTOP-J8EE37M\Documents\PSoC Creator\HuskyRobotics\PioneerLSeries\PioneerLSeries.cydsn\TopDesign\TopDesign.cysch (Shape_53.1)
Error: fit.M0050: The fitter aborted due to errors, please address all errors and rebuild. (App=cydsfit)
--------------- Rebuild Failed: 04/28/2018 14:18:09 ---------------
